<?xml version='1.0' encoding='UTF-8'?><?xml-stylesheet href="https://www.blogger.com/styles/atom.css" type="text/css"?><feed xmlns='http://www.w3.org/2005/Atom' xmlns:openSearch='http://a9.com/-/spec/opensearchrss/1.0/' xmlns:gd='http://schemas.google.com/g/2005' xmlns:thr='http://purl.org/syndication/thread/1.0' xmlns:georss='http://www.georss.org/georss'><id>tag:blogger.com,1999:blog-8208713778176397612.archive</id><updated>2019-12-27T17:35:53.277+11:00</updated><title type='text'>test blog</title><link rel='http://schemas.google.com/g/2005#feed' type='application/atom+xml' href='https://www.blogger.com/feeds/8208713778176397612/archive'/><link rel='self' type='application/atom+xml' href='https://www.blogger.com/feeds/8208713778176397612/archive'/><link rel='http://schemas.google.com/g/2005#post' type='application/atom+xml' href='https://www.blogger.com/feeds/8208713778176397612/archive'/><link rel='alternate' type='text/html' href='http://200ok-weblog-test.blogspot.com/'/><author><name>200ok</name><uri>https://www.blogger.com/profile/03236705748240585685</uri><email>noreply@blogger.com</email><gd:image rel='http://schemas.google.com/g/2005#thumbnail' width='32' height='32' src='//www.200ok.com.au/avatar.jpg'/></author><generator version='7.00' uri='https://www.blogger.com'>Blogger</generator><entry><id>tag:blogger.com,1999:blog-8208713778176397612.layout</id><published>2011-09-03T02:25:36.437+10:00</published><updated>2019-12-27T17:35:53.277+11:00</updated><category scheme='http://schemas.google.com/g/2005#kind' term='http://schemas.google.com/blogger/2008/kind#template'/><title type='text'>Template: test blog</title><content type='text'>&lt;?xml version="1.0" encoding="UTF-8" ?&gt;
&lt;!DOCTYPE html&gt;
&lt;html b:version='2' class='v2' expr:dir='data:blog.languageDirection' expr:lang='data:blog.locale' xmlns='http://www.w3.org/1999/xhtml' xmlns:b='http://www.google.com/2005/gml/b' xmlns:data='http://www.google.com/2005/gml/data' xmlns:expr='http://www.google.com/2005/gml/expr'&gt;
  &lt;head&gt;
    &lt;meta expr:content='data:blog.isMobile         ? &amp;quot;width=device-width,initial-scale=1.0,minimum-scale=1.0,maximum-scale=1.0&amp;quot;         : &amp;quot;width=1100&amp;quot;' name='viewport'/&gt;
    &lt;b:include data='blog' name='all-head-content'/&gt;
    &lt;title&gt;&lt;data:blog.pageTitle/&gt;&lt;/title&gt;

    &lt;b:skin&gt;&lt;![CDATA[/*
-----------------------------------------------
Blogger Template Style
Name:     Simple
Designer: Blogger
URL:      www.blogger.com
----------------------------------------------- */

/* Variable definitions
   ====================
   &lt;Variable name="keycolor" description="Main Color" type="color" default="#66bbdd" value="#ffffff"/&gt;

   &lt;Group description="Page Text" selector="body"&gt;
     &lt;Variable name="body.font" description="Font" type="font"
         default="normal normal 12px Arial, Tahoma, Helvetica, FreeSans, sans-serif" value="normal normal 12px &amp;#39;Trebuchet MS&amp;#39;, Trebuchet, Verdana, sans-serif"/&gt;
     &lt;Variable name="body.text.color" description="Text Color" type="color" default="#222222" value="#666666"/&gt;
   &lt;/Group&gt;

   &lt;Group description="Backgrounds" selector=".body-fauxcolumns-outer"&gt;
     &lt;Variable name="body.background.color" description="Outer Background" type="color" default="#66bbdd" value="#ffffff"/&gt;
     &lt;Variable name="content.background.color" description="Main Background" type="color" default="#ffffff" value="#ffffff"/&gt;
     &lt;Variable name="header.background.color" description="Header Background" type="color" default="transparent" value="transparent"/&gt;
   &lt;/Group&gt;

   &lt;Group description="Links" selector=".main-outer"&gt;
     &lt;Variable name="link.color" description="Link Color" type="color" default="#2288bb" value="#2288bb"/&gt;
     &lt;Variable name="link.visited.color" description="Visited Color" type="color" default="#888888" value="#888888"/&gt;
     &lt;Variable name="link.hover.color" description="Hover Color" type="color" default="#33aaff" value="#33aaff"/&gt;
   &lt;/Group&gt;

   &lt;Group description="Blog Title" selector=".header h1"&gt;
     &lt;Variable name="header.font" description="Font" type="font"
         default="normal normal 60px Arial, Tahoma, Helvetica, FreeSans, sans-serif" value="normal normal 40px &amp;#39;Trebuchet MS&amp;#39;,Trebuchet,Verdana,sans-serif"/&gt;
     &lt;Variable name="header.text.color" description="Title Color" type="color" default="#3399bb"  value="#000000"/&gt;
   &lt;/Group&gt;

   &lt;Group description="Blog Description" selector=".header .description"&gt;
     &lt;Variable name="description.text.color" description="Description Color" type="color"
         default="#777777"  value="#000000"/&gt;
   &lt;/Group&gt;

   &lt;Group description="Tabs Text" selector=".tabs-inner .widget li a"&gt;
     &lt;Variable name="tabs.font" description="Font" type="font"
         default="normal normal 14px Arial, Tahoma, Helvetica, FreeSans, sans-serif" value="normal normal 12px &amp;#39;Trebuchet MS&amp;#39;, Trebuchet, Verdana, sans-serif"/&gt;
     &lt;Variable name="tabs.text.color" description="Text Color" type="color" default="#999999" value="#000000"/&gt;
     &lt;Variable name="tabs.selected.text.color" description="Selected Color" type="color" default="#000000" value="#000000"/&gt;
   &lt;/Group&gt;

   &lt;Group description="Tabs Background" selector=".tabs-outer .PageList"&gt;
     &lt;Variable name="tabs.background.color" description="Background Color" type="color" default="#f5f5f5" value="transparent"/&gt;
     &lt;Variable name="tabs.selected.background.color" description="Selected Color" type="color" default="#eeeeee" value="#eeeeee"/&gt;
   &lt;/Group&gt;

   &lt;Group description="Post Title" selector="h3.post-title, .comments h4"&gt;
     &lt;Variable name="post.title.font" description="Font" type="font"
         default="normal normal 22px Arial, Tahoma, Helvetica, FreeSans, sans-serif" value="normal normal 22px &amp;#39;Trebuchet MS&amp;#39;,Trebuchet,Verdana,sans-serif"/&gt;
   &lt;/Group&gt;

   &lt;Group description="Date Header" selector=".date-header"&gt;
     &lt;Variable name="date.header.color" description="Text Color" type="color"
         default="$(body.text.color)" value="#ffffff"/&gt;
     &lt;Variable name="date.header.background.color" description="Background Color" type="color"
         default="transparent" value="#bbbbbb"/&gt;
     &lt;Variable name="date.header.font" description="Text Font" type="font"
         default="normal bold 11px Arial, Tahoma, Helvetica, FreeSans, sans-serif" value="normal bold 11px Arial, Tahoma, Helvetica, FreeSans, sans-serif"/&gt;
     &lt;Variable name="date.header.padding" description="Date Header Padding" type="string" default="inherit" value="0.4em"/&gt;
     &lt;Variable name="date.header.letterspacing" description="Date Header Letter Spacing" type="string" default="inherit" value="3px"/&gt;
     &lt;Variable name="date.header.margin" description="Date Header Margin" type="string" default="inherit" value="inherit"/&gt;
   &lt;/Group&gt;

   &lt;Group description="Post Footer" selector=".post-footer"&gt;
     &lt;Variable name="post.footer.text.color" description="Text Color" type="color" default="#666666" value="#666666"/&gt;
     &lt;Variable name="post.footer.background.color" description="Background Color" type="color"
         default="#f9f9f9" value="#eeeeee"/&gt;
     &lt;Variable name="post.footer.border.color" description="Shadow Color" type="color" default="#eeeeee" value="#eeeeee"/&gt;
   &lt;/Group&gt;

   &lt;Group description="Gadgets" selector="h2"&gt;
     &lt;Variable name="widget.title.font" description="Title Font" type="font"
         default="normal bold 11px Arial, Tahoma, Helvetica, FreeSans, sans-serif" value="normal bold 11px &amp;#39;Trebuchet MS&amp;#39;,Trebuchet,Verdana,sans-serif"/&gt;
     &lt;Variable name="widget.title.text.color" description="Title Color" type="color" default="#000000" value="#000000"/&gt;
     &lt;Variable name="widget.alternate.text.color" description="Alternate Color" type="color" default="#999999" value="#999999"/&gt;
   &lt;/Group&gt;

   &lt;Group description="Images" selector=".main-inner"&gt;
     &lt;Variable name="image.background.color" description="Background Color" type="color" default="#ffffff" value="#ffffff"/&gt;
     &lt;Variable name="image.border.color" description="Border Color" type="color" default="#eeeeee" value="#eeeeee"/&gt;
     &lt;Variable name="image.text.color" description="Caption Text Color" type="color" default="$(body.text.color)" value="#666666"/&gt;
   &lt;/Group&gt;

   &lt;Group description="Accents" selector=".content-inner"&gt;
     &lt;Variable name="body.rule.color" description="Separator Line Color" type="color" default="#eeeeee" value="transparent"/&gt;
     &lt;Variable name="tabs.border.color" description="Tabs Border Color" type="color" default="$(body.rule.color)" value="#dddddd"/&gt;
   &lt;/Group&gt;

   &lt;Variable name="body.background" description="Body Background" type="background"
       color="$(body.background.color)" default="$(color) none repeat scroll top left" value="$(color) none repeat scroll top left"/&gt;
   &lt;Variable name="body.background.override" description="Body Background Override" type="string" default="" value=""/&gt;

   &lt;Variable name="body.background.gradient.cap" description="Body Gradient Cap" type="url"
       default="url(https://resources.blogblog.com/blogblog/data/1kt/simple/gradients_light.png)" value="none"/&gt;
   &lt;Variable name="body.background.gradient.tile" description="Body Gradient Tile" type="url"
       default="url(https://resources.blogblog.com/blogblog/data/1kt/simple/body_gradient_tile_light.png)" value="none"/&gt;

   &lt;Variable name="content.background.color.selector" description="Content Background Color Selector" type="string" default=".content-inner" value=".content-inner"/&gt;
   &lt;Variable name="content.padding" description="Content Padding" type="length" default="10px" min="0" max="100px" value="10px"/&gt;
   &lt;Variable name="content.padding.horizontal" description="Content Horizontal Padding" type="length" default="$(content.padding)" min="0" max="100px" value="40px"/&gt;
   &lt;Variable name="content.shadow.spread" description="Content Shadow Spread" type="length" default="40px" min="0" max="100px" value="0"/&gt;
   &lt;Variable name="content.shadow.spread.webkit" description="Content Shadow Spread (WebKit)" type="length" default="5px" min="0" max="100px" value="0"/&gt;
   &lt;Variable name="content.shadow.spread.ie" description="Content Shadow Spread (IE)" type="length" default="10px" min="0" max="100px" value="0"/&gt;

   &lt;Variable name="main.border.width" description="Main Border Width" type="length" default="0" min="0" max="10px" value="0"/&gt;

   &lt;Variable name="header.background.gradient" description="Header Gradient" type="url" default="none" value="none"/&gt;
   &lt;Variable name="header.shadow.offset.left" description="Header Shadow Offset Left" type="length" default="-1px" min="-50px" max="50px" value="0"/&gt;
   &lt;Variable name="header.shadow.offset.top" description="Header Shadow Offset Top" type="length" default="-1px" min="-50px" max="50px" value="0"/&gt;
   &lt;Variable name="header.shadow.spread" description="Header Shadow Spread" type="length" default="1px" min="0" max="100px" value="0"/&gt;
   &lt;Variable name="header.padding" description="Header Padding" type="length" default="30px" min="0" max="100px" value="0"/&gt;

   &lt;Variable name="header.border.size" description="Header Border Size" type="length" default="1px" min="0" max="10px" value="1px"/&gt;
   &lt;Variable name="header.bottom.border.size" description="Header Bottom Border Size" type="length" default="$(header.border.size)" min="0" max="10px" value="0"/&gt;
   &lt;Variable name="header.border.horizontalsize" description="Header Horizontal Border Size" type="length" default="0" min="0" max="10px" value="1px"/&gt;

   &lt;Variable name="description.text.size" description="Description Text Size" type="string" default="140%" value="18px"/&gt;

   &lt;Variable name="tabs.margin.top" description="Tabs Margin Top" type="length" default="0" min="0" max="100px" value="0"/&gt;
   &lt;Variable name="tabs.margin.side" description="Tabs Side Margin" type="length" default="30px" min="0" max="100px" value="30px"/&gt;
   &lt;Variable name="tabs.background.gradient" description="Tabs Background Gradient" type="url"
       default="url(https://resources.blogblog.com/blogblog/data/1kt/simple/gradients_light.png)" value="none"/&gt;
   &lt;Variable name="tabs.border.width" description="Tabs Border Width" type="length" default="1px" min="0" max="10px" value="1px"/&gt;
   &lt;Variable name="tabs.bevel.border.width" description="Tabs Bevel Border Width" type="length" default="1px" min="0" max="10px" value="1px"/&gt;

   &lt;Variable name="post.margin.bottom" description="Post Bottom Margin" type="length" default="25px" min="0" max="100px" value="45px"/&gt;

   &lt;Variable name="image.border.small.size" description="Image Border Small Size" type="length" default="2px" min="0" max="10px" value="2px"/&gt;
   &lt;Variable name="image.border.large.size" description="Image Border Large Size" type="length" default="5px" min="0" max="10px" value="5px"/&gt;

   &lt;Variable name="page.width.selector" description="Page Width Selector" type="string" default=".region-inner" value=".region-inner"/&gt;
   &lt;Variable name="page.width" description="Page Width" type="string" default="auto" value="auto"/&gt;

   &lt;Variable name="main.section.margin" description="Main Section Margin" type="length" default="15px" min="0" max="100px" value="1em"/&gt;
   &lt;Variable name="main.padding" description="Main Padding" type="length" default="15px" min="0" max="100px" value="0"/&gt;
   &lt;Variable name="main.padding.top" description="Main Padding Top" type="length" default="30px" min="0" max="100px" value="35px"/&gt;
   &lt;Variable name="main.padding.bottom" description="Main Padding Bottom" type="length" default="30px" min="0" max="100px" value="65px"/&gt;

   &lt;Variable name="paging.background"
       color="$(content.background.color)"
       description="Background of blog paging area" type="background"
       default="transparent none no-repeat scroll top center" value="transparent url(https://resources.blogblog.com/blogblog/data/1kt/simple/paging_dot.png) repeat-x scroll top center"/&gt;

   &lt;Variable name="footer.bevel" description="Bevel border length of footer" type="length" default="0" min="0" max="10px" value="1px"/&gt;

   &lt;Variable name="mobile.background.overlay" description="Mobile Background Overlay" type="string"
       default="transparent none repeat scroll top left" value="transparent none repeat scroll top left"/&gt;
   &lt;Variable name="mobile.background.size" description="Mobile Background Size" type="string" default="auto" value="auto"/&gt;
   &lt;Variable name="mobile.button.color" description="Mobile Button Color" type="color" default="#ffffff"  value="#ffffff"/&gt;

   &lt;Variable name="startSide" description="Side where text starts in blog language" type="automatic" default="left"/&gt;
   &lt;Variable name="endSide" description="Side where text ends in blog language" type="automatic" default="right"/&gt;
*/

/* Content
----------------------------------------------- */
body {
  font: $(body.font);
  color: $(body.text.color);
  background: $(body.background);
  padding: 0 $(content.shadow.spread) $(content.shadow.spread) $(content.shadow.spread);
  $(body.background.override)
}

html body $(page.width.selector) {
  min-width: 0;
  max-width: 100%;
  width: $(page.width);
}

h2 {
  font-size: 22px;
}

a:link {
  text-decoration:none;
  color: $(link.color);
}

a:visited {
  text-decoration:none;
  color: $(link.visited.color);
}

a:hover {
  text-decoration:underline;
  color: $(link.hover.color);
}

.body-fauxcolumn-outer .fauxcolumn-inner {
  background: transparent $(body.background.gradient.tile) repeat scroll top left;
  _background-image: none;
}

.body-fauxcolumn-outer .cap-top {
  position: absolute;
  z-index: 1;
  height: 400px;
  width: 100%;
}

.body-fauxcolumn-outer .cap-top .cap-left {
  width: 100%;
  background: transparent $(body.background.gradient.cap) repeat-x scroll top left;
  _background-image: none;
}

.content-outer {
  -moz-box-shadow: 0 0 $(content.shadow.spread) rgba(0, 0, 0, .15);
  -webkit-box-shadow: 0 0 $(content.shadow.spread.webkit) rgba(0, 0, 0, .15);
  -goog-ms-box-shadow: 0 0 $(content.shadow.spread.ie) #333333;
  box-shadow: 0 0 $(content.shadow.spread) rgba(0, 0, 0, .15);

  margin-bottom: 1px;
}

.content-inner {
  padding: $(content.padding) $(content.padding.horizontal);
}

$(content.background.color.selector) {
  background-color: $(content.background.color);
}

/* Header
----------------------------------------------- */
.header-outer {
  background: $(header.background.color) $(header.background.gradient) repeat-x scroll 0 -400px;
  _background-image: none;
}

.Header h1 {
  font: $(header.font);
  color: $(header.text.color);
  text-shadow: $(header.shadow.offset.left) $(header.shadow.offset.top) $(header.shadow.spread) rgba(0, 0, 0, .2);
}

.Header h1 a {
  color: $(header.text.color);
}

.Header .description {
  font-size: $(description.text.size);
  color: $(description.text.color);
}

.header-inner .Header .titlewrapper {
  padding: 22px $(header.padding);
}

.header-inner .Header .descriptionwrapper {
  padding: 0 $(header.padding);
}

/* Tabs
----------------------------------------------- */
.tabs-inner .section:first-child {
  border-top: $(header.bottom.border.size) solid $(tabs.border.color);
}

.tabs-inner .section:first-child ul {
  margin-top: -$(header.border.size);
  border-top: $(header.border.size) solid $(tabs.border.color);
  border-left: $(header.border.horizontalsize) solid $(tabs.border.color);
  border-right: $(header.border.horizontalsize) solid $(tabs.border.color);
}

.tabs-inner .widget ul {
  background: $(tabs.background.color) $(tabs.background.gradient) repeat-x scroll 0 -800px;
  _background-image: none;
  border-bottom: $(tabs.border.width) solid $(tabs.border.color);

  margin-top: $(tabs.margin.top);
  margin-left: -$(tabs.margin.side);
  margin-right: -$(tabs.margin.side);
}

.tabs-inner .widget li a {
  display: inline-block;

  padding: .6em 1em;

  font: $(tabs.font);
  color: $(tabs.text.color);

  border-$startSide: $(tabs.border.width) solid $(content.background.color);
  border-$endSide: $(tabs.bevel.border.width) solid $(tabs.border.color);
}

.tabs-inner .widget li:first-child a {
  border-$startSide: none;
}

.tabs-inner .widget li.selected a, .tabs-inner .widget li a:hover {
  color: $(tabs.selected.text.color);
  background-color: $(tabs.selected.background.color);
  text-decoration: none;
}

/* Columns
----------------------------------------------- */
.main-outer {
  border-top: $(main.border.width) solid $(body.rule.color);
}

.fauxcolumn-left-outer .fauxcolumn-inner {
  border-right: 1px solid $(body.rule.color);
}

.fauxcolumn-right-outer .fauxcolumn-inner {
  border-left: 1px solid $(body.rule.color);
}

/* Headings
----------------------------------------------- */
div.widget &gt; h2,
div.widget h2.title {
  margin: 0 0 1em 0;

  font: $(widget.title.font);
  color: $(widget.title.text.color);
}

/* Widgets
----------------------------------------------- */
.widget .zippy {
  color: $(widget.alternate.text.color);
  text-shadow: 2px 2px 1px rgba(0, 0, 0, .1);
}

.widget .popular-posts ul {
  list-style: none;
}

/* Posts
----------------------------------------------- */
h2.date-header {
  font: $(date.header.font);
}

.date-header span {
  background-color: $(date.header.background.color);
  color: $(date.header.color);
  padding: $(date.header.padding);
  letter-spacing: $(date.header.letterspacing);
  margin: $(date.header.margin);
}

.main-inner {
  padding-top: $(main.padding.top);
  padding-bottom: $(main.padding.bottom);
}

.main-inner .column-center-inner {
  padding: 0 $(main.padding);
}

.main-inner .column-center-inner .section {
  margin: 0 $(main.section.margin);
}

.post {
  margin: 0 0 $(post.margin.bottom) 0;
}

h3.post-title, .comments h4 {
  font: $(post.title.font);
  margin: .75em 0 0;
}

.post-body {
  font-size: 110%;
  line-height: 1.4;
  position: relative;
}

.post-body img, .post-body .tr-caption-container, .Profile img, .Image img,
.BlogList .item-thumbnail img {
  padding: $(image.border.small.size);

  background: $(image.background.color);
  border: 1px solid $(image.border.color);

  -moz-box-shadow: 1px 1px 5px rgba(0, 0, 0, .1);
  -webkit-box-shadow: 1px 1px 5px rgba(0, 0, 0, .1);
  box-shadow: 1px 1px 5px rgba(0, 0, 0, .1);
}

.post-body img, .post-body .tr-caption-container {
  padding: $(image.border.large.size);
}

.post-body .tr-caption-container {
  color: $(image.text.color);
}

.post-body .tr-caption-container img {
  padding: 0;

  background: transparent;
  border: none;

  -moz-box-shadow: 0 0 0 rgba(0, 0, 0, .1);
  -webkit-box-shadow: 0 0 0 rgba(0, 0, 0, .1);
  box-shadow: 0 0 0 rgba(0, 0, 0, .1);
}

.post-header {
  margin: 0 0 1.5em;

  line-height: 1.6;
  font-size: 90%;
}

.post-footer {
  margin: 20px -2px 0;
  padding: 5px 10px;

  color: $(post.footer.text.color);
  background-color: $(post.footer.background.color);
  border-bottom: 1px solid $(post.footer.border.color);

  line-height: 1.6;
  font-size: 90%;
}

#comments .comment-author {
  padding-top: 1.5em;

  border-top: 1px solid $(body.rule.color);
  background-position: 0 1.5em;
}

#comments .comment-author:first-child {
  padding-top: 0;
  border-top: none;
}

.avatar-image-container {
  margin: .2em 0 0;
}

#comments .avatar-image-container img {
  border: 1px solid $(image.border.color);
}

/* Comments
----------------------------------------------- */
.comments .comments-content .icon.blog-author {
  background-repeat: no-repeat;
  background-image: url(data:image/png;base64,iVBORw0KGgoAAAANSUhEUgAAABIAAAASCAYAAABWzo5XAAAAAXNSR0IArs4c6QAAAAZiS0dEAP8A/wD/oL2nkwAAAAlwSFlzAAALEgAACxIB0t1+/AAAAAd0SU1FB9sLFwMeCjjhcOMAAAD+SURBVDjLtZSvTgNBEIe/WRRnm3U8RC1neQdsm1zSBIU9VVF1FkUguQQsD9ITmD7ECZIJSE4OZo9stoVjC/zc7ky+zH9hXwVwDpTAWWLrgS3QAe8AZgaAJI5zYAmc8r0G4AHYHQKVwII8PZrZFsBFkeRCABYiMh9BRUhnSkPTNCtVXYXURi1FpBDgArj8QU1eVXUzfnjv7yP7kwu1mYrkWlU33vs1QNu2qU8pwN0UpKoqokjWwCztrMuBhEhmh8bD5UDqur75asbcX0BGUB9/HAMB+r32hznJgXy2v0sGLBcyAJ1EK3LFcbo1s91JeLwAbwGYu7TP/3ZGfnXYPgAVNngtqatUNgAAAABJRU5ErkJggg==);
}

.comments .comments-content .loadmore a {
  border-top: 1px solid $(widget.alternate.text.color);
  border-bottom: 1px solid $(widget.alternate.text.color);
}

.comments .comment-thread.inline-thread {
  background-color: $(post.footer.background.color);
}

.comments .continue {
  border-top: 2px solid $(widget.alternate.text.color);
}

/* Accents
---------------------------------------------- */
.section-columns td.columns-cell {
  border-$startSide: 1px solid $(body.rule.color);
}

.blog-pager {
  background: $(paging.background);
}

.blog-pager-older-link, .home-link,
.blog-pager-newer-link {
  background-color: $(content.background.color);
  padding: 5px;
}

.footer-outer {
  border-top: $(footer.bevel) dashed #bbbbbb;
}

/* Mobile
----------------------------------------------- */
body.mobile  {
  background-size: $(mobile.background.size);
}

.mobile .body-fauxcolumn-outer {
  background: $(mobile.background.overlay);
}

.mobile .body-fauxcolumn-outer .cap-top {
  background-size: 100% auto;
}

.mobile .content-outer {
  -webkit-box-shadow: 0 0 3px rgba(0, 0, 0, .15);
  box-shadow: 0 0 3px rgba(0, 0, 0, .15);
}

.mobile .tabs-inner .widget ul {
  margin-left: 0;
  margin-right: 0;
}

.mobile .post {
  margin: 0;
}

.mobile .main-inner .column-center-inner .section {
  margin: 0;
}

.mobile .date-header span {
  padding: 0.1em 10px;
  margin: 0 -10px;
}

.mobile h3.post-title {
  margin: 0;
}

.mobile .blog-pager {
  background: transparent none no-repeat scroll top center;
}

.mobile .footer-outer {
  border-top: none;
}

.mobile .main-inner, .mobile .footer-inner {
  background-color: $(content.background.color);
}

.mobile-index-contents {
  color: $(body.text.color);
}

.mobile-link-button {
  background-color: $(link.color);
}

.mobile-link-button a:link, .mobile-link-button a:visited {
  color: $(mobile.button.color);
}

.mobile .tabs-inner .section:first-child {
  border-top: none;
}

.mobile .tabs-inner .PageList .widget-content {
  background-color: $(tabs.selected.background.color);
  color: $(tabs.selected.text.color);
  border-top: $(tabs.border.width) solid $(tabs.border.color);
  border-bottom: $(tabs.border.width) solid $(tabs.border.color);
}

.mobile .tabs-inner .PageList .widget-content .pagelist-arrow {
  border-$startSide: 1px solid $(tabs.border.color);
}
]]&gt;&lt;/b:skin&gt;

    &lt;b:template-skin&gt;
      &lt;b:variable default='960px' name='content.width' type='length'/&gt;
      &lt;b:variable default='0' name='main.column.left.width' type='length'/&gt;
      &lt;b:variable default='310px' name='main.column.right.width' type='length'/&gt;

      &lt;![CDATA[
      body {
        min-width: $(content.width);
      }

      .content-outer, .content-fauxcolumn-outer, .region-inner {
        min-width: $(content.width);
        max-width: $(content.width);
        _width: $(content.width);
      }

      .main-inner .columns {
        padding-left: $(main.column.left.width);
        padding-right: $(main.column.right.width);
      }

      .main-inner .fauxcolumn-center-outer {
        left: $(main.column.left.width);
        right: $(main.column.right.width);
        /* IE6 does not respect left and right together */
        _width: expression(this.parentNode.offsetWidth -
            parseInt("$(main.column.left.width)") -
            parseInt("$(main.column.right.width)") + 'px');
      }

      .main-inner .fauxcolumn-left-outer {
        width: $(main.column.left.width);
      }

      .main-inner .fauxcolumn-right-outer {
        width: $(main.column.right.width);
      }

      .main-inner .column-left-outer {
        width: $(main.column.left.width);
        right: 100%;
        margin-left: -$(main.column.left.width);
      }

      .main-inner .column-right-outer {
        width: $(main.column.right.width);
        margin-right: -$(main.column.right.width);
      }

      #layout {
        min-width: 0;
      }

      #layout .content-outer {
        min-width: 0;
        width: 800px;
      }

      #layout .region-inner {
        min-width: 0;
        width: auto;
      }

      body#layout div.add_widget {
        padding: 8px;
      }

      body#layout div.add_widget a {
        margin-left: 32px;
      }
      ]]&gt;
    &lt;/b:template-skin&gt;

    &lt;b:if cond='data:skin.vars.body_background.image.isResizable'&gt;
      &lt;b:include cond='not data:view.isPreview' data='{                          image: data:skin.vars.body_background.image,                          selector: &amp;quot;body&amp;quot;                        }' name='responsiveImageStyle'/&gt;
    &lt;/b:if&gt;

    &lt;b:include data='blog' name='google-analytics'/&gt;
  &lt;/head&gt;

  &lt;body expr:class='&amp;quot;loading&amp;quot; + data:blog.mobileClass'&gt;
  &lt;b:section class='navbar' id='navbar' maxwidgets='1' name='Navbar' showaddelement='no'&gt;
    &lt;b:widget id='Navbar1' locked='true' title='Navbar' type='Navbar'&gt;
      &lt;b:includable id='main'&gt;&amp;lt;script type=&amp;quot;text/javascript&amp;quot;&amp;gt;
    function setAttributeOnload(object, attribute, val) {
      if(window.addEventListener) {
        window.addEventListener(&amp;#39;load&amp;#39;,
          function(){ object[attribute] = val; }, false);
      } else {
        window.attachEvent(&amp;#39;onload&amp;#39;, function(){ object[attribute] = val; });
      }
    }
  &amp;lt;/script&amp;gt;
&amp;lt;div id=&amp;quot;navbar-iframe-container&amp;quot;&amp;gt;&amp;lt;/div&amp;gt;
&amp;lt;script type=&amp;quot;text/javascript&amp;quot; src=&amp;quot;https://apis.google.com/js/plusone.js&amp;quot;&amp;gt;&amp;lt;/script&amp;gt;
&amp;lt;script type=&amp;quot;text/javascript&amp;quot;&amp;gt;
      gapi.load(&amp;quot;gapi.iframes:gapi.iframes.style.bubble&amp;quot;, function() {
        if (gapi.iframes &amp;amp;&amp;amp; gapi.iframes.getContext) {
          gapi.iframes.getContext().openChild({
              url: &amp;#39;https://www.blogger.com/navbar.g?targetBlogID\x3d8208713778176397612\x26blogName\x3dthe+404gf+weblog\x26publishMode\x3dPUBLISH_MODE_BLOGSPOT\x26navbarType\x3dLIGHT\x26layoutType\x3dLAYOUTS\x26searchRoot\x3dhttps://200ok-weblog-test.blogspot.com/search\x26blogLocale\x3den_GB\x26v\x3d2\x26homepageUrl\x3dhttps://200ok-weblog-test.blogspot.com/\x26vt\x3d997389345730863154&amp;#39;,
              where: document.getElementById(&amp;quot;navbar-iframe-container&amp;quot;),
              id: &amp;quot;navbar-iframe&amp;quot;
          });
        }
      });
    &amp;lt;/script&amp;gt;&amp;lt;script type=&amp;quot;text/javascript&amp;quot;&amp;gt;
(function() {
var script = document.createElement(&amp;#39;script&amp;#39;);
script.type = &amp;#39;text/javascript&amp;#39;;
script.src = &amp;#39;//pagead2.googlesyndication.com/pagead/js/google_top_exp.js&amp;#39;;
var head = document.getElementsByTagName(&amp;#39;head&amp;#39;)[0];
if (head) {
head.appendChild(script);
}})();
&amp;lt;/script&amp;gt;
&lt;/b:includable&gt;
    &lt;/b:widget&gt;
  &lt;/b:section&gt;

  &lt;b:if cond='data:blog.pageType == &amp;quot;index&amp;quot;'&gt;
    &lt;div itemscope='itemscope' itemtype='http://schema.org/Blog' style='display: none;'&gt;
      &lt;meta expr:content='data:blog.title' itemprop='name'/&gt;
      &lt;b:if cond='data:blog.metaDescription'&gt;
        &lt;meta expr:content='data:blog.metaDescription' itemprop='description'/&gt;
      &lt;/b:if&gt;
    &lt;/div&gt;
  &lt;/b:if&gt;

  &lt;div class='body-fauxcolumns'&gt;
    &lt;div class='fauxcolumn-outer body-fauxcolumn-outer'&gt;
    &lt;div class='cap-top'&gt;
      &lt;div class='cap-left'/&gt;
      &lt;div class='cap-right'/&gt;
    &lt;/div&gt;
    &lt;div class='fauxborder-left'&gt;
    &lt;div class='fauxborder-right'/&gt;
    &lt;div class='fauxcolumn-inner'&gt;
    &lt;/div&gt;
    &lt;/div&gt;
    &lt;div class='cap-bottom'&gt;
      &lt;div class='cap-left'/&gt;
      &lt;div class='cap-right'/&gt;
    &lt;/div&gt;
    &lt;/div&gt;
  &lt;/div&gt;

  &lt;div class='content'&gt;
  &lt;div class='content-fauxcolumns'&gt;
    &lt;div class='fauxcolumn-outer content-fauxcolumn-outer'&gt;
    &lt;div class='cap-top'&gt;
      &lt;div class='cap-left'/&gt;
      &lt;div class='cap-right'/&gt;
    &lt;/div&gt;
    &lt;div class='fauxborder-left'&gt;
    &lt;div class='fauxborder-right'/&gt;
    &lt;div class='fauxcolumn-inner'&gt;
    &lt;/div&gt;
    &lt;/div&gt;
    &lt;div class='cap-bottom'&gt;
      &lt;div class='cap-left'/&gt;
      &lt;div class='cap-right'/&gt;
    &lt;/div&gt;
    &lt;/div&gt;
  &lt;/div&gt;

  &lt;div class='content-outer'&gt;
  &lt;div class='content-cap-top cap-top'&gt;
    &lt;div class='cap-left'/&gt;
    &lt;div class='cap-right'/&gt;
  &lt;/div&gt;
  &lt;div class='fauxborder-left content-fauxborder-left'&gt;
  &lt;div class='fauxborder-right content-fauxborder-right'/&gt;
  &lt;div class='content-inner'&gt;

    &lt;header&gt;
    &lt;div class='header-outer'&gt;
    &lt;div class='header-cap-top cap-top'&gt;
      &lt;div class='cap-left'/&gt;
      &lt;div class='cap-right'/&gt;
    &lt;/div&gt;
    &lt;div class='fauxborder-left header-fauxborder-left'&gt;
    &lt;div class='fauxborder-right header-fauxborder-right'/&gt;
    &lt;div class='region-inner header-inner'&gt;
      &lt;b:section class='header' id='header' maxwidgets='1' name='Header' showaddelement='no'&gt;
        &lt;b:widget id='Header1' locked='true' title='test blog (Header)' type='Header'&gt;
          &lt;b:widget-settings&gt;
            &lt;b:widget-setting name='displayUrl'/&gt;
            &lt;b:widget-setting name='displayHeight'&gt;0&lt;/b:widget-setting&gt;
            &lt;b:widget-setting name='sectionWidth'&gt;-1&lt;/b:widget-setting&gt;
            &lt;b:widget-setting name='useImage'&gt;false&lt;/b:widget-setting&gt;
            &lt;b:widget-setting name='shrinkToFit'&gt;false&lt;/b:widget-setting&gt;
            &lt;b:widget-setting name='imagePlacement'&gt;BEHIND&lt;/b:widget-setting&gt;
            &lt;b:widget-setting name='displayWidth'&gt;0&lt;/b:widget-setting&gt;
          &lt;/b:widget-settings&gt;
          &lt;b:includable id='main'&gt;

  &lt;b:if cond='data:useImage'&gt;
    &lt;b:if cond='data:imagePlacement == &amp;quot;BEHIND&amp;quot;'&gt;
      &lt;!--
      Show image as background to text. You can't really calculate the width
      reliably in JS because margins are not taken into account by any of
      clientWidth, offsetWidth or scrollWidth, so we don't force a minimum
      width if the user is using shrink to fit.
      This results in a margin-width's worth of pixels being cropped. If the
      user is not using shrink to fit then we expand the header.
      --&gt;
      &lt;b:if cond='data:mobile'&gt;
        &lt;div id='header-inner'&gt;
          &lt;div class='titlewrapper' style='background: transparent'&gt;
            &lt;h1 class='title' style='background: transparent; border-width: 0px'&gt;
              &lt;b:include name='title'/&gt;
            &lt;/h1&gt;
          &lt;/div&gt;
          &lt;b:include name='description'/&gt;
        &lt;/div&gt;
      &lt;b:else/&gt;
        &lt;div expr:style='&amp;quot;background-image: url(\&amp;quot;&amp;quot; + data:sourceUrl + &amp;quot;\&amp;quot;); &amp;quot;                      + &amp;quot;background-position: &amp;quot;                      + data:backgroundPositionStyleStr + &amp;quot;; &amp;quot;                      + data:widthStyleStr                      + &amp;quot;min-height: &amp;quot; + data:height                      + &amp;quot;_height: &amp;quot; + data:height                      + &amp;quot;background-repeat: no-repeat; &amp;quot;' id='header-inner'&gt;
          &lt;div class='titlewrapper' style='background: transparent'&gt;
            &lt;h1 class='title' style='background: transparent; border-width: 0px'&gt;
              &lt;b:include name='title'/&gt;
            &lt;/h1&gt;
          &lt;/div&gt;
          &lt;b:include name='description'/&gt;
        &lt;/div&gt;
      &lt;/b:if&gt;
    &lt;b:else/&gt;
      &lt;!--Show the image only--&gt;
      &lt;div id='header-inner'&gt;
        &lt;a expr:href='data:blog.homepageUrl' style='display: block'&gt;
          &lt;img expr:alt='data:title' expr:height='data:height' expr:id='data:widget.instanceId + &amp;quot;_headerimg&amp;quot;' expr:src='data:sourceUrl' expr:width='data:width' style='display: block'/&gt;
        &lt;/a&gt;
        &lt;!--Show the description--&gt;
        &lt;b:if cond='data:imagePlacement == &amp;quot;BEFORE_DESCRIPTION&amp;quot;'&gt;
          &lt;b:include name='description'/&gt;
        &lt;/b:if&gt;
      &lt;/div&gt;
    &lt;/b:if&gt;
  &lt;b:else/&gt;
    &lt;!--No header image --&gt;
    &lt;div id='header-inner'&gt;
      &lt;div class='titlewrapper'&gt;
        &lt;h1 class='title'&gt;
          &lt;b:include name='title'/&gt;
        &lt;/h1&gt;
      &lt;/div&gt;
      &lt;b:include name='description'/&gt;
    &lt;/div&gt;
  &lt;/b:if&gt;
&lt;/b:includable&gt;
          &lt;b:includable id='description'&gt;
  &lt;div class='descriptionwrapper'&gt;
    &lt;p class='description'&gt;&lt;span&gt;&lt;data:description/&gt;&lt;/span&gt;&lt;/p&gt;
  &lt;/div&gt;
&lt;/b:includable&gt;
          &lt;b:includable id='title'&gt;
  &lt;b:tag cond='data:blog.url != data:blog.homepageUrl' expr:href='data:blog.homepageUrl' name='a'&gt;
    &lt;data:title/&gt;
  &lt;/b:tag&gt;
&lt;/b:includable&gt;
        &lt;/b:widget&gt;
      &lt;/b:section&gt;
    &lt;/div&gt;
    &lt;/div&gt;
    &lt;div class='header-cap-bottom cap-bottom'&gt;
      &lt;div class='cap-left'/&gt;
      &lt;div class='cap-right'/&gt;
    &lt;/div&gt;
    &lt;/div&gt;
    &lt;/header&gt;

    &lt;div class='tabs-outer'&gt;
    &lt;div class='tabs-cap-top cap-top'&gt;
      &lt;div class='cap-left'/&gt;
      &lt;div class='cap-right'/&gt;
    &lt;/div&gt;
    &lt;div class='fauxborder-left tabs-fauxborder-left'&gt;
    &lt;div class='fauxborder-right tabs-fauxborder-right'/&gt;
    &lt;div class='region-inner tabs-inner'&gt;
      &lt;b:section class='tabs' id='crosscol' maxwidgets='1' name='Cross-Column' showaddelement='yes'/&gt;
      &lt;b:section class='tabs' id='crosscol-overflow' name='Cross-Column 2' showaddelement='no'/&gt;
    &lt;/div&gt;
    &lt;/div&gt;
    &lt;div class='tabs-cap-bottom cap-bottom'&gt;
      &lt;div class='cap-left'/&gt;
      &lt;div class='cap-right'/&gt;
    &lt;/div&gt;
    &lt;/div&gt;

    &lt;div class='main-outer'&gt;
    &lt;div class='main-cap-top cap-top'&gt;
      &lt;div class='cap-left'/&gt;
      &lt;div class='cap-right'/&gt;
    &lt;/div&gt;

    &lt;div class='fauxborder-left main-fauxborder-left'&gt;
    &lt;div class='fauxborder-right main-fauxborder-right'/&gt;
    &lt;div class='region-inner main-inner'&gt;

      &lt;div class='columns fauxcolumns'&gt;

        &lt;div class='fauxcolumn-outer fauxcolumn-center-outer'&gt;
        &lt;div class='cap-top'&gt;
          &lt;div class='cap-left'/&gt;
          &lt;div class='cap-right'/&gt;
        &lt;/div&gt;
        &lt;div class='fauxborder-left'&gt;
        &lt;div class='fauxborder-right'/&gt;
        &lt;div class='fauxcolumn-inner'&gt;
        &lt;/div&gt;
        &lt;/div&gt;
        &lt;div class='cap-bottom'&gt;
          &lt;div class='cap-left'/&gt;
          &lt;div class='cap-right'/&gt;
        &lt;/div&gt;
        &lt;/div&gt;

        &lt;div class='fauxcolumn-outer fauxcolumn-left-outer'&gt;
        &lt;div class='cap-top'&gt;
          &lt;div class='cap-left'/&gt;
          &lt;div class='cap-right'/&gt;
        &lt;/div&gt;
        &lt;div class='fauxborder-left'&gt;
        &lt;div class='fauxborder-right'/&gt;
        &lt;div class='fauxcolumn-inner'&gt;
        &lt;/div&gt;
        &lt;/div&gt;
        &lt;div class='cap-bottom'&gt;
          &lt;div class='cap-left'/&gt;
          &lt;div class='cap-right'/&gt;
        &lt;/div&gt;
        &lt;/div&gt;

        &lt;div class='fauxcolumn-outer fauxcolumn-right-outer'&gt;
        &lt;div class='cap-top'&gt;
          &lt;div class='cap-left'/&gt;
          &lt;div class='cap-right'/&gt;
        &lt;/div&gt;
        &lt;div class='fauxborder-left'&gt;
        &lt;div class='fauxborder-right'/&gt;
        &lt;div class='fauxcolumn-inner'&gt;
        &lt;/div&gt;
        &lt;/div&gt;
        &lt;div class='cap-bottom'&gt;
          &lt;div class='cap-left'/&gt;
          &lt;div class='cap-right'/&gt;
        &lt;/div&gt;
        &lt;/div&gt;

        &lt;!-- corrects IE6 width calculation --&gt;
        &lt;div class='columns-inner'&gt;

        &lt;div class='column-center-outer'&gt;
        &lt;div class='column-center-inner'&gt;
          &lt;b:section class='main' id='main' name='Main' showaddelement='no'&gt;
            &lt;b:widget id='Blog1' locked='true' title='Blog Posts' type='Blog'&gt;
              &lt;b:widget-settings&gt;
                &lt;b:widget-setting name='showDateHeader'&gt;true&lt;/b:widget-setting&gt;
                &lt;b:widget-setting name='style.textcolor'&gt;#666666&lt;/b:widget-setting&gt;
                &lt;b:widget-setting name='showShareButtons'&gt;false&lt;/b:widget-setting&gt;
                &lt;b:widget-setting name='showCommentLink'&gt;false&lt;/b:widget-setting&gt;
                &lt;b:widget-setting name='style.urlcolor'&gt;#666666&lt;/b:widget-setting&gt;
                &lt;b:widget-setting name='showAuthor'&gt;false&lt;/b:widget-setting&gt;
                &lt;b:widget-setting name='disableGooglePlusShare'&gt;true&lt;/b:widget-setting&gt;
                &lt;b:widget-setting name='style.linkcolor'&gt;#2288bb&lt;/b:widget-setting&gt;
                &lt;b:widget-setting name='style.unittype'&gt;TextAndImage&lt;/b:widget-setting&gt;
                &lt;b:widget-setting name='style.bgcolor'&gt;#ffffff&lt;/b:widget-setting&gt;
                &lt;b:widget-setting name='showAuthorProfile'&gt;false&lt;/b:widget-setting&gt;
                &lt;b:widget-setting name='style.layout'&gt;1x1&lt;/b:widget-setting&gt;
                &lt;b:widget-setting name='showLabels'&gt;true&lt;/b:widget-setting&gt;
                &lt;b:widget-setting name='showLocation'&gt;false&lt;/b:widget-setting&gt;
                &lt;b:widget-setting name='postLabelsLabel'&gt;Filed under:&lt;/b:widget-setting&gt;
                &lt;b:widget-setting name='showTimestamp'&gt;true&lt;/b:widget-setting&gt;
                &lt;b:widget-setting name='postsPerAd'&gt;1&lt;/b:widget-setting&gt;
                &lt;b:widget-setting name='showBacklinks'&gt;false&lt;/b:widget-setting&gt;
                &lt;b:widget-setting name='style.bordercolor'&gt;#ffffff&lt;/b:widget-setting&gt;
                &lt;b:widget-setting name='showInlineAds'&gt;false&lt;/b:widget-setting&gt;
                &lt;b:widget-setting name='showReactions'&gt;false&lt;/b:widget-setting&gt;
              &lt;/b:widget-settings&gt;
              &lt;b:includable id='main' var='top'&gt;
  &lt;b:if cond='!data:mobile'&gt;
    &lt;!-- posts --&gt;
    &lt;div class='blog-posts hfeed'&gt;

      &lt;b:include data='top' name='status-message'/&gt;

      &lt;b:loop values='data:posts' var='post'&gt;
        &lt;b:if cond='data:post.isDateStart and not data:post.isFirstPost'&gt;
          &amp;lt;/div&amp;gt;&amp;lt;/div&amp;gt;
        &lt;/b:if&gt;
        &lt;b:if cond='data:post.isDateStart'&gt;
          &amp;lt;div class=&amp;quot;date-outer&amp;quot;&amp;gt;
        &lt;/b:if&gt;
        &lt;b:if cond='data:post.dateHeader'&gt;
          &lt;h2 class='date-header'&gt;&lt;span&gt;&lt;data:post.dateHeader/&gt;&lt;/span&gt;&lt;/h2&gt;
        &lt;/b:if&gt;
        &lt;b:if cond='data:post.isDateStart'&gt;
          &amp;lt;div class=&amp;quot;date-posts&amp;quot;&amp;gt;
        &lt;/b:if&gt;
        &lt;div class='post-outer'&gt;
          &lt;b:include data='post' name='post'/&gt;
          &lt;b:include cond='data:blog.pageType in {&amp;quot;static_page&amp;quot;,&amp;quot;item&amp;quot;}' data='post' name='comment_picker'/&gt;
        &lt;/div&gt;

        &lt;!-- Ad --&gt;
        &lt;b:if cond='data:post.includeAd'&gt;
          &lt;div class='inline-ad'&gt;
            &lt;data:adCode/&gt;
          &lt;/div&gt;
        &lt;/b:if&gt;
      &lt;/b:loop&gt;
      &lt;b:if cond='data:numPosts != 0'&gt;
        &amp;lt;/div&amp;gt;&amp;lt;/div&amp;gt;
      &lt;/b:if&gt;
    &lt;/div&gt;

    &lt;!-- navigation --&gt;
    &lt;b:include name='nextprev'/&gt;

    &lt;!-- feed links --&gt;
    &lt;b:include name='feedLinks'/&gt;

  &lt;b:else/&gt;
    &lt;b:include name='mobile-main'/&gt;
  &lt;/b:if&gt;

  &lt;b:include cond='data:top.showPlusOne' name='googlePlusBootstrap'/&gt;
&lt;/b:includable&gt;
              &lt;b:includable id='backlinkDeleteIcon' var='backlink'&gt;
  &lt;span expr:class='&amp;quot;item-control &amp;quot; + data:backlink.adminClass'&gt;
    &lt;a expr:href='data:backlink.deleteUrl' expr:title='data:top.deleteBacklinkMsg'&gt;
      &lt;img src='https://resources.blogblog.com/img/icon_delete13.gif'/&gt;
    &lt;/a&gt;
  &lt;/span&gt;
&lt;/b:includable&gt;
              &lt;b:includable id='backlinks' var='post'&gt;
  &lt;a name='links'/&gt;&lt;h4&gt;&lt;data:post.backlinksLabel/&gt;&lt;/h4&gt;
  &lt;b:if cond='data:post.numBacklinks != 0'&gt;
    &lt;dl class='comments-block' id='comments-block'&gt;
      &lt;b:loop values='data:post.backlinks' var='backlink'&gt;
        &lt;div class='collapsed-backlink backlink-control'&gt;
          &lt;dt class='comment-title'&gt;
            &lt;span class='backlink-toggle-zippy'&gt;&amp;#160;&lt;/span&gt;
            &lt;a expr:href='data:backlink.url' rel='nofollow'&gt;&lt;data:backlink.title/&gt;&lt;/a&gt;
            &lt;b:include data='backlink' name='backlinkDeleteIcon'/&gt;
          &lt;/dt&gt;
          &lt;dd class='comment-body collapseable'&gt;
            &lt;data:backlink.snippet/&gt;
          &lt;/dd&gt;
          &lt;dd class='comment-footer collapseable'&gt;
            &lt;span class='comment-author'&gt;&lt;data:post.authorLabel/&gt; &lt;data:backlink.author/&gt;&lt;/span&gt;
            &lt;span class='comment-timestamp'&gt;&lt;data:post.timestampLabel/&gt; &lt;data:backlink.timestamp/&gt;&lt;/span&gt;
          &lt;/dd&gt;
        &lt;/div&gt;
      &lt;/b:loop&gt;
    &lt;/dl&gt;
  &lt;/b:if&gt;
  &lt;p class='comment-footer'&gt;
    &lt;a class='comment-link' expr:href='data:post.createLinkUrl' expr:id='data:widget.instanceId + &amp;quot;_backlinks-create-link&amp;quot;' target='_blank'&gt;&lt;data:post.createLinkLabel/&gt;&lt;/a&gt;
  &lt;/p&gt;
&lt;/b:includable&gt;
              &lt;b:includable id='comment-form' var='post'&gt;
  &lt;div class='comment-form'&gt;
    &lt;a name='comment-form'/&gt;
    &lt;b:if cond='data:mobile'&gt;
      &lt;h4 id='comment-post-message'&gt;
        &lt;a expr:id='data:widget.instanceId + &amp;quot;_comment-editor-toggle-link&amp;quot;' href='javascript:void(0)'&gt;&lt;data:postCommentMsg/&gt;&lt;/a&gt;&lt;/h4&gt;
      &lt;p&gt;&lt;data:blogCommentMessage/&gt;&lt;/p&gt;
      &lt;data:blogTeamBlogMessage/&gt;
      &lt;a expr:href='data:post.commentFormIframeSrc' id='comment-editor-src'/&gt;
      &lt;iframe allowtransparency='true' class='blogger-iframe-colorize blogger-comment-from-post' expr:height='data:cmtIframeInitialHeight' frameborder='0' id='comment-editor' name='comment-editor' src='' style='display: none' width='100%'/&gt;
    &lt;b:else/&gt;
      &lt;h4 id='comment-post-message'&gt;&lt;data:postCommentMsg/&gt;&lt;/h4&gt;
      &lt;p&gt;&lt;data:blogCommentMessage/&gt;&lt;/p&gt;
      &lt;data:blogTeamBlogMessage/&gt;
      &lt;a expr:href='data:post.commentFormIframeSrc' id='comment-editor-src'/&gt;
      &lt;iframe allowtransparency='true' class='blogger-iframe-colorize blogger-comment-from-post' expr:height='data:cmtIframeInitialHeight' frameborder='0' id='comment-editor' name='comment-editor' src='' width='100%'/&gt;
    &lt;/b:if&gt;
    &lt;data:post.cmtfpIframe/&gt;
    &lt;script type='text/javascript'&gt;
      BLOG_CMT_createIframe(&amp;#39;&lt;data:post.appRpcRelayPath/&gt;&amp;#39;);
    &lt;/script&gt;
  &lt;/div&gt;
&lt;/b:includable&gt;
              &lt;b:includable id='commentDeleteIcon' var='comment'&gt;
  &lt;span expr:class='&amp;quot;item-control &amp;quot; + data:comment.adminClass'&gt;
    &lt;b:if cond='data:showCmtPopup'&gt;
      &lt;div class='goog-toggle-button'&gt;
        &lt;div class='goog-inline-block comment-action-icon'/&gt;
      &lt;/div&gt;
    &lt;b:else/&gt;
      &lt;a class='comment-delete' expr:href='data:comment.deleteUrl' expr:title='data:top.deleteCommentMsg'&gt;
        &lt;img src='https://resources.blogblog.com/img/icon_delete13.gif'/&gt;
      &lt;/a&gt;
    &lt;/b:if&gt;
  &lt;/span&gt;
&lt;/b:includable&gt;
              &lt;b:includable id='comment_count_picker' var='post'&gt;
  &lt;b:if cond='data:post.commentSource == 1'&gt;
    &lt;span class='cmt_count_iframe_holder' expr:data-count='data:post.numComments' expr:data-onclick='data:post.addCommentOnclick' expr:data-post-url='data:post.url' expr:data-url='data:post.url.canonical.http'&gt;
    &lt;/span&gt;
  &lt;b:else/&gt;
    &lt;a class='comment-link' expr:href='data:post.addCommentUrl' expr:onclick='data:post.addCommentOnclick'&gt;
      &lt;data:post.commentLabelFull/&gt;:
    &lt;/a&gt;
  &lt;/b:if&gt;
&lt;/b:includable&gt;
              &lt;b:includable id='comment_picker' var='post'&gt;
  &lt;b:if cond='data:post.commentSource == 1'&gt;
    &lt;b:include data='post' name='iframe_comments'/&gt;
  &lt;b:elseif cond='data:post.showThreadedComments'/&gt;
    &lt;b:include data='post' name='threaded_comments'/&gt;
  &lt;b:else/&gt;
    &lt;b:include data='post' name='comments'/&gt;
  &lt;/b:if&gt;
&lt;/b:includable&gt;
              &lt;b:includable id='comments' var='post'&gt;
  &lt;div class='comments' id='comments'&gt;
    &lt;a name='comments'/&gt;
    &lt;b:if cond='data:post.allowComments'&gt;
      &lt;h4&gt;&lt;data:post.commentLabelFull/&gt;:&lt;/h4&gt;

      &lt;b:if cond='data:post.commentPagingRequired'&gt;
        &lt;span class='paging-control-container'&gt;
          &lt;b:if cond='data:post.hasOlderLinks'&gt;
            &lt;a expr:class='data:post.oldLinkClass' expr:href='data:post.oldestLinkUrl'&gt;&lt;data:post.oldestLinkText/&gt;&lt;/a&gt;
              &amp;#160;
            &lt;a expr:class='data:post.oldLinkClass' expr:href='data:post.olderLinkUrl'&gt;&lt;data:post.olderLinkText/&gt;&lt;/a&gt;
              &amp;#160;
          &lt;/b:if&gt;

          &lt;data:post.commentRangeText/&gt;

          &lt;b:if cond='data:post.hasNewerLinks'&gt;
            &amp;#160;
            &lt;a expr:class='data:post.newLinkClass' expr:href='data:post.newerLinkUrl'&gt;&lt;data:post.newerLinkText/&gt;&lt;/a&gt;
            &amp;#160;
            &lt;a expr:class='data:post.newLinkClass' expr:href='data:post.newestLinkUrl'&gt;&lt;data:post.newestLinkText/&gt;&lt;/a&gt;
          &lt;/b:if&gt;
        &lt;/span&gt;
      &lt;/b:if&gt;

      &lt;div expr:id='data:widget.instanceId + &amp;quot;_comments-block-wrapper&amp;quot;'&gt;
        &lt;dl expr:class='data:post.avatarIndentClass' id='comments-block'&gt;
          &lt;b:loop values='data:post.comments' var='comment'&gt;
            &lt;dt expr:class='&amp;quot;comment-author &amp;quot; + data:comment.authorClass' expr:id='data:comment.anchorName'&gt;
              &lt;b:if cond='data:comment.favicon'&gt;
                &lt;img expr:src='data:comment.favicon' height='16px' style='margin-bottom:-2px;' width='16px'/&gt;
              &lt;/b:if&gt;
              &lt;a expr:name='data:comment.anchorName'/&gt;
              &lt;b:if cond='data:blog.enabledCommentProfileImages'&gt;
                &lt;data:comment.authorAvatarImage/&gt;
              &lt;/b:if&gt;
              &lt;b:if cond='data:comment.authorUrl'&gt;
                &lt;a expr:href='data:comment.authorUrl' rel='nofollow'&gt;&lt;data:comment.author/&gt;&lt;/a&gt;
              &lt;b:else/&gt;
                &lt;data:comment.author/&gt;
              &lt;/b:if&gt;
              &lt;data:commentPostedByMsg/&gt;
            &lt;/dt&gt;
            &lt;dd class='comment-body' expr:id='data:widget.instanceId + data:comment.cmtBodyIdPostfix'&gt;
              &lt;b:if cond='data:comment.isDeleted'&gt;
                &lt;span class='deleted-comment'&gt;&lt;data:comment.body/&gt;&lt;/span&gt;
              &lt;b:else/&gt;
                &lt;p&gt;
                  &lt;data:comment.body/&gt;
                &lt;/p&gt;
              &lt;/b:if&gt;
            &lt;/dd&gt;
            &lt;dd class='comment-footer'&gt;
              &lt;span class='comment-timestamp'&gt;
                &lt;a expr:href='data:comment.url' title='comment permalink'&gt;
                  &lt;data:comment.timestamp/&gt;
                &lt;/a&gt;
                &lt;b:include data='comment' name='commentDeleteIcon'/&gt;
              &lt;/span&gt;
            &lt;/dd&gt;
          &lt;/b:loop&gt;
        &lt;/dl&gt;
      &lt;/div&gt;

      &lt;b:if cond='data:post.commentPagingRequired'&gt;
        &lt;span class='paging-control-container'&gt;
          &lt;a expr:class='data:post.oldLinkClass' expr:href='data:post.oldestLinkUrl'&gt;
            &lt;data:post.oldestLinkText/&gt;
          &lt;/a&gt;
          &lt;a expr:class='data:post.oldLinkClass' expr:href='data:post.olderLinkUrl'&gt;
            &lt;data:post.olderLinkText/&gt;
          &lt;/a&gt;
          &amp;#160;
          &lt;data:post.commentRangeText/&gt;
          &amp;#160;
          &lt;a expr:class='data:post.newLinkClass' expr:href='data:post.newerLinkUrl'&gt;
            &lt;data:post.newerLinkText/&gt;
          &lt;/a&gt;
          &lt;a expr:class='data:post.newLinkClass' expr:href='data:post.newestLinkUrl'&gt;
            &lt;data:post.newestLinkText/&gt;
          &lt;/a&gt;
        &lt;/span&gt;
      &lt;/b:if&gt;

      &lt;p class='comment-footer'&gt;
        &lt;b:if cond='data:post.embedCommentForm'&gt;
          &lt;b:if cond='data:post.allowNewComments'&gt;
            &lt;b:include data='post' name='comment-form'/&gt;
          &lt;b:else/&gt;
            &lt;data:post.noNewCommentsText/&gt;
          &lt;/b:if&gt;
        &lt;b:elseif cond='data:post.allowComments'/&gt;
          &lt;a expr:href='data:post.addCommentUrl' expr:onclick='data:post.addCommentOnclick'&gt;&lt;data:postCommentMsg/&gt;&lt;/a&gt;
        &lt;/b:if&gt;
      &lt;/p&gt;
    &lt;/b:if&gt;
    &lt;b:if cond='data:showCmtPopup'&gt;
      &lt;div id='comment-popup'&gt;
        &lt;iframe allowtransparency='true' frameborder='0' id='comment-actions' name='comment-actions' scrolling='no'&gt;
        &lt;/iframe&gt;
      &lt;/div&gt;
    &lt;/b:if&gt;

    &lt;div id='backlinks-container'&gt;
    &lt;div expr:id='data:widget.instanceId + &amp;quot;_backlinks-container&amp;quot;'&gt;
       &lt;b:include cond='data:post.showBacklinks' data='post' name='backlinks'/&gt;
    &lt;/div&gt;
    &lt;/div&gt;
  &lt;/div&gt;
&lt;/b:includable&gt;
              &lt;b:includable id='feedLinks'&gt;
  &lt;b:if cond='data:blog.pageType != &amp;quot;item&amp;quot;'&gt; &lt;!-- Blog feed links --&gt;
    &lt;b:if cond='data:feedLinks'&gt;
      &lt;div class='blog-feeds'&gt;
        &lt;b:include data='feedLinks' name='feedLinksBody'/&gt;
      &lt;/div&gt;
    &lt;/b:if&gt;

  &lt;b:else/&gt; &lt;!--Post feed links --&gt;
    &lt;div class='post-feeds'&gt;
      &lt;b:loop values='data:posts' var='post'&gt;
        &lt;b:include cond='data:post.allowComments and data:post.feedLinks' data='post.feedLinks' name='feedLinksBody'/&gt;
      &lt;/b:loop&gt;
    &lt;/div&gt;
  &lt;/b:if&gt;
&lt;/b:includable&gt;
              &lt;b:includable id='feedLinksBody' var='links'&gt;
  &lt;div class='feed-links'&gt;
  &lt;data:feedLinksMsg/&gt;
  &lt;b:loop values='data:links' var='f'&gt;
     &lt;a class='feed-link' expr:href='data:f.url' expr:type='data:f.mimeType' target='_blank'&gt;&lt;data:f.name/&gt; (&lt;data:f.feedType/&gt;)&lt;/a&gt;
  &lt;/b:loop&gt;
  &lt;/div&gt;
&lt;/b:includable&gt;
              &lt;b:includable id='iframe_comments' var='post'&gt;

  &lt;b:if cond='data:post.allowIframeComments'&gt;
    &lt;script expr:src='data:post.iframeCommentSrc' type='text/javascript'/&gt;
    &lt;div class='cmt_iframe_holder' expr:data-href='data:post.url.canonical' expr:data-viewtype='data:post.viewType'/&gt;

    &lt;b:if cond='data:post.embedCommentForm == &amp;quot;false&amp;quot;'&gt;
      &lt;a expr:href='data:post.addCommentUrl' expr:onclick='data:post.addCommentOnclick'&gt;&lt;data:postCommentMsg/&gt;&lt;/a&gt;
    &lt;/b:if&gt;
  &lt;/b:if&gt;
&lt;/b:includable&gt;
              &lt;b:includable id='mobile-index-post' var='post'&gt;
  &lt;div class='mobile-date-outer date-outer'&gt;
    &lt;b:if cond='data:post.dateHeader'&gt;
      &lt;div class='date-header'&gt;
        &lt;span&gt;&lt;data:post.dateHeader/&gt;&lt;/span&gt;
      &lt;/div&gt;
    &lt;/b:if&gt;

    &lt;div class='mobile-post-outer'&gt;
      &lt;a expr:href='data:post.url'&gt;
        &lt;h3 class='mobile-index-title entry-title' itemprop='name'&gt;
          &lt;data:post.title/&gt;
        &lt;/h3&gt;

        &lt;div class='mobile-index-arrow'&gt;&amp;amp;rsaquo;&lt;/div&gt;

        &lt;div class='mobile-index-contents'&gt;
          &lt;b:if cond='data:post.thumbnailUrl'&gt;
            &lt;div class='mobile-index-thumbnail'&gt;
              &lt;div class='Image'&gt;
                &lt;img expr:src='data:post.thumbnailUrl'/&gt;
              &lt;/div&gt;
            &lt;/div&gt;
          &lt;/b:if&gt;

          &lt;div class='post-body'&gt;
            &lt;b:if cond='data:post.snippet'&gt;&lt;data:post.snippet/&gt;&lt;/b:if&gt;
          &lt;/div&gt;
        &lt;/div&gt;

        &lt;div style='clear: both;'/&gt;
      &lt;/a&gt;

      &lt;div class='mobile-index-comment'&gt;
        &lt;b:include cond='data:blog.pageType != &amp;quot;static_page&amp;quot;                          and data:post.allowComments                          and data:post.numComments != 0' data='post' name='comment_count_picker'/&gt;
      &lt;/div&gt;
    &lt;/div&gt;
  &lt;/div&gt;
&lt;/b:includable&gt;
              &lt;b:includable id='mobile-main' var='top'&gt;
    &lt;!-- posts --&gt;
    &lt;div class='blog-posts hfeed'&gt;

      &lt;b:include data='top' name='status-message'/&gt;

      &lt;b:if cond='data:blog.pageType == &amp;quot;index&amp;quot;'&gt;
        &lt;b:loop values='data:posts' var='post'&gt;
          &lt;b:include data='post' name='mobile-index-post'/&gt;
        &lt;/b:loop&gt;
      &lt;b:else/&gt;
        &lt;b:loop values='data:posts' var='post'&gt;
          &lt;b:include data='post' name='mobile-post'/&gt;
        &lt;/b:loop&gt;
      &lt;/b:if&gt;
    &lt;/div&gt;

   &lt;b:include name='mobile-nextprev'/&gt;
&lt;/b:includable&gt;
              &lt;b:includable id='mobile-nextprev'&gt;
  &lt;div class='blog-pager' id='blog-pager'&gt;
    &lt;b:if cond='data:newerPageUrl'&gt;
      &lt;div class='mobile-link-button' id='blog-pager-newer-link'&gt;
      &lt;a class='blog-pager-newer-link' expr:href='data:newerPageUrl' expr:id='data:widget.instanceId + &amp;quot;_blog-pager-newer-link&amp;quot;' expr:title='data:newerPageTitle'&gt;&amp;amp;lsaquo;&lt;/a&gt;
      &lt;/div&gt;
    &lt;/b:if&gt;

    &lt;b:if cond='data:olderPageUrl'&gt;
      &lt;div class='mobile-link-button' id='blog-pager-older-link'&gt;
      &lt;a class='blog-pager-older-link' expr:href='data:olderPageUrl' expr:id='data:widget.instanceId + &amp;quot;_blog-pager-older-link&amp;quot;' expr:title='data:olderPageTitle'&gt;&amp;amp;rsaquo;&lt;/a&gt;
      &lt;/div&gt;
    &lt;/b:if&gt;

    &lt;div class='mobile-link-button' id='blog-pager-home-link'&gt;
    &lt;a class='home-link' expr:href='data:blog.homepageUrl'&gt;&lt;data:homeMsg/&gt;&lt;/a&gt;
    &lt;/div&gt;

    &lt;div class='mobile-desktop-link'&gt;
      &lt;a class='home-link' expr:href='data:desktopLinkUrl'&gt;&lt;data:desktopLinkMsg/&gt;&lt;/a&gt;
    &lt;/div&gt;

  &lt;/div&gt;
  &lt;div class='clear'/&gt;
&lt;/b:includable&gt;
              &lt;b:includable id='mobile-post' var='post'&gt;
  &lt;div class='date-outer'&gt;
    &lt;b:if cond='data:post.dateHeader'&gt;
      &lt;h2 class='date-header'&gt;&lt;span&gt;&lt;data:post.dateHeader/&gt;&lt;/span&gt;&lt;/h2&gt;
    &lt;/b:if&gt;
    &lt;div class='date-posts'&gt;
      &lt;div class='post-outer'&gt;

        &lt;div class='post hentry uncustomized-post-template' itemscope='itemscope' itemtype='http://schema.org/BlogPosting'&gt;
          &lt;b:if cond='data:post.thumbnailUrl'&gt;
            &lt;meta expr:content='data:post.thumbnailUrl' itemprop='image_url'/&gt;
          &lt;/b:if&gt;
          &lt;meta expr:content='data:blog.blogId' itemprop='blogId'/&gt;
          &lt;meta expr:content='data:post.id' itemprop='postId'/&gt;

          &lt;a expr:name='data:post.id'/&gt;
          &lt;b:if cond='data:post.title'&gt;
            &lt;h3 class='post-title entry-title' itemprop='name'&gt;
              &lt;b:if cond='data:post.link'&gt;
                &lt;a expr:href='data:post.link'&gt;&lt;data:post.title/&gt;&lt;/a&gt;
              &lt;b:elseif cond='data:post.url and data:blog.url != data:post.url'/&gt;
                &lt;a expr:href='data:post.url'&gt;&lt;data:post.title/&gt;&lt;/a&gt;
              &lt;b:else/&gt;
                &lt;data:post.title/&gt;
              &lt;/b:if&gt;
            &lt;/h3&gt;
          &lt;/b:if&gt;

          &lt;div class='post-header'&gt;
            &lt;div class='post-header-line-1'/&gt;
          &lt;/div&gt;

          &lt;div class='post-body entry-content' expr:id='&amp;quot;post-body-&amp;quot; + data:post.id' itemprop='articleBody'&gt;
            &lt;data:post.body/&gt;
            &lt;div style='clear: both;'/&gt; &lt;!-- clear for photos floats --&gt;
          &lt;/div&gt;

          &lt;div class='post-footer'&gt;
            &lt;div class='post-footer-line post-footer-line-1'&gt;
              &lt;span class='post-author vcard'&gt;
                &lt;b:if cond='data:top.showAuthor'&gt;
                  &lt;b:if cond='data:post.authorProfileUrl'&gt;
                    &lt;span class='fn' itemprop='author' itemscope='itemscope' itemtype='http://schema.org/Person'&gt;
                      &lt;meta expr:content='data:post.authorProfileUrl' itemprop='url'/&gt;
                      &lt;a expr:href='data:post.authorProfileUrl' rel='author' title='author profile'&gt;
                        &lt;span itemprop='name'&gt;&lt;data:post.author/&gt;&lt;/span&gt;
                      &lt;/a&gt;
                    &lt;/span&gt;
                  &lt;b:else/&gt;
                    &lt;span class='fn' itemprop='author' itemscope='itemscope' itemtype='http://schema.org/Person'&gt;
                      &lt;span itemprop='name'&gt;&lt;data:post.author/&gt;&lt;/span&gt;
                    &lt;/span&gt;
                  &lt;/b:if&gt;
                &lt;/b:if&gt;
              &lt;/span&gt;

              &lt;span class='post-timestamp'&gt;
                &lt;b:if cond='data:top.showTimestamp'&gt;
                  &lt;data:top.timestampLabel/&gt;
                  &lt;b:if cond='data:post.url'&gt;
                    &lt;meta expr:content='data:post.url.canonical' itemprop='url'/&gt;
                    &lt;a class='timestamp-link' expr:href='data:post.url' rel='bookmark' title='permanent link'&gt;&lt;abbr class='published' expr:title='data:post.timestampISO8601' itemprop='datePublished'&gt;&lt;data:post.timestamp/&gt;&lt;/abbr&gt;&lt;/a&gt;
                  &lt;/b:if&gt;
                &lt;/b:if&gt;
              &lt;/span&gt;

              &lt;span class='post-comment-link'&gt;
                &lt;b:include cond='data:blog.pageType not in {&amp;quot;item&amp;quot;,&amp;quot;static_page&amp;quot;}                                  and data:post.allowComments' data='post' name='comment_count_picker'/&gt;
              &lt;/span&gt;
            &lt;/div&gt;

            &lt;div class='post-footer-line post-footer-line-2'&gt;
              &lt;b:if cond='data:top.showMobileShare'&gt;
                &lt;div class='mobile-link-button goog-inline-block' id='mobile-share-button'&gt;
                  &lt;a href='javascript:void(0);'&gt;&lt;data:shareMsg/&gt;&lt;/a&gt;
                &lt;/div&gt;
              &lt;/b:if&gt;
              &lt;b:if cond='data:top.showDummy'&gt;
                &lt;div class='goog-inline-block dummy-container'&gt;&lt;data:post.dummyTag/&gt;&lt;/div&gt;
              &lt;/b:if&gt;
            &lt;/div&gt;

          &lt;/div&gt;
        &lt;/div&gt;

        &lt;b:include cond='data:blog.pageType in {&amp;quot;static_page&amp;quot;,&amp;quot;item&amp;quot;}' data='post' name='comment_picker'/&gt;
      &lt;/div&gt;
    &lt;/div&gt;
  &lt;/div&gt;
&lt;/b:includable&gt;
              &lt;b:includable id='nextprev'&gt;
  &lt;div class='blog-pager' id='blog-pager'&gt;
    &lt;b:if cond='data:newerPageUrl'&gt;
      &lt;span id='blog-pager-newer-link'&gt;
      &lt;a class='blog-pager-newer-link' expr:href='data:newerPageUrl' expr:id='data:widget.instanceId + &amp;quot;_blog-pager-newer-link&amp;quot;' expr:title='data:newerPageTitle'&gt;&lt;data:newerPageTitle/&gt;&lt;/a&gt;
      &lt;/span&gt;
    &lt;/b:if&gt;

    &lt;b:if cond='data:olderPageUrl'&gt;
      &lt;span id='blog-pager-older-link'&gt;
      &lt;a class='blog-pager-older-link' expr:href='data:olderPageUrl' expr:id='data:widget.instanceId + &amp;quot;_blog-pager-older-link&amp;quot;' expr:title='data:olderPageTitle'&gt;&lt;data:olderPageTitle/&gt;&lt;/a&gt;
      &lt;/span&gt;
    &lt;/b:if&gt;

    &lt;a class='home-link' expr:href='data:blog.homepageUrl'&gt;&lt;data:homeMsg/&gt;&lt;/a&gt;

    &lt;b:if cond='data:mobileLinkUrl'&gt;
      &lt;div class='blog-mobile-link'&gt;
        &lt;a expr:href='data:mobileLinkUrl'&gt;&lt;data:mobileLinkMsg/&gt;&lt;/a&gt;
      &lt;/div&gt;
    &lt;/b:if&gt;

  &lt;/div&gt;
  &lt;div class='clear'/&gt;
&lt;/b:includable&gt;
              &lt;b:includable id='post' var='post'&gt;
  &lt;div class='post hentry uncustomized-post-template' itemprop='blogPost' itemscope='itemscope' itemtype='http://schema.org/BlogPosting'&gt;
    &lt;b:if cond='data:post.firstImageUrl'&gt;
      &lt;meta expr:content='data:post.firstImageUrl' itemprop='image_url'/&gt;
    &lt;/b:if&gt;
    &lt;meta expr:content='data:blog.blogId' itemprop='blogId'/&gt;
    &lt;meta expr:content='data:post.id' itemprop='postId'/&gt;

    &lt;a expr:name='data:post.id'/&gt;
    &lt;b:if cond='data:post.title'&gt;
      &lt;h3 class='post-title entry-title' itemprop='name'&gt;
      &lt;b:if cond='data:post.link or (data:post.url and data:blog.url != data:post.url)'&gt;
        &lt;a expr:href='data:post.link ? data:post.link : data:post.url'&gt;&lt;data:post.title/&gt;&lt;/a&gt;
      &lt;b:else/&gt;
        &lt;data:post.title/&gt;
      &lt;/b:if&gt;
      &lt;/h3&gt;
    &lt;/b:if&gt;

    &lt;div class='post-header'&gt;
    &lt;div class='post-header-line-1'/&gt;
    &lt;/div&gt;

    &lt;!-- Then use the post body as the schema.org description, for good G+/FB snippeting. --&gt;
    &lt;div class='post-body entry-content' expr:id='&amp;quot;post-body-&amp;quot; + data:post.id' expr:itemprop='(data:blog.metaDescription ? &amp;quot;&amp;quot; : &amp;quot;description &amp;quot;) + &amp;quot;articleBody&amp;quot;'&gt;
      &lt;data:post.body/&gt;
      &lt;div style='clear: both;'/&gt; &lt;!-- clear for photos floats --&gt;
    &lt;/div&gt;

    &lt;b:if cond='data:post.hasJumpLink'&gt;
      &lt;div class='jump-link'&gt;
        &lt;a expr:href='data:post.url + &amp;quot;#more&amp;quot;' expr:title='data:post.title'&gt;&lt;data:post.jumpText/&gt;&lt;/a&gt;
      &lt;/div&gt;
    &lt;/b:if&gt;

    &lt;div class='post-footer'&gt;
    &lt;div class='post-footer-line post-footer-line-1'&gt;
      &lt;span class='post-author vcard'&gt;
        &lt;b:if cond='data:top.showAuthor'&gt;
          &lt;data:top.authorLabel/&gt;
            &lt;b:if cond='data:post.authorProfileUrl'&gt;
              &lt;span class='fn' itemprop='author' itemscope='itemscope' itemtype='http://schema.org/Person'&gt;
                &lt;meta expr:content='data:post.authorProfileUrl' itemprop='url'/&gt;
                &lt;a class='g-profile' expr:href='data:post.authorProfileUrl' rel='author' title='author profile'&gt;
                  &lt;span itemprop='name'&gt;&lt;data:post.author/&gt;&lt;/span&gt;
                &lt;/a&gt;
              &lt;/span&gt;
            &lt;b:else/&gt;
              &lt;span class='fn' itemprop='author' itemscope='itemscope' itemtype='http://schema.org/Person'&gt;
                &lt;span itemprop='name'&gt;&lt;data:post.author/&gt;&lt;/span&gt;
              &lt;/span&gt;
            &lt;/b:if&gt;
        &lt;/b:if&gt;
      &lt;/span&gt;

      &lt;span class='post-timestamp'&gt;
        &lt;b:if cond='data:top.showTimestamp'&gt;
          &lt;data:top.timestampLabel/&gt;
          &lt;b:if cond='data:post.url'&gt;
            &lt;meta expr:content='data:post.url.canonical' itemprop='url'/&gt;
            &lt;a class='timestamp-link' expr:href='data:post.url' rel='bookmark' title='permanent link'&gt;&lt;abbr class='published' expr:title='data:post.timestampISO8601' itemprop='datePublished'&gt;&lt;data:post.timestamp/&gt;&lt;/abbr&gt;&lt;/a&gt;
          &lt;/b:if&gt;
        &lt;/b:if&gt;
      &lt;/span&gt;

      &lt;span class='reaction-buttons'&gt;
        &lt;b:if cond='data:top.showReactions'&gt;
          &lt;table border='0' cellpadding='0' cellspacing='0' width='100%'&gt;&lt;tr&gt;
            &lt;td class='reactions-label-cell' nowrap='nowrap' valign='top' width='1%'&gt;
              &lt;span class='reactions-label'&gt;
              &lt;data:top.reactionsLabel/&gt;&lt;/span&gt;&amp;#160;&lt;/td&gt;
            &lt;td&gt;&lt;iframe allowtransparency='true' class='reactions-iframe' expr:src='data:post.reactionsUrl' frameborder='0' name='reactions' scrolling='no'/&gt;&lt;/td&gt;
           &lt;/tr&gt;&lt;/table&gt;
        &lt;/b:if&gt;
      &lt;/span&gt;

      &lt;span class='post-comment-link'&gt;
        &lt;b:include cond='data:blog.pageType not in {&amp;quot;item&amp;quot;,&amp;quot;static_page&amp;quot;}                          and data:post.allowComments' data='post' name='comment_count_picker'/&gt;
      &lt;/span&gt;

       &lt;!-- backlinks --&gt;
       &lt;span class='post-backlinks post-comment-link'&gt;
         &lt;b:if cond='data:blog.pageType not in {&amp;quot;item&amp;quot;,&amp;quot;static_page&amp;quot;}                      and data:post.showBacklinks'&gt;
           &lt;a class='comment-link' expr:href='data:post.url + &amp;quot;#links&amp;quot;'&gt;&lt;data:top.backlinkLabel/&gt;&lt;/a&gt;
         &lt;/b:if&gt;
       &lt;/span&gt;

      &lt;span class='post-icons'&gt;
        &lt;!-- email post links --&gt;
        &lt;b:if cond='data:post.emailPostUrl'&gt;
          &lt;span class='item-action'&gt;
          &lt;a expr:href='data:post.emailPostUrl' expr:title='data:top.emailPostMsg'&gt;
            &lt;img alt='' class='icon-action' height='13' src='https://resources.blogblog.com/img/icon18_email.gif' width='18'/&gt;
          &lt;/a&gt;
          &lt;/span&gt;
        &lt;/b:if&gt;

        &lt;!-- quickedit pencil --&gt;
        &lt;b:include data='post' name='postQuickEdit'/&gt;
      &lt;/span&gt;

      &lt;!-- share buttons --&gt;
      &lt;div class='post-share-buttons goog-inline-block'&gt;
        &lt;b:include cond='data:post.sharePostUrl' data='post' name='shareButtons'/&gt;
      &lt;/div&gt;

      &lt;/div&gt;

      &lt;div class='post-footer-line post-footer-line-2'&gt;
      &lt;span class='post-labels'&gt;
        &lt;b:if cond='data:top.showPostLabels and data:post.labels'&gt;
          &lt;data:postLabelsLabel/&gt;
          &lt;b:loop values='data:post.labels' var='label'&gt;
            &lt;a expr:href='data:label.url' rel='tag'&gt;&lt;data:label.name/&gt;&lt;/a&gt;&lt;b:if cond='not data:label.isLast'&gt;,&lt;/b:if&gt;
          &lt;/b:loop&gt;
        &lt;/b:if&gt;
      &lt;/span&gt;
      &lt;/div&gt;

      &lt;div class='post-footer-line post-footer-line-3'&gt;
      &lt;span class='post-location'&gt;
        &lt;b:if cond='data:top.showLocation and data:post.location'&gt;
          &lt;data:postLocationLabel/&gt;
          &lt;a expr:href='data:post.location.mapsUrl' target='_blank'&gt;&lt;data:post.location.name/&gt;&lt;/a&gt;
        &lt;/b:if&gt;
      &lt;/span&gt;
      &lt;/div&gt;
      &lt;b:if cond='data:post.authorAboutMe'&gt;
        &lt;div class='author-profile' itemprop='author' itemscope='itemscope' itemtype='http://schema.org/Person'&gt;
          &lt;b:if cond='data:post.authorPhoto.url'&gt;
            &lt;img expr:src='data:post.authorPhoto.url' itemprop='image' width='50px'/&gt;
          &lt;/b:if&gt;
          &lt;div&gt;
            &lt;a class='g-profile' expr:href='data:post.authorProfileUrl' itemprop='url' rel='author' title='author profile'&gt;
              &lt;span itemprop='name'&gt;&lt;data:post.author/&gt;&lt;/span&gt;
            &lt;/a&gt;
          &lt;/div&gt;
          &lt;span itemprop='description'&gt;&lt;data:post.authorAboutMe/&gt;&lt;/span&gt;
        &lt;/div&gt;
      &lt;/b:if&gt;
    &lt;/div&gt;
  &lt;/div&gt;
&lt;/b:includable&gt;
              &lt;b:includable id='postQuickEdit' var='post'&gt;
  &lt;b:if cond='data:post.editUrl'&gt;
    &lt;span expr:class='&amp;quot;item-control &amp;quot; + data:post.adminClass'&gt;
      &lt;a expr:href='data:post.editUrl' expr:title='data:top.editPostMsg'&gt;
        &lt;img alt='' class='icon-action' height='18' src='https://resources.blogblog.com/img/icon18_edit_allbkg.gif' width='18'/&gt;
      &lt;/a&gt;
    &lt;/span&gt;
  &lt;/b:if&gt;
&lt;/b:includable&gt;
              &lt;b:includable id='shareButtons' var='post'&gt;
  &lt;b:if cond='data:top.showEmailButton'&gt;&lt;a class='goog-inline-block share-button sb-email' expr:href='data:post.sharePostUrl + &amp;quot;&amp;amp;target=email&amp;quot;' expr:title='data:top.emailThisMsg' target='_blank'&gt;&lt;span class='share-button-link-text'&gt;&lt;data:top.emailThisMsg/&gt;&lt;/span&gt;&lt;/a&gt;&lt;/b:if&gt;&lt;b:if cond='data:top.showBlogThisButton'&gt;&lt;a class='goog-inline-block share-button sb-blog' expr:href='data:post.sharePostUrl + &amp;quot;&amp;amp;target=blog&amp;quot;' expr:onclick='&amp;quot;window.open(this.href, \&amp;quot;_blank\&amp;quot;, \&amp;quot;height=270,width=475\&amp;quot;); return false;&amp;quot;' expr:title='data:top.blogThisMsg' target='_blank'&gt;&lt;span class='share-button-link-text'&gt;&lt;data:top.blogThisMsg/&gt;&lt;/span&gt;&lt;/a&gt;&lt;/b:if&gt;&lt;b:if cond='data:top.showTwitterButton'&gt;&lt;a class='goog-inline-block share-button sb-twitter' expr:href='data:post.sharePostUrl + &amp;quot;&amp;amp;target=twitter&amp;quot;' expr:title='data:top.shareToTwitterMsg' target='_blank'&gt;&lt;span class='share-button-link-text'&gt;&lt;data:top.shareToTwitterMsg/&gt;&lt;/span&gt;&lt;/a&gt;&lt;/b:if&gt;&lt;b:if cond='data:top.showFacebookButton'&gt;&lt;a class='goog-inline-block share-button sb-facebook' expr:href='data:post.sharePostUrl + &amp;quot;&amp;amp;target=facebook&amp;quot;' expr:onclick='&amp;quot;window.open(this.href, \&amp;quot;_blank\&amp;quot;, \&amp;quot;height=430,width=640\&amp;quot;); return false;&amp;quot;' expr:title='data:top.shareToFacebookMsg' target='_blank'&gt;&lt;span class='share-button-link-text'&gt;&lt;data:top.shareToFacebookMsg/&gt;&lt;/span&gt;&lt;/a&gt;&lt;/b:if&gt;&lt;b:if cond='data:top.showPinterestButton'&gt;&lt;a class='goog-inline-block share-button sb-pinterest' expr:href='data:post.sharePostUrl + &amp;quot;&amp;amp;target=pinterest&amp;quot;' expr:title='data:top.shareToPinterestMsg' target='_blank'&gt;&lt;span class='share-button-link-text'&gt;&lt;data:top.shareToPinterestMsg/&gt;&lt;/span&gt;&lt;/a&gt;&lt;/b:if&gt;&lt;b:if cond='data:top.showPlusOne'&gt;&lt;div class='goog-inline-block google-plus-share-container'&gt;&lt;data:post.googlePlusShareTag/&gt;&lt;/div&gt;&lt;/b:if&gt;
&lt;/b:includable&gt;
              &lt;b:includable id='status-message'&gt;
  &lt;b:if cond='data:navMessage'&gt;
  &lt;div class='status-msg-wrap'&gt;
    &lt;div class='status-msg-body'&gt;
      &lt;data:navMessage/&gt;
    &lt;/div&gt;
    &lt;div class='status-msg-border'&gt;
      &lt;div class='status-msg-bg'&gt;
        &lt;div class='status-msg-hidden'&gt;&lt;data:navMessage/&gt;&lt;/div&gt;
      &lt;/div&gt;
    &lt;/div&gt;
  &lt;/div&gt;
  &lt;div style='clear: both;'/&gt;
  &lt;/b:if&gt;
&lt;/b:includable&gt;
              &lt;b:includable id='threaded-comment-form' var='post'&gt;
  &lt;div class='comment-form'&gt;
    &lt;a name='comment-form'/&gt;
    &lt;b:if cond='data:mobile'&gt;
      &lt;p&gt;&lt;data:blogCommentMessage/&gt;&lt;/p&gt;
      &lt;data:blogTeamBlogMessage/&gt;
      &lt;a expr:href='data:post.commentFormIframeSrc' id='comment-editor-src'/&gt;
      &lt;iframe allowtransparency='true' class='blogger-iframe-colorize blogger-comment-from-post' expr:height='data:cmtIframeInitialHeight' frameborder='0' id='comment-editor' name='comment-editor' src='' style='display: none' width='100%'/&gt;
    &lt;b:else/&gt;
      &lt;p&gt;&lt;data:blogCommentMessage/&gt;&lt;/p&gt;
      &lt;data:blogTeamBlogMessage/&gt;
      &lt;a expr:href='data:post.commentFormIframeSrc' id='comment-editor-src'/&gt;
      &lt;iframe allowtransparency='true' class='blogger-iframe-colorize blogger-comment-from-post' expr:height='data:cmtIframeInitialHeight' frameborder='0' id='comment-editor' name='comment-editor' src='' width='100%'/&gt;
    &lt;/b:if&gt;
    &lt;data:post.cmtfpIframe/&gt;
    &lt;script type='text/javascript'&gt;
      BLOG_CMT_createIframe(&amp;#39;&lt;data:post.appRpcRelayPath/&gt;&amp;#39;);
    &lt;/script&gt;
  &lt;/div&gt;
&lt;/b:includable&gt;
              &lt;b:includable id='threaded_comment_js' var='post'&gt;
  &lt;script async='async' expr:src='data:post.commentSrc' type='text/javascript'/&gt;

  &lt;script type='text/javascript'&gt;
    (function() {
      var items = &lt;data:post.commentJso/&gt;;
      var msgs = &lt;data:post.commentMsgs/&gt;;
      var config = &lt;data:post.commentConfig/&gt;;

// &lt;![CDATA[
      var cursor = null;
      if (items &amp;&amp; items.length &gt; 0) {
        cursor = parseInt(items[items.length - 1].timestamp) + 1;
      }

      var bodyFromEntry = function(entry) {
        var text = (entry &amp;&amp;
                    ((entry.content &amp;&amp; entry.content.$t) ||
                     (entry.summary &amp;&amp; entry.summary.$t))) ||
            '';
        if (entry &amp;&amp; entry.gd$extendedProperty) {
          for (var k in entry.gd$extendedProperty) {
            if (entry.gd$extendedProperty[k].name == 'blogger.contentRemoved') {
              return '&lt;span class="deleted-comment"&gt;' + text + '&lt;/span&gt;';
            }
          }
        }
        return text;
      }

      var parse = function(data) {
        cursor = null;
        var comments = [];
        if (data &amp;&amp; data.feed &amp;&amp; data.feed.entry) {
          for (var i = 0, entry; entry = data.feed.entry[i]; i++) {
            var comment = {};
            // comment ID, parsed out of the original id format
            var id = /blog-(\d+).post-(\d+)/.exec(entry.id.$t);
            comment.id = id ? id[2] : null;
            comment.body = bodyFromEntry(entry);
            comment.timestamp = Date.parse(entry.published.$t) + '';
            if (entry.author &amp;&amp; entry.author.constructor === Array) {
              var auth = entry.author[0];
              if (auth) {
                comment.author = {
                  name: (auth.name ? auth.name.$t : undefined),
                  profileUrl: (auth.uri ? auth.uri.$t : undefined),
                  avatarUrl: (auth.gd$image ? auth.gd$image.src : undefined)
                };
              }
            }
            if (entry.link) {
              if (entry.link[2]) {
                comment.link = comment.permalink = entry.link[2].href;
              }
              if (entry.link[3]) {
                var pid = /.*comments\/default\/(\d+)\?.*/.exec(entry.link[3].href);
                if (pid &amp;&amp; pid[1]) {
                  comment.parentId = pid[1];
                }
              }
            }
            comment.deleteclass = 'item-control blog-admin';
            if (entry.gd$extendedProperty) {
              for (var k in entry.gd$extendedProperty) {
                if (entry.gd$extendedProperty[k].name == 'blogger.itemClass') {
                  comment.deleteclass += ' ' + entry.gd$extendedProperty[k].value;
                } else if (entry.gd$extendedProperty[k].name == 'blogger.displayTime') {
                  comment.displayTime = entry.gd$extendedProperty[k].value;
                }
              }
            }
            comments.push(comment);
          }
        }
        return comments;
      };

      var paginator = function(callback) {
        if (hasMore()) {
          var url = config.feed + '?alt=json&amp;v=2&amp;orderby=published&amp;reverse=false&amp;max-results=50';
          if (cursor) {
            url += '&amp;published-min=' + new Date(cursor).toISOString();
          }
          window.bloggercomments = function(data) {
            var parsed = parse(data);
            cursor = parsed.length &lt; 50 ? null
                : parseInt(parsed[parsed.length - 1].timestamp) + 1
            callback(parsed);
            window.bloggercomments = null;
          }
          url += '&amp;callback=bloggercomments';
          var script = document.createElement('script');
          script.type = 'text/javascript';
          script.src = url;
          document.getElementsByTagName('head')[0].appendChild(script);
        }
      };
      var hasMore = function() {
        return !!cursor;
      };
      var getMeta = function(key, comment) {
        if ('iswriter' == key) {
          var matches = !!comment.author
              &amp;&amp; comment.author.name == config.authorName
              &amp;&amp; comment.author.profileUrl == config.authorUrl;
          return matches ? 'true' : '';
        } else if ('deletelink' == key) {
          return config.baseUri + '/delete-comment.g?blogID='
               + config.blogId + '&amp;postID=' + comment.id;
        } else if ('deleteclass' == key) {
          return comment.deleteclass;
        }
        return '';
      };

      var replybox = null;
      var replyUrlParts = null;
      var replyParent = undefined;

      var onReply = function(commentId, domId) {
        if (replybox == null) {
          // lazily cache replybox, and adjust to suit this style:
          replybox = document.getElementById('comment-editor');
          if (replybox != null) {
            replybox.height = '250px';
            replybox.style.display = 'block';
            replyUrlParts = replybox.src.split('#');
          }
        }
        if (replybox &amp;&amp; (commentId !== replyParent)) {
          replybox.src = '';
          document.getElementById(domId).insertBefore(replybox, null);
          replybox.src = replyUrlParts[0]
              + (commentId ? '&amp;parentID=' + commentId : '')
              + '#' + replyUrlParts[1];
          replyParent = commentId;
        }
      };

      var hash = (window.location.hash || '#').substring(1);
      var startThread, targetComment;
      if (/^comment-form_/.test(hash)) {
        startThread = hash.substring('comment-form_'.length);
      } else if (/^c[0-9]+$/.test(hash)) {
        targetComment = hash.substring(1);
      }

      // Configure commenting API:
      var configJso = {
        'maxDepth': config.maxThreadDepth
      };
      var provider = {
        'id': config.postId,
        'data': items,
        'loadNext': paginator,
        'hasMore': hasMore,
        'getMeta': getMeta,
        'onReply': onReply,
        'rendered': true,
        'initComment': targetComment,
        'initReplyThread': startThread,
        'config': configJso,
        'messages': msgs
      };

      var render = function() {
        if (window.goog &amp;&amp; window.goog.comments) {
          var holder = document.getElementById('comment-holder');
          window.goog.comments.render(holder, provider);
        }
      };

      // render now, or queue to render when library loads:
      if (window.goog &amp;&amp; window.goog.comments) {
        render();
      } else {
        window.goog = window.goog || {};
        window.goog.comments = window.goog.comments || {};
        window.goog.comments.loadQueue = window.goog.comments.loadQueue || [];
        window.goog.comments.loadQueue.push(render);
      }
    })();
// ]]&gt;
  &lt;/script&gt;
&lt;/b:includable&gt;
              &lt;b:includable id='threaded_comments' var='post'&gt;
  &lt;div class='comments' id='comments'&gt;
    &lt;a name='comments'/&gt;
    &lt;h4&gt;&lt;data:post.commentLabelFull/&gt;:&lt;/h4&gt;

    &lt;div class='comments-content'&gt;
      &lt;b:include cond='data:post.embedCommentForm' data='post' name='threaded_comment_js'/&gt;
      &lt;div id='comment-holder'&gt;
         &lt;data:post.commentHtml/&gt;
      &lt;/div&gt;
    &lt;/div&gt;

    &lt;p class='comment-footer'&gt;
      &lt;b:if cond='data:post.allowNewComments'&gt;
        &lt;b:include data='post' name='threaded-comment-form'/&gt;
      &lt;b:else/&gt;
        &lt;data:post.noNewCommentsText/&gt;
      &lt;/b:if&gt;
    &lt;/p&gt;

    &lt;b:if cond='data:showCmtPopup'&gt;
      &lt;div id='comment-popup'&gt;
        &lt;iframe allowtransparency='true' frameborder='0' id='comment-actions' name='comment-actions' scrolling='no'&gt;
        &lt;/iframe&gt;
      &lt;/div&gt;
    &lt;/b:if&gt;

    &lt;div id='backlinks-container'&gt;
    &lt;div expr:id='data:widget.instanceId + &amp;quot;_backlinks-container&amp;quot;'&gt;
      &lt;b:include cond='data:post.showBacklinks' data='post' name='backlinks'/&gt;
    &lt;/div&gt;
    &lt;/div&gt;
  &lt;/div&gt;
&lt;/b:includable&gt;
            &lt;/b:widget&gt;
          &lt;/b:section&gt;
        &lt;/div&gt;
        &lt;/div&gt;

        &lt;div class='column-left-outer'&gt;
        &lt;div class='column-left-inner'&gt;
          &lt;aside&gt;
          &lt;macro:include id='main-column-left-sections' name='sections'&gt;
            &lt;macro:param default='0' name='num'/&gt;
            &lt;macro:param default='sidebar-left' name='idPrefix'/&gt;
            &lt;macro:param default='sidebar' name='class'/&gt;
            &lt;macro:param default='true' name='includeBottom'/&gt;
          &lt;/macro:include&gt;
          &lt;/aside&gt;
        &lt;/div&gt;
        &lt;/div&gt;

        &lt;div class='column-right-outer'&gt;
        &lt;div class='column-right-inner'&gt;
          &lt;aside&gt;
          &lt;macro:include id='main-column-right-sections' name='sections'&gt;
            &lt;macro:param default='2' name='num'/&gt;
            &lt;macro:param default='sidebar-right' name='idPrefix'/&gt;
            &lt;macro:param default='sidebar' name='class'/&gt;
            &lt;macro:param default='true' name='includeBottom'/&gt;
          &lt;/macro:include&gt;
          &lt;/aside&gt;
        &lt;/div&gt;
        &lt;/div&gt;

        &lt;/div&gt;

        &lt;div style='clear: both'/&gt;
      &lt;!-- columns --&gt;
      &lt;/div&gt;

    &lt;!-- main --&gt;
    &lt;/div&gt;
    &lt;/div&gt;
    &lt;div class='main-cap-bottom cap-bottom'&gt;
      &lt;div class='cap-left'/&gt;
      &lt;div class='cap-right'/&gt;
    &lt;/div&gt;
    &lt;/div&gt;

    &lt;footer&gt;
    &lt;div class='footer-outer'&gt;
    &lt;div class='footer-cap-top cap-top'&gt;
      &lt;div class='cap-left'/&gt;
      &lt;div class='cap-right'/&gt;
    &lt;/div&gt;
    &lt;div class='fauxborder-left footer-fauxborder-left'&gt;
    &lt;div class='fauxborder-right footer-fauxborder-right'/&gt;
    &lt;div class='region-inner footer-inner'&gt;
      &lt;macro:include id='footer-sections' name='sections'&gt;
        &lt;macro:param default='2' name='num'/&gt;
        &lt;macro:param default='footer' name='idPrefix'/&gt;
        &lt;macro:param default='foot' name='class'/&gt;
        &lt;macro:param default='false' name='includeBottom'/&gt;
      &lt;/macro:include&gt;
      &lt;!-- outside of the include in order to lock Attribution widget --&gt;
      &lt;b:section class='foot' id='footer-3' name='Footer' showaddelement='no'&gt;
        &lt;b:widget id='Attribution1' locked='true' title='' type='Attribution'&gt;
          &lt;b:widget-settings&gt;
            &lt;b:widget-setting name='copyright'/&gt;
          &lt;/b:widget-settings&gt;
          &lt;b:includable id='main'&gt;
    &lt;div class='widget-content' style='text-align: center;'&gt;
      &lt;b:if cond='data:attribution != &amp;quot;&amp;quot;'&gt;
       &lt;data:attribution/&gt;
      &lt;/b:if&gt;
    &lt;/div&gt;

    &lt;b:include name='quickedit'/&gt;
  &lt;/b:includable&gt;
        &lt;/b:widget&gt;
      &lt;/b:section&gt;
    &lt;/div&gt;
    &lt;/div&gt;
    &lt;div class='footer-cap-bottom cap-bottom'&gt;
      &lt;div class='cap-left'/&gt;
      &lt;div class='cap-right'/&gt;
    &lt;/div&gt;
    &lt;/div&gt;
    &lt;/footer&gt;

  &lt;!-- content --&gt;
  &lt;/div&gt;
  &lt;/div&gt;
  &lt;div class='content-cap-bottom cap-bottom'&gt;
    &lt;div class='cap-left'/&gt;
    &lt;div class='cap-right'/&gt;
  &lt;/div&gt;
  &lt;/div&gt;
  &lt;/div&gt;

  &lt;script type='text/javascript'&gt;
    window.setTimeout(function() {
        document.body.className = document.body.className.replace(&amp;#39;loading&amp;#39;, &amp;#39;&amp;#39;);
      }, 10);
  &lt;/script&gt;
&lt;/body&gt;

&lt;macro:includable id='sections' var='col'&gt;
  &lt;macro:if cond='data:col.num == 0'&gt;
  &lt;macro:else/&gt;
    &lt;b:section mexpr:class='data:col.class' mexpr:id='data:col.idPrefix + &amp;quot;-1&amp;quot;' preferred='yes' showaddelement='yes'/&gt;

    &lt;macro:if cond='data:col.num &amp;gt;= 2'&gt;
      &lt;table border='0' cellpadding='0' cellspacing='0' mexpr:class='&amp;quot;section-columns columns-&amp;quot; + data:col.num'&gt;
      &lt;tbody&gt;
      &lt;tr&gt;
        &lt;td class='first columns-cell'&gt;
          &lt;b:section mexpr:class='data:col.class' mexpr:id='data:col.idPrefix + &amp;quot;-2-1&amp;quot;'/&gt;
        &lt;/td&gt;

        &lt;td class='columns-cell'&gt;
          &lt;b:section mexpr:class='data:col.class' mexpr:id='data:col.idPrefix + &amp;quot;-2-2&amp;quot;'/&gt;
        &lt;/td&gt;

        &lt;macro:if cond='data:col.num &amp;gt;= 3'&gt;
          &lt;td class='columns-cell'&gt;
            &lt;b:section mexpr:class='data:col.class' mexpr:id='data:col.idPrefix + &amp;quot;-2-3&amp;quot;'/&gt;
          &lt;/td&gt;
        &lt;/macro:if&gt;

        &lt;macro:if cond='data:col.num &amp;gt;= 4'&gt;
          &lt;td class='columns-cell'&gt;
            &lt;b:section mexpr:class='data:col.class' mexpr:id='data:col.idPrefix + &amp;quot;-2-4&amp;quot;'/&gt;
          &lt;/td&gt;
        &lt;/macro:if&gt;
      &lt;/tr&gt;
      &lt;/tbody&gt;
      &lt;/table&gt;

      &lt;macro:if cond='data:col.includeBottom'&gt;
        &lt;b:section mexpr:class='data:col.class' mexpr:id='data:col.idPrefix + &amp;quot;-3&amp;quot;' showaddelement='no'/&gt;
      &lt;/macro:if&gt;
    &lt;/macro:if&gt;
  &lt;/macro:if&gt;
&lt;/macro:includable&gt;

&lt;b:section-contents id='sidebar-right-1'&gt;
  &lt;b:widget id='BlogArchive1' locked='false' title='Blog Archive' type='BlogArchive'&gt;
    &lt;b:widget-settings&gt;
      &lt;b:widget-setting name='showStyle'&gt;HIERARCHY&lt;/b:widget-setting&gt;
      &lt;b:widget-setting name='yearPattern'&gt;yyyy&lt;/b:widget-setting&gt;
      &lt;b:widget-setting name='showWeekEnd'&gt;true&lt;/b:widget-setting&gt;
      &lt;b:widget-setting name='monthPattern'&gt;MMMM&lt;/b:widget-setting&gt;
      &lt;b:widget-setting name='dayPattern'&gt;MMM dd&lt;/b:widget-setting&gt;
      &lt;b:widget-setting name='weekPattern'&gt;MM/dd&lt;/b:widget-setting&gt;
      &lt;b:widget-setting name='chronological'&gt;false&lt;/b:widget-setting&gt;
      &lt;b:widget-setting name='showPosts'&gt;true&lt;/b:widget-setting&gt;
      &lt;b:widget-setting name='frequency'&gt;MONTHLY&lt;/b:widget-setting&gt;
    &lt;/b:widget-settings&gt;
    &lt;b:includable id='main'&gt;
  &lt;b:if cond='data:title != &amp;quot;&amp;quot;'&gt;
    &lt;h2&gt;&lt;data:title/&gt;&lt;/h2&gt;
  &lt;/b:if&gt;
  &lt;div class='widget-content'&gt;
  &lt;div id='ArchiveList'&gt;
  &lt;div expr:id='data:widget.instanceId + &amp;quot;_ArchiveList&amp;quot;'&gt;
    &lt;b:include cond='data:style == &amp;quot;HIERARCHY&amp;quot;' data='data' name='interval'/&gt;
    &lt;b:include cond='data:style == &amp;quot;FLAT&amp;quot;' data='data' name='flat'/&gt;
    &lt;b:include cond='data:style == &amp;quot;MENU&amp;quot;' data='data' name='menu'/&gt;
  &lt;/div&gt;
  &lt;/div&gt;
  &lt;b:include name='quickedit'/&gt;
  &lt;/div&gt;
&lt;/b:includable&gt;
    &lt;b:includable id='flat' var='data'&gt;
  &lt;ul class='flat'&gt;
    &lt;b:loop values='data:data' var='i'&gt;
      &lt;li class='archivedate'&gt;
        &lt;a expr:href='data:i.url'&gt;&lt;data:i.name/&gt;&lt;/a&gt; (&lt;data:i.post-count/&gt;)
      &lt;/li&gt;
    &lt;/b:loop&gt;
  &lt;/ul&gt;
&lt;/b:includable&gt;
    &lt;b:includable id='interval' var='intervalData'&gt;
  &lt;b:loop values='data:intervalData' var='interval'&gt;
    &lt;ul class='hierarchy'&gt;
      &lt;li expr:class='&amp;quot;archivedate &amp;quot; + data:interval.expclass'&gt;
        &lt;b:include cond='data:interval.toggleId' data='interval' name='toggle'/&gt;
        &lt;a class='post-count-link' expr:href='data:interval.url'&gt;
          &lt;data:interval.name/&gt;
        &lt;/a&gt;
        &lt;span class='post-count' dir='ltr'&gt;(&lt;data:interval.post-count/&gt;)&lt;/span&gt;
        &lt;b:include cond='data:interval.data' data='interval.data' name='interval'/&gt;
        &lt;b:include cond='data:interval.posts' data='interval.posts' name='posts'/&gt;
      &lt;/li&gt;
    &lt;/ul&gt;
  &lt;/b:loop&gt;
&lt;/b:includable&gt;
    &lt;b:includable id='menu' var='data'&gt;
  &lt;select expr:id='data:widget.instanceId + &amp;quot;_ArchiveMenu&amp;quot;'&gt;
    &lt;option value=''&gt;&lt;data:title/&gt;&lt;/option&gt;
    &lt;b:loop values='data:data' var='i'&gt;
      &lt;option expr:value='data:i.url'&gt;&lt;data:i.name/&gt; (&lt;data:i.post-count/&gt;)&lt;/option&gt;
    &lt;/b:loop&gt;
  &lt;/select&gt;
&lt;/b:includable&gt;
    &lt;b:includable id='posts' var='posts'&gt;
  &lt;ul class='posts'&gt;
    &lt;b:loop values='data:posts' var='post'&gt;
      &lt;li&gt;&lt;a expr:href='data:post.url'&gt;&lt;data:post.title/&gt;&lt;/a&gt;&lt;/li&gt;
    &lt;/b:loop&gt;
  &lt;/ul&gt;
&lt;/b:includable&gt;
    &lt;b:includable id='toggle' var='interval'&gt;
  &lt;a class='toggle' href='javascript:void(0)'&gt;
    &lt;span expr:class='&amp;quot;zippy&amp;quot; + (data:interval.expclass == &amp;quot;expanded&amp;quot; ? &amp;quot; toggle-open&amp;quot; : &amp;quot;&amp;quot;)'&gt;
      &lt;b:if cond='data:interval.expclass == &amp;quot;expanded&amp;quot;'&gt;
        &amp;#9660;&amp;#160;
      &lt;b:elseif cond='data:blog.languageDirection == &amp;quot;rtl&amp;quot;'/&gt;
        &amp;#9668;&amp;#160;
      &lt;b:else/&gt;
        &amp;#9658;&amp;#160;
      &lt;/b:if&gt;
    &lt;/span&gt;
  &lt;/a&gt;
&lt;/b:includable&gt;
  &lt;/b:widget&gt;
&lt;/b:section-contents&gt;&lt;b:section-contents id='sidebar-right-2-1'&gt;
  &lt;b:widget id='PageList1' locked='false' title='Pages' type='PageList'&gt;
    &lt;b:widget-settings&gt;
      &lt;b:widget-setting name='pageListJson'&gt;&lt;![CDATA[{'6004196633005701443': {'href': 'http://200ok-weblog-test.blogspot.com/p/contact.html', 'title': 'Contact', 'position': 0}, '7838997451104070268': {'href': 'http://200ok-weblog-test.blogspot.com/p/about-this-blog.html', 'title': 'About This Blog', 'position': 1}}]]&gt;&lt;/b:widget-setting&gt;
      &lt;b:widget-setting name='homeTitle'&gt;Home&lt;/b:widget-setting&gt;
    &lt;/b:widget-settings&gt;
    &lt;b:includable id='main'&gt;
  &lt;b:if cond='data:title != &amp;quot;&amp;quot;'&gt;&lt;h2&gt;&lt;data:title/&gt;&lt;/h2&gt;&lt;/b:if&gt;
  &lt;div class='widget-content'&gt;
    &lt;b:if cond='data:mobile'&gt;
      &lt;select expr:id='data:widget.instanceId + &amp;quot;_select&amp;quot;'&gt;
        &lt;b:loop values='data:links' var='link'&gt;
          &lt;option expr:value='data:link.href'&gt;
            &lt;b:attr cond='data:link.isCurrentPage' name='selected' value='selected'/&gt;
            &lt;data:link.title/&gt;
          &lt;/option&gt;
        &lt;/b:loop&gt;
      &lt;/select&gt;
      &lt;span class='pagelist-arrow'&gt;&amp;amp;#9660;&lt;/span&gt;
    &lt;b:else/&gt;
      &lt;ul&gt;
        &lt;b:loop values='data:links' var='link'&gt;
          &lt;li&gt;
            &lt;b:class cond='data:link.isCurrentPage' name='selected'/&gt;
            &lt;a expr:href='data:link.href'&gt;&lt;data:link.title/&gt;&lt;/a&gt;
          &lt;/li&gt;
        &lt;/b:loop&gt;
      &lt;/ul&gt;
    &lt;/b:if&gt;
    &lt;b:include name='quickedit'/&gt;
  &lt;/div&gt;
&lt;/b:includable&gt;
  &lt;/b:widget&gt;
&lt;/b:section-contents&gt;&lt;b:section-contents id='sidebar-right-2-2'&gt;
  &lt;b:widget id='PopularPosts1' locked='false' title='Popular Posts' type='PopularPosts'&gt;
    &lt;b:widget-settings&gt;
      &lt;b:widget-setting name='numItemsToShow'&gt;10&lt;/b:widget-setting&gt;
      &lt;b:widget-setting name='showThumbnails'&gt;false&lt;/b:widget-setting&gt;
      &lt;b:widget-setting name='showSnippets'&gt;false&lt;/b:widget-setting&gt;
      &lt;b:widget-setting name='timeRange'&gt;ALL_TIME&lt;/b:widget-setting&gt;
    &lt;/b:widget-settings&gt;
    &lt;b:includable id='main'&gt;
  &lt;b:if cond='data:title != &amp;quot;&amp;quot;'&gt;&lt;h2&gt;&lt;data:title/&gt;&lt;/h2&gt;&lt;/b:if&gt;
  &lt;div class='widget-content popular-posts'&gt;
    &lt;ul&gt;
      &lt;b:loop values='data:posts' var='post'&gt;
      &lt;li&gt;
        &lt;b:if cond='!data:showThumbnails'&gt;
          &lt;b:if cond='!data:showSnippets'&gt;
            &lt;!-- (1) No snippet/thumbnail --&gt;
            &lt;a expr:href='data:post.href'&gt;&lt;data:post.title/&gt;&lt;/a&gt;
          &lt;b:else/&gt;
            &lt;!-- (2) Show only snippets --&gt;
            &lt;div class='item-title'&gt;&lt;a expr:href='data:post.href'&gt;&lt;data:post.title/&gt;&lt;/a&gt;&lt;/div&gt;
            &lt;div class='item-snippet'&gt;&lt;data:post.snippet/&gt;&lt;/div&gt;
          &lt;/b:if&gt;
        &lt;b:else/&gt;
          &lt;!-- (3) Show only thumbnails or (4) Snippets and thumbnails. --&gt;
          &lt;div expr:class='data:showSnippets ? &amp;quot;item-content&amp;quot; : &amp;quot;item-thumbnail-only&amp;quot;'&gt;
            &lt;b:if cond='data:post.featuredImage.isResizable or data:post.thumbnail'&gt;
              &lt;div class='item-thumbnail'&gt;
                &lt;a expr:href='data:post.href' target='_blank'&gt;
                  &lt;b:with value='data:post.featuredImage.isResizable                                  ? resizeImage(data:post.featuredImage, 72, &amp;quot;1:1&amp;quot;)                                  : data:post.thumbnail' var='image'&gt;
                    &lt;img alt='' border='0' expr:src='data:image'/&gt;
                  &lt;/b:with&gt;
                &lt;/a&gt;
              &lt;/div&gt;
            &lt;/b:if&gt;
            &lt;div class='item-title'&gt;&lt;a expr:href='data:post.href'&gt;&lt;data:post.title/&gt;&lt;/a&gt;&lt;/div&gt;
            &lt;b:if cond='data:showSnippets'&gt;
              &lt;div class='item-snippet'&gt;&lt;data:post.snippet/&gt;&lt;/div&gt;
            &lt;/b:if&gt;
          &lt;/div&gt;
          &lt;div style='clear: both;'/&gt;
        &lt;/b:if&gt;
      &lt;/li&gt;
      &lt;/b:loop&gt;
    &lt;/ul&gt;
    &lt;b:include name='quickedit'/&gt;
  &lt;/div&gt;
&lt;/b:includable&gt;
  &lt;/b:widget&gt;
&lt;/b:section-contents&gt;&lt;b:section-contents id='sidebar-right-3'/&gt;&lt;b:section-contents id='footer-1'/&gt;&lt;b:section-contents id='footer-2-1'/&gt;&lt;b:section-contents id='footer-2-2'/&gt;&lt;/html&gt;</content><link rel='edit' type='application/atom+xml' href='https://www.blogger.com/feeds/8208713778176397612/template/default'/><link rel='self' type='application/atom+xml' href='https://www.blogger.com/feeds/8208713778176397612/template/default'/><link rel='alternate' type='text/html' href='http://200ok-weblog-test.blogspot.com/'/><author><name>200ok</name><uri>https://www.blogger.com/profile/03236705748240585685</uri><email>noreply@blogger.com</email><gd:image rel='http://schemas.google.com/g/2005#thumbnail' width='32' height='32' src='//www.200ok.com.au/avatar.jpg'/></author></entry><entry><id>tag:blogger.com,1999:blog-8208713778176397612.settings.BLOG_PUBLISHING_MODE</id><published>2011-09-03T02:25:36.437+10:00</published><updated>2019-12-27T17:35:53.277+11:00</updated><category scheme='http://schemas.google.com/g/2005#kind' term='http://schemas.google.com/blogger/2008/kind#settings'/><title type='text'>The type of publishing done for this blog.</title><content type='text'>PUBLISH_MODE_BLOGSPOT</content><link rel='edit' type='application/atom+xml' href='https://www.blogger.com/feeds/8208713778176397612/settings/BLOG_PUBLISHING_MODE'/><link rel='self' type='application/atom+xml' href='https://www.blogger.com/feeds/8208713778176397612/settings/BLOG_PUBLISHING_MODE'/><author><name>200ok</name><uri>https://www.blogger.com/profile/03236705748240585685</uri><email>noreply@blogger.com</email><gd:image rel='http://schemas.google.com/g/2005#thumbnail' width='32' height='32' src='//www.200ok.com.au/avatar.jpg'/></author></entry><entry><id>tag:blogger.com,1999:blog-8208713778176397612.settings.BLOG_ADMIN_PERMISSION</id><published>2011-09-03T02:25:36.437+10:00</published><updated>2019-12-27T17:35:53.277+11:00</updated><category scheme='http://schemas.google.com/g/2005#kind' term='http://schemas.google.com/blogger/2008/kind#settings'/><title type='text'>The list of administrators' emails for the blog.</title><content type='text'>heretic@gmail.com</content><link rel='edit' type='application/atom+xml' href='https://www.blogger.com/feeds/8208713778176397612/settings/BLOG_ADMIN_PERMISSION'/><link rel='self' type='application/atom+xml' href='https://www.blogger.com/feeds/8208713778176397612/settings/BLOG_ADMIN_PERMISSION'/><author><name>200ok</name><uri>https://www.blogger.com/profile/03236705748240585685</uri><email>noreply@blogger.com</email><gd:image rel='http://schemas.google.com/g/2005#thumbnail' width='32' height='32' src='//www.200ok.com.au/avatar.jpg'/></author></entry><entry><id>tag:blogger.com,1999:blog-8208713778176397612.settings.BLOG_ADULT_CONTENT</id><published>2011-09-03T02:25:36.437+10:00</published><updated>2019-12-27T17:35:53.277+11:00</updated><category scheme='http://schemas.google.com/g/2005#kind' term='http://schemas.google.com/blogger/2008/kind#settings'/><title type='text'>Whether this blog contains adult content</title><content type='text'>false</content><link rel='edit' type='application/atom+xml' href='https://www.blogger.com/feeds/8208713778176397612/settings/BLOG_ADULT_CONTENT'/><link rel='self' type='application/atom+xml' href='https://www.blogger.com/feeds/8208713778176397612/settings/BLOG_ADULT_CONTENT'/><author><name>200ok</name><uri>https://www.blogger.com/profile/03236705748240585685</uri><email>noreply@blogger.com</email><gd:image rel='http://schemas.google.com/g/2005#thumbnail' width='32' height='32' src='//www.200ok.com.au/avatar.jpg'/></author></entry><entry><id>tag:blogger.com,1999:blog-8208713778176397612.settings.BLOG_ALTERNATE_JSRENDER_ALLOWED</id><published>2011-09-03T02:25:36.437+10:00</published><updated>2019-12-27T17:35:53.277+11:00</updated><category scheme='http://schemas.google.com/g/2005#kind' term='http://schemas.google.com/blogger/2008/kind#settings'/><title type='text'>Whether alternative JS renderings are allowed</title><content type='text'>true</content><link rel='edit' type='application/atom+xml' href='https://www.blogger.com/feeds/8208713778176397612/settings/BLOG_ALTERNATE_JSRENDER_ALLOWED'/><link rel='self' type='application/atom+xml' href='https://www.blogger.com/feeds/8208713778176397612/settings/BLOG_ALTERNATE_JSRENDER_ALLOWED'/><author><name>200ok</name><uri>https://www.blogger.com/profile/03236705748240585685</uri><email>noreply@blogger.com</email><gd:image rel='http://schemas.google.com/g/2005#thumbnail' width='32' height='32' src='//www.200ok.com.au/avatar.jpg'/></author></entry><entry><id>tag:blogger.com,1999:blog-8208713778176397612.settings.BLOG_ANALYTICS_ACCOUNT_NUMBER</id><published>2011-09-03T02:25:36.437+10:00</published><updated>2019-12-27T17:35:53.277+11:00</updated><category scheme='http://schemas.google.com/g/2005#kind' term='http://schemas.google.com/blogger/2008/kind#settings'/><title type='text'>Blog's Google Analytics account number</title><content type='text'></content><link rel='edit' type='application/atom+xml' href='https://www.blogger.com/feeds/8208713778176397612/settings/BLOG_ANALYTICS_ACCOUNT_NUMBER'/><link rel='self' type='application/atom+xml' href='https://www.blogger.com/feeds/8208713778176397612/settings/BLOG_ANALYTICS_ACCOUNT_NUMBER'/><author><name>200ok</name><uri>https://www.blogger.com/profile/03236705748240585685</uri><email>noreply@blogger.com</email><gd:image rel='http://schemas.google.com/g/2005#thumbnail' width='32' height='32' src='//www.200ok.com.au/avatar.jpg'/></author></entry><entry><id>tag:blogger.com,1999:blog-8208713778176397612.settings.BLOG_ARCHIVE_DATE_FORMAT</id><published>2011-09-03T02:25:36.437+10:00</published><updated>2019-12-27T17:35:53.277+11:00</updated><category scheme='http://schemas.google.com/g/2005#kind' term='http://schemas.google.com/blogger/2008/kind#settings'/><title type='text'>The number of the archive index date format</title><content type='text'>9</content><link rel='edit' type='application/atom+xml' href='https://www.blogger.com/feeds/8208713778176397612/settings/BLOG_ARCHIVE_DATE_FORMAT'/><link rel='self' type='application/atom+xml' href='https://www.blogger.com/feeds/8208713778176397612/settings/BLOG_ARCHIVE_DATE_FORMAT'/><author><name>200ok</name><uri>https://www.blogger.com/profile/03236705748240585685</uri><email>noreply@blogger.com</email><gd:image rel='http://schemas.google.com/g/2005#thumbnail' width='32' height='32' src='//www.200ok.com.au/avatar.jpg'/></author></entry><entry><id>tag:blogger.com,1999:blog-8208713778176397612.settings.BLOG_ARCHIVE_FREQUENCY</id><published>2011-09-03T02:25:36.437+10:00</published><updated>2019-12-27T17:35:53.277+11:00</updated><category scheme='http://schemas.google.com/g/2005#kind' term='http://schemas.google.com/blogger/2008/kind#settings'/><title type='text'>How frequently this blog should be archived</title><content type='text'>MONTHLY</content><link rel='edit' type='application/atom+xml' href='https://www.blogger.com/feeds/8208713778176397612/settings/BLOG_ARCHIVE_FREQUENCY'/><link rel='self' type='application/atom+xml' href='https://www.blogger.com/feeds/8208713778176397612/settings/BLOG_ARCHIVE_FREQUENCY'/><author><name>200ok</name><uri>https://www.blogger.com/profile/03236705748240585685</uri><email>noreply@blogger.com</email><gd:image rel='http://schemas.google.com/g/2005#thumbnail' width='32' height='32' src='//www.200ok.com.au/avatar.jpg'/></author></entry><entry><id>tag:blogger.com,1999:blog-8208713778176397612.settings.BLOG_AUTHOR_PERMISSION</id><published>2011-09-03T02:25:36.437+10:00</published><updated>2019-12-27T17:35:53.277+11:00</updated><category scheme='http://schemas.google.com/g/2005#kind' term='http://schemas.google.com/blogger/2008/kind#settings'/><title type='text'>The list of authors' emails who have permission to publish.</title><content type='text'></content><link rel='edit' type='application/atom+xml' href='https://www.blogger.com/feeds/8208713778176397612/settings/BLOG_AUTHOR_PERMISSION'/><link rel='self' type='application/atom+xml' href='https://www.blogger.com/feeds/8208713778176397612/settings/BLOG_AUTHOR_PERMISSION'/><author><name>200ok</name><uri>https://www.blogger.com/profile/03236705748240585685</uri><email>noreply@blogger.com</email><gd:image rel='http://schemas.google.com/g/2005#thumbnail' width='32' height='32' src='//www.200ok.com.au/avatar.jpg'/></author></entry><entry><id>tag:blogger.com,1999:blog-8208713778176397612.settings.BLOG_BACKLINKS_ALLOWED</id><published>2011-09-03T02:25:36.437+10:00</published><updated>2019-12-27T17:35:53.277+11:00</updated><category scheme='http://schemas.google.com/g/2005#kind' term='http://schemas.google.com/blogger/2008/kind#settings'/><title type='text'>Whether to show comment backlinks on the blog</title><content type='text'>false</content><link rel='edit' type='application/atom+xml' href='https://www.blogger.com/feeds/8208713778176397612/settings/BLOG_BACKLINKS_ALLOWED'/><link rel='self' type='application/atom+xml' href='https://www.blogger.com/feeds/8208713778176397612/settings/BLOG_BACKLINKS_ALLOWED'/><author><name>200ok</name><uri>https://www.blogger.com/profile/03236705748240585685</uri><email>noreply@blogger.com</email><gd:image rel='http://schemas.google.com/g/2005#thumbnail' width='32' height='32' src='//www.200ok.com.au/avatar.jpg'/></author></entry><entry><id>tag:blogger.com,1999:blog-8208713778176397612.settings.BLOG_BY_POST_ARCHIVING</id><published>2011-09-03T02:25:36.437+10:00</published><updated>2019-12-27T17:35:53.277+11:00</updated><category scheme='http://schemas.google.com/g/2005#kind' term='http://schemas.google.com/blogger/2008/kind#settings'/><title type='text'>Whether to provide an archive page for each post</title><content type='text'>true</content><link rel='edit' type='application/atom+xml' href='https://www.blogger.com/feeds/8208713778176397612/settings/BLOG_BY_POST_ARCHIVING'/><link rel='self' type='application/atom+xml' href='https://www.blogger.com/feeds/8208713778176397612/settings/BLOG_BY_POST_ARCHIVING'/><author><name>200ok</name><uri>https://www.blogger.com/profile/03236705748240585685</uri><email>noreply@blogger.com</email><gd:image rel='http://schemas.google.com/g/2005#thumbnail' width='32' height='32' src='//www.200ok.com.au/avatar.jpg'/></author></entry><entry><id>tag:blogger.com,1999:blog-8208713778176397612.settings.BLOG_COMMENT_ACCESS</id><published>2011-09-03T02:25:36.437+10:00</published><updated>2019-12-27T17:35:53.277+11:00</updated><category scheme='http://schemas.google.com/g/2005#kind' term='http://schemas.google.com/blogger/2008/kind#settings'/><title type='text'>Who can comment</title><content type='text'>BLOGGERS</content><link rel='edit' type='application/atom+xml' href='https://www.blogger.com/feeds/8208713778176397612/settings/BLOG_COMMENT_ACCESS'/><link rel='self' type='application/atom+xml' href='https://www.blogger.com/feeds/8208713778176397612/settings/BLOG_COMMENT_ACCESS'/><author><name>200ok</name><uri>https://www.blogger.com/profile/03236705748240585685</uri><email>noreply@blogger.com</email><gd:image rel='http://schemas.google.com/g/2005#thumbnail' width='32' height='32' src='//www.200ok.com.au/avatar.jpg'/></author></entry><entry><id>tag:blogger.com,1999:blog-8208713778176397612.settings.BLOG_COMMENT_CAPTCHA</id><published>2011-09-03T02:25:36.437+10:00</published><updated>2019-12-27T17:35:53.277+11:00</updated><category scheme='http://schemas.google.com/g/2005#kind' term='http://schemas.google.com/blogger/2008/kind#settings'/><title type='text'>Whether to require commenters to complete a Captcha</title><content type='text'>false</content><link rel='edit' type='application/atom+xml' href='https://www.blogger.com/feeds/8208713778176397612/settings/BLOG_COMMENT_CAPTCHA'/><link rel='self' type='application/atom+xml' href='https://www.blogger.com/feeds/8208713778176397612/settings/BLOG_COMMENT_CAPTCHA'/><author><name>200ok</name><uri>https://www.blogger.com/profile/03236705748240585685</uri><email>noreply@blogger.com</email><gd:image rel='http://schemas.google.com/g/2005#thumbnail' width='32' height='32' src='//www.200ok.com.au/avatar.jpg'/></author></entry><entry><id>tag:blogger.com,1999:blog-8208713778176397612.settings.BLOG_COMMENT_EMAIL</id><published>2011-09-03T02:25:36.437+10:00</published><updated>2019-12-27T17:35:53.277+11:00</updated><category scheme='http://schemas.google.com/g/2005#kind' term='http://schemas.google.com/blogger/2008/kind#settings'/><title type='text'>List of email addresses to which notifications of new comments are sent</title><content type='text'>heretic@200ok.com.au,heretic@gmail.com</content><link rel='edit' type='application/atom+xml' href='https://www.blogger.com/feeds/8208713778176397612/settings/BLOG_COMMENT_EMAIL'/><link rel='self' type='application/atom+xml' href='https://www.blogger.com/feeds/8208713778176397612/settings/BLOG_COMMENT_EMAIL'/><author><name>200ok</name><uri>https://www.blogger.com/profile/03236705748240585685</uri><email>noreply@blogger.com</email><gd:image rel='http://schemas.google.com/g/2005#thumbnail' width='32' height='32' src='//www.200ok.com.au/avatar.jpg'/></author></entry><entry><id>tag:blogger.com,1999:blog-8208713778176397612.settings.BLOG_COMMENT_FEED</id><published>2011-09-03T02:25:36.437+10:00</published><updated>2019-12-27T17:35:53.277+11:00</updated><category scheme='http://schemas.google.com/g/2005#kind' term='http://schemas.google.com/blogger/2008/kind#settings'/><title type='text'>The type of feed to provide for blog comments</title><content type='text'>FULL</content><link rel='edit' type='application/atom+xml' href='https://www.blogger.com/feeds/8208713778176397612/settings/BLOG_COMMENT_FEED'/><link rel='self' type='application/atom+xml' href='https://www.blogger.com/feeds/8208713778176397612/settings/BLOG_COMMENT_FEED'/><author><name>200ok</name><uri>https://www.blogger.com/profile/03236705748240585685</uri><email>noreply@blogger.com</email><gd:image rel='http://schemas.google.com/g/2005#thumbnail' width='32' height='32' src='//www.200ok.com.au/avatar.jpg'/></author></entry><entry><id>tag:blogger.com,1999:blog-8208713778176397612.settings.BLOG_COMMENT_FORM_LOCATION</id><published>2011-09-03T02:25:36.437+10:00</published><updated>2019-12-27T17:35:53.277+11:00</updated><category scheme='http://schemas.google.com/g/2005#kind' term='http://schemas.google.com/blogger/2008/kind#settings'/><title type='text'>Blog comment form location</title><content type='text'>EMBEDDED_IFRAME</content><link rel='edit' type='application/atom+xml' href='https://www.blogger.com/feeds/8208713778176397612/settings/BLOG_COMMENT_FORM_LOCATION'/><link rel='self' type='application/atom+xml' href='https://www.blogger.com/feeds/8208713778176397612/settings/BLOG_COMMENT_FORM_LOCATION'/><author><name>200ok</name><uri>https://www.blogger.com/profile/03236705748240585685</uri><email>noreply@blogger.com</email><gd:image rel='http://schemas.google.com/g/2005#thumbnail' width='32' height='32' src='//www.200ok.com.au/avatar.jpg'/></author></entry><entry><id>tag:blogger.com,1999:blog-8208713778176397612.settings.BLOG_COMMENT_MESSAGE</id><published>2011-09-03T02:25:36.437+10:00</published><updated>2019-12-27T17:35:53.277+11:00</updated><category scheme='http://schemas.google.com/g/2005#kind' term='http://schemas.google.com/blogger/2008/kind#settings'/><title type='text'>Blog comment message</title><content type='text'></content><link rel='edit' type='application/atom+xml' href='https://www.blogger.com/feeds/8208713778176397612/settings/BLOG_COMMENT_MESSAGE'/><link rel='self' type='application/atom+xml' href='https://www.blogger.com/feeds/8208713778176397612/settings/BLOG_COMMENT_MESSAGE'/><author><name>200ok</name><uri>https://www.blogger.com/profile/03236705748240585685</uri><email>noreply@blogger.com</email><gd:image rel='http://schemas.google.com/g/2005#thumbnail' width='32' height='32' src='//www.200ok.com.au/avatar.jpg'/></author></entry><entry><id>tag:blogger.com,1999:blog-8208713778176397612.settings.BLOG_COMMENT_MODERATION</id><published>2011-09-03T02:25:36.437+10:00</published><updated>2019-12-27T17:35:53.277+11:00</updated><category scheme='http://schemas.google.com/g/2005#kind' term='http://schemas.google.com/blogger/2008/kind#settings'/><title type='text'>Whether to enable comment moderation</title><content type='text'>DISABLED</content><link rel='edit' type='application/atom+xml' href='https://www.blogger.com/feeds/8208713778176397612/settings/BLOG_COMMENT_MODERATION'/><link rel='self' type='application/atom+xml' href='https://www.blogger.com/feeds/8208713778176397612/settings/BLOG_COMMENT_MODERATION'/><author><name>200ok</name><uri>https://www.blogger.com/profile/03236705748240585685</uri><email>noreply@blogger.com</email><gd:image rel='http://schemas.google.com/g/2005#thumbnail' width='32' height='32' src='//www.200ok.com.au/avatar.jpg'/></author></entry><entry><id>tag:blogger.com,1999:blog-8208713778176397612.settings.BLOG_COMMENT_MODERATION_DELAY</id><published>2011-09-03T02:25:36.437+10:00</published><updated>2019-12-27T17:35:53.277+11:00</updated><category scheme='http://schemas.google.com/g/2005#kind' term='http://schemas.google.com/blogger/2008/kind#settings'/><title type='text'>Number of days after which new comments are subject to moderation</title><content type='text'>14</content><link rel='edit' type='application/atom+xml' href='https://www.blogger.com/feeds/8208713778176397612/settings/BLOG_COMMENT_MODERATION_DELAY'/><link rel='self' type='application/atom+xml' href='https://www.blogger.com/feeds/8208713778176397612/settings/BLOG_COMMENT_MODERATION_DELAY'/><author><name>200ok</name><uri>https://www.blogger.com/profile/03236705748240585685</uri><email>noreply@blogger.com</email><gd:image rel='http://schemas.google.com/g/2005#thumbnail' width='32' height='32' src='//www.200ok.com.au/avatar.jpg'/></author></entry><entry><id>tag:blogger.com,1999:blog-8208713778176397612.settings.BLOG_COMMENT_MODERATION_EMAIL</id><published>2011-09-03T02:25:36.437+10:00</published><updated>2019-12-27T17:35:53.277+11:00</updated><category scheme='http://schemas.google.com/g/2005#kind' term='http://schemas.google.com/blogger/2008/kind#settings'/><title type='text'>Email address for receiving notifications of new comments that require moderation</title><content type='text'></content><link rel='edit' type='application/atom+xml' href='https://www.blogger.com/feeds/8208713778176397612/settings/BLOG_COMMENT_MODERATION_EMAIL'/><link rel='self' type='application/atom+xml' href='https://www.blogger.com/feeds/8208713778176397612/settings/BLOG_COMMENT_MODERATION_EMAIL'/><author><name>200ok</name><uri>https://www.blogger.com/profile/03236705748240585685</uri><email>noreply@blogger.com</email><gd:image rel='http://schemas.google.com/g/2005#thumbnail' width='32' height='32' src='//www.200ok.com.au/avatar.jpg'/></author></entry><entry><id>tag:blogger.com,1999:blog-8208713778176397612.settings.BLOG_COMMENT_PROFILE_IMAGES</id><published>2011-09-03T02:25:36.437+10:00</published><updated>2019-12-27T17:35:53.277+11:00</updated><category scheme='http://schemas.google.com/g/2005#kind' term='http://schemas.google.com/blogger/2008/kind#settings'/><title type='text'>Whether to show profile images in comments</title><content type='text'>true</content><link rel='edit' type='application/atom+xml' href='https://www.blogger.com/feeds/8208713778176397612/settings/BLOG_COMMENT_PROFILE_IMAGES'/><link rel='self' type='application/atom+xml' href='https://www.blogger.com/feeds/8208713778176397612/settings/BLOG_COMMENT_PROFILE_IMAGES'/><author><name>200ok</name><uri>https://www.blogger.com/profile/03236705748240585685</uri><email>noreply@blogger.com</email><gd:image rel='http://schemas.google.com/g/2005#thumbnail' width='32' height='32' src='//www.200ok.com.au/avatar.jpg'/></author></entry><entry><id>tag:blogger.com,1999:blog-8208713778176397612.settings.BLOG_COMMENTS_ALLOWED</id><published>2011-09-03T02:25:36.437+10:00</published><updated>2019-12-27T17:35:53.277+11:00</updated><category scheme='http://schemas.google.com/g/2005#kind' term='http://schemas.google.com/blogger/2008/kind#settings'/><title type='text'>Whether to show comments</title><content type='text'>false</content><link rel='edit' type='application/atom+xml' href='https://www.blogger.com/feeds/8208713778176397612/settings/BLOG_COMMENTS_ALLOWED'/><link rel='self' type='application/atom+xml' href='https://www.blogger.com/feeds/8208713778176397612/settings/BLOG_COMMENTS_ALLOWED'/><author><name>200ok</name><uri>https://www.blogger.com/profile/03236705748240585685</uri><email>noreply@blogger.com</email><gd:image rel='http://schemas.google.com/g/2005#thumbnail' width='32' height='32' src='//www.200ok.com.au/avatar.jpg'/></author></entry><entry><id>tag:blogger.com,1999:blog-8208713778176397612.settings.BLOG_COMMENTS_TIME_STAMP_FORMAT</id><published>2011-09-03T02:25:36.437+10:00</published><updated>2019-12-27T17:35:53.277+11:00</updated><category scheme='http://schemas.google.com/g/2005#kind' term='http://schemas.google.com/blogger/2008/kind#settings'/><title type='text'>Comment time stamp format number</title><content type='text'>29</content><link rel='edit' type='application/atom+xml' href='https://www.blogger.com/feeds/8208713778176397612/settings/BLOG_COMMENTS_TIME_STAMP_FORMAT'/><link rel='self' type='application/atom+xml' href='https://www.blogger.com/feeds/8208713778176397612/settings/BLOG_COMMENTS_TIME_STAMP_FORMAT'/><author><name>200ok</name><uri>https://www.blogger.com/profile/03236705748240585685</uri><email>noreply@blogger.com</email><gd:image rel='http://schemas.google.com/g/2005#thumbnail' width='32' height='32' src='//www.200ok.com.au/avatar.jpg'/></author></entry><entry><id>tag:blogger.com,1999:blog-8208713778176397612.settings.BLOG_CONVERT_LINE_BREAKS</id><published>2011-09-03T02:25:36.437+10:00</published><updated>2019-12-27T17:35:53.277+11:00</updated><category scheme='http://schemas.google.com/g/2005#kind' term='http://schemas.google.com/blogger/2008/kind#settings'/><title type='text'>Whether to convert line breaks into &lt;br /&gt; tags in post editor</title><content type='text'>true</content><link rel='edit' type='application/atom+xml' href='https://www.blogger.com/feeds/8208713778176397612/settings/BLOG_CONVERT_LINE_BREAKS'/><link rel='self' type='application/atom+xml' href='https://www.blogger.com/feeds/8208713778176397612/settings/BLOG_CONVERT_LINE_BREAKS'/><author><name>200ok</name><uri>https://www.blogger.com/profile/03236705748240585685</uri><email>noreply@blogger.com</email><gd:image rel='http://schemas.google.com/g/2005#thumbnail' width='32' height='32' src='//www.200ok.com.au/avatar.jpg'/></author></entry><entry><id>tag:blogger.com,1999:blog-8208713778176397612.settings.BLOG_CUSTOM_ADS_TXT</id><published>2011-09-03T02:25:36.437+10:00</published><updated>2019-12-27T17:35:53.277+11:00</updated><category scheme='http://schemas.google.com/g/2005#kind' term='http://schemas.google.com/blogger/2008/kind#settings'/><title type='text'>The custom ads.txt content of the blog served to ads search engines.</title><content type='text'></content><link rel='edit' type='application/atom+xml' href='https://www.blogger.com/feeds/8208713778176397612/settings/BLOG_CUSTOM_ADS_TXT'/><link rel='self' type='application/atom+xml' href='https://www.blogger.com/feeds/8208713778176397612/settings/BLOG_CUSTOM_ADS_TXT'/><author><name>200ok</name><uri>https://www.blogger.com/profile/03236705748240585685</uri><email>noreply@blogger.com</email><gd:image rel='http://schemas.google.com/g/2005#thumbnail' width='32' height='32' src='//www.200ok.com.au/avatar.jpg'/></author></entry><entry><id>tag:blogger.com,1999:blog-8208713778176397612.settings.BLOG_CUSTOM_ADS_TXT_ENABLED</id><published>2011-09-03T02:25:36.437+10:00</published><updated>2019-12-27T17:35:53.277+11:00</updated><category scheme='http://schemas.google.com/g/2005#kind' term='http://schemas.google.com/blogger/2008/kind#settings'/><title type='text'>Whether this blog serves custom ads.txt content to ads search engines.</title><content type='text'>false</content><link rel='edit' type='application/atom+xml' href='https://www.blogger.com/feeds/8208713778176397612/settings/BLOG_CUSTOM_ADS_TXT_ENABLED'/><link rel='self' type='application/atom+xml' href='https://www.blogger.com/feeds/8208713778176397612/settings/BLOG_CUSTOM_ADS_TXT_ENABLED'/><author><name>200ok</name><uri>https://www.blogger.com/profile/03236705748240585685</uri><email>noreply@blogger.com</email><gd:image rel='http://schemas.google.com/g/2005#thumbnail' width='32' height='32' src='//www.200ok.com.au/avatar.jpg'/></author></entry><entry><id>tag:blogger.com,1999:blog-8208713778176397612.settings.BLOG_CUSTOM_PAGE_NOT_FOUND</id><published>2011-09-03T02:25:36.437+10:00</published><updated>2019-12-27T17:35:53.277+11:00</updated><category scheme='http://schemas.google.com/g/2005#kind' term='http://schemas.google.com/blogger/2008/kind#settings'/><title type='text'>The content served when the requested post or page is not found.</title><content type='text'></content><link rel='edit' type='application/atom+xml' href='https://www.blogger.com/feeds/8208713778176397612/settings/BLOG_CUSTOM_PAGE_NOT_FOUND'/><link rel='self' type='application/atom+xml' href='https://www.blogger.com/feeds/8208713778176397612/settings/BLOG_CUSTOM_PAGE_NOT_FOUND'/><author><name>200ok</name><uri>https://www.blogger.com/profile/03236705748240585685</uri><email>noreply@blogger.com</email><gd:image rel='http://schemas.google.com/g/2005#thumbnail' width='32' height='32' src='//www.200ok.com.au/avatar.jpg'/></author></entry><entry><id>tag:blogger.com,1999:blog-8208713778176397612.settings.BLOG_CUSTOM_ROBOTS_TXT</id><published>2011-09-03T02:25:36.437+10:00</published><updated>2019-12-27T17:35:53.277+11:00</updated><category scheme='http://schemas.google.com/g/2005#kind' term='http://schemas.google.com/blogger/2008/kind#settings'/><title type='text'>The custom robots.txt content of the blog served to search engines.</title><content type='text'></content><link rel='edit' type='application/atom+xml' href='https://www.blogger.com/feeds/8208713778176397612/settings/BLOG_CUSTOM_ROBOTS_TXT'/><link rel='self' type='application/atom+xml' href='https://www.blogger.com/feeds/8208713778176397612/settings/BLOG_CUSTOM_ROBOTS_TXT'/><author><name>200ok</name><uri>https://www.blogger.com/profile/03236705748240585685</uri><email>noreply@blogger.com</email><gd:image rel='http://schemas.google.com/g/2005#thumbnail' width='32' height='32' src='//www.200ok.com.au/avatar.jpg'/></author></entry><entry><id>tag:blogger.com,1999:blog-8208713778176397612.settings.BLOG_CUSTOM_ROBOTS_TXT_ENABLED</id><published>2011-09-03T02:25:36.437+10:00</published><updated>2019-12-27T17:35:53.277+11:00</updated><category scheme='http://schemas.google.com/g/2005#kind' term='http://schemas.google.com/blogger/2008/kind#settings'/><title type='text'>Whether this blog serves custom robots.txt content to search engines.</title><content type='text'>false</content><link rel='edit' type='application/atom+xml' href='https://www.blogger.com/feeds/8208713778176397612/settings/BLOG_CUSTOM_ROBOTS_TXT_ENABLED'/><link rel='self' type='application/atom+xml' href='https://www.blogger.com/feeds/8208713778176397612/settings/BLOG_CUSTOM_ROBOTS_TXT_ENABLED'/><author><name>200ok</name><uri>https://www.blogger.com/profile/03236705748240585685</uri><email>noreply@blogger.com</email><gd:image rel='http://schemas.google.com/g/2005#thumbnail' width='32' height='32' src='//www.200ok.com.au/avatar.jpg'/></author></entry><entry><id>tag:blogger.com,1999:blog-8208713778176397612.settings.BLOG_DATE_FORMAT</id><published>2011-09-03T02:25:36.437+10:00</published><updated>2019-12-27T17:35:53.277+11:00</updated><category scheme='http://schemas.google.com/g/2005#kind' term='http://schemas.google.com/blogger/2008/kind#settings'/><title type='text'>The number of the date header format</title><content type='text'>6</content><link rel='edit' type='application/atom+xml' href='https://www.blogger.com/feeds/8208713778176397612/settings/BLOG_DATE_FORMAT'/><link rel='self' type='application/atom+xml' href='https://www.blogger.com/feeds/8208713778176397612/settings/BLOG_DATE_FORMAT'/><author><name>200ok</name><uri>https://www.blogger.com/profile/03236705748240585685</uri><email>noreply@blogger.com</email><gd:image rel='http://schemas.google.com/g/2005#thumbnail' width='32' height='32' src='//www.200ok.com.au/avatar.jpg'/></author></entry><entry><id>tag:blogger.com,1999:blog-8208713778176397612.settings.BLOG_DEFAULT_BACKLINKS_MODE</id><published>2011-09-03T02:25:36.437+10:00</published><updated>2019-12-27T17:35:53.277+11:00</updated><category scheme='http://schemas.google.com/g/2005#kind' term='http://schemas.google.com/blogger/2008/kind#settings'/><title type='text'>Default backlinks mode for posts</title><content type='text'>DEFAULT_HAVE_BACKLINKS</content><link rel='edit' type='application/atom+xml' href='https://www.blogger.com/feeds/8208713778176397612/settings/BLOG_DEFAULT_BACKLINKS_MODE'/><link rel='self' type='application/atom+xml' href='https://www.blogger.com/feeds/8208713778176397612/settings/BLOG_DEFAULT_BACKLINKS_MODE'/><author><name>200ok</name><uri>https://www.blogger.com/profile/03236705748240585685</uri><email>noreply@blogger.com</email><gd:image rel='http://schemas.google.com/g/2005#thumbnail' width='32' height='32' src='//www.200ok.com.au/avatar.jpg'/></author></entry><entry><id>tag:blogger.com,1999:blog-8208713778176397612.settings.BLOG_DEFAULT_COMMENTS_MODE</id><published>2011-09-03T02:25:36.437+10:00</published><updated>2019-12-27T17:35:53.277+11:00</updated><category scheme='http://schemas.google.com/g/2005#kind' term='http://schemas.google.com/blogger/2008/kind#settings'/><title type='text'>Default comment mode for posts</title><content type='text'>DEFAULT_HAVE_COMMENTS</content><link rel='edit' type='application/atom+xml' href='https://www.blogger.com/feeds/8208713778176397612/settings/BLOG_DEFAULT_COMMENTS_MODE'/><link rel='self' type='application/atom+xml' href='https://www.blogger.com/feeds/8208713778176397612/settings/BLOG_DEFAULT_COMMENTS_MODE'/><author><name>200ok</name><uri>https://www.blogger.com/profile/03236705748240585685</uri><email>noreply@blogger.com</email><gd:image rel='http://schemas.google.com/g/2005#thumbnail' width='32' height='32' src='//www.200ok.com.au/avatar.jpg'/></author></entry><entry><id>tag:blogger.com,1999:blog-8208713778176397612.settings.BLOG_DESCRIPTION</id><published>2011-09-03T02:25:36.437+10:00</published><updated>2019-12-27T17:35:53.277+11:00</updated><category scheme='http://schemas.google.com/g/2005#kind' term='http://schemas.google.com/blogger/2008/kind#settings'/><title type='text'>A description of the blog</title><content type='text'>Not a real blog.</content><link rel='edit' type='application/atom+xml' href='https://www.blogger.com/feeds/8208713778176397612/settings/BLOG_DESCRIPTION'/><link rel='self' type='application/atom+xml' href='https://www.blogger.com/feeds/8208713778176397612/settings/BLOG_DESCRIPTION'/><author><name>200ok</name><uri>https://www.blogger.com/profile/03236705748240585685</uri><email>noreply@blogger.com</email><gd:image rel='http://schemas.google.com/g/2005#thumbnail' width='32' height='32' src='//www.200ok.com.au/avatar.jpg'/></author></entry><entry><id>tag:blogger.com,1999:blog-8208713778176397612.settings.BLOG_EMAIL_POST_LINKS</id><published>2011-09-03T02:25:36.437+10:00</published><updated>2019-12-27T17:35:53.277+11:00</updated><category scheme='http://schemas.google.com/g/2005#kind' term='http://schemas.google.com/blogger/2008/kind#settings'/><title type='text'>Whether to show a link for users to email posts</title><content type='text'>false</content><link rel='edit' type='application/atom+xml' href='https://www.blogger.com/feeds/8208713778176397612/settings/BLOG_EMAIL_POST_LINKS'/><link rel='self' type='application/atom+xml' href='https://www.blogger.com/feeds/8208713778176397612/settings/BLOG_EMAIL_POST_LINKS'/><author><name>200ok</name><uri>https://www.blogger.com/profile/03236705748240585685</uri><email>noreply@blogger.com</email><gd:image rel='http://schemas.google.com/g/2005#thumbnail' width='32' height='32' src='//www.200ok.com.au/avatar.jpg'/></author></entry><entry><id>tag:blogger.com,1999:blog-8208713778176397612.settings.BLOG_FEED_REDIRECT_URL</id><published>2011-09-03T02:25:36.437+10:00</published><updated>2019-12-27T17:35:53.277+11:00</updated><category scheme='http://schemas.google.com/g/2005#kind' term='http://schemas.google.com/blogger/2008/kind#settings'/><title type='text'>URL to redirect post feed requests to</title><content type='text'></content><link rel='edit' type='application/atom+xml' href='https://www.blogger.com/feeds/8208713778176397612/settings/BLOG_FEED_REDIRECT_URL'/><link rel='self' type='application/atom+xml' href='https://www.blogger.com/feeds/8208713778176397612/settings/BLOG_FEED_REDIRECT_URL'/><author><name>200ok</name><uri>https://www.blogger.com/profile/03236705748240585685</uri><email>noreply@blogger.com</email><gd:image rel='http://schemas.google.com/g/2005#thumbnail' width='32' height='32' src='//www.200ok.com.au/avatar.jpg'/></author></entry><entry><id>tag:blogger.com,1999:blog-8208713778176397612.settings.BLOG_FLOAT_ALIGNMENT</id><published>2011-09-03T02:25:36.437+10:00</published><updated>2019-12-27T17:35:53.277+11:00</updated><category scheme='http://schemas.google.com/g/2005#kind' term='http://schemas.google.com/blogger/2008/kind#settings'/><title type='text'>Whether float alignment is enabled for the blog</title><content type='text'>true</content><link rel='edit' type='application/atom+xml' href='https://www.blogger.com/feeds/8208713778176397612/settings/BLOG_FLOAT_ALIGNMENT'/><link rel='self' type='application/atom+xml' href='https://www.blogger.com/feeds/8208713778176397612/settings/BLOG_FLOAT_ALIGNMENT'/><author><name>200ok</name><uri>https://www.blogger.com/profile/03236705748240585685</uri><email>noreply@blogger.com</email><gd:image rel='http://schemas.google.com/g/2005#thumbnail' width='32' height='32' src='//www.200ok.com.au/avatar.jpg'/></author></entry><entry><id>tag:blogger.com,1999:blog-8208713778176397612.settings.BLOG_LOCALE</id><published>2011-09-03T02:25:36.437+10:00</published><updated>2019-12-27T17:35:53.277+11:00</updated><category scheme='http://schemas.google.com/g/2005#kind' term='http://schemas.google.com/blogger/2008/kind#settings'/><title type='text'>Language for this blog</title><content type='text'>en_GB</content><link rel='edit' type='application/atom+xml' href='https://www.blogger.com/feeds/8208713778176397612/settings/BLOG_LOCALE'/><link rel='self' type='application/atom+xml' href='https://www.blogger.com/feeds/8208713778176397612/settings/BLOG_LOCALE'/><author><name>200ok</name><uri>https://www.blogger.com/profile/03236705748240585685</uri><email>noreply@blogger.com</email><gd:image rel='http://schemas.google.com/g/2005#thumbnail' width='32' height='32' src='//www.200ok.com.au/avatar.jpg'/></author></entry><entry><id>tag:blogger.com,1999:blog-8208713778176397612.settings.BLOG_MAX_NUM</id><published>2011-09-03T02:25:36.437+10:00</published><updated>2019-12-27T17:35:53.277+11:00</updated><category scheme='http://schemas.google.com/g/2005#kind' term='http://schemas.google.com/blogger/2008/kind#settings'/><title type='text'>Maximum number of things to show on the main page"</title><content type='text'>7</content><link rel='edit' type='application/atom+xml' href='https://www.blogger.com/feeds/8208713778176397612/settings/BLOG_MAX_NUM'/><link rel='self' type='application/atom+xml' href='https://www.blogger.com/feeds/8208713778176397612/settings/BLOG_MAX_NUM'/><author><name>200ok</name><uri>https://www.blogger.com/profile/03236705748240585685</uri><email>noreply@blogger.com</email><gd:image rel='http://schemas.google.com/g/2005#thumbnail' width='32' height='32' src='//www.200ok.com.au/avatar.jpg'/></author></entry><entry><id>tag:blogger.com,1999:blog-8208713778176397612.settings.BLOG_MAX_UNIT</id><published>2011-09-03T02:25:36.437+10:00</published><updated>2019-12-27T17:35:53.277+11:00</updated><category scheme='http://schemas.google.com/g/2005#kind' term='http://schemas.google.com/blogger/2008/kind#settings'/><title type='text'>Unit of things to show on the main page</title><content type='text'>POSTS</content><link rel='edit' type='application/atom+xml' href='https://www.blogger.com/feeds/8208713778176397612/settings/BLOG_MAX_UNIT'/><link rel='self' type='application/atom+xml' href='https://www.blogger.com/feeds/8208713778176397612/settings/BLOG_MAX_UNIT'/><author><name>200ok</name><uri>https://www.blogger.com/profile/03236705748240585685</uri><email>noreply@blogger.com</email><gd:image rel='http://schemas.google.com/g/2005#thumbnail' width='32' height='32' src='//www.200ok.com.au/avatar.jpg'/></author></entry><entry><id>tag:blogger.com,1999:blog-8208713778176397612.settings.BLOG_META_DESCRIPTION</id><published>2011-09-03T02:25:36.437+10:00</published><updated>2019-12-27T17:35:53.277+11:00</updated><category scheme='http://schemas.google.com/g/2005#kind' term='http://schemas.google.com/blogger/2008/kind#settings'/><title type='text'>The meta description of the blog served to search engines.</title><content type='text'></content><link rel='edit' type='application/atom+xml' href='https://www.blogger.com/feeds/8208713778176397612/settings/BLOG_META_DESCRIPTION'/><link rel='self' type='application/atom+xml' href='https://www.blogger.com/feeds/8208713778176397612/settings/BLOG_META_DESCRIPTION'/><author><name>200ok</name><uri>https://www.blogger.com/profile/03236705748240585685</uri><email>noreply@blogger.com</email><gd:image rel='http://schemas.google.com/g/2005#thumbnail' width='32' height='32' src='//www.200ok.com.au/avatar.jpg'/></author></entry><entry><id>tag:blogger.com,1999:blog-8208713778176397612.settings.BLOG_META_DESCRIPTION_ENABLED</id><published>2011-09-03T02:25:36.437+10:00</published><updated>2019-12-27T17:35:53.277+11:00</updated><category scheme='http://schemas.google.com/g/2005#kind' term='http://schemas.google.com/blogger/2008/kind#settings'/><title type='text'>Whether this blog is served with meta descriptions.</title><content type='text'>false</content><link rel='edit' type='application/atom+xml' href='https://www.blogger.com/feeds/8208713778176397612/settings/BLOG_META_DESCRIPTION_ENABLED'/><link rel='self' type='application/atom+xml' href='https://www.blogger.com/feeds/8208713778176397612/settings/BLOG_META_DESCRIPTION_ENABLED'/><author><name>200ok</name><uri>https://www.blogger.com/profile/03236705748240585685</uri><email>noreply@blogger.com</email><gd:image rel='http://schemas.google.com/g/2005#thumbnail' width='32' height='32' src='//www.200ok.com.au/avatar.jpg'/></author></entry><entry><id>tag:blogger.com,1999:blog-8208713778176397612.settings.BLOG_NAME</id><published>2011-09-03T02:25:36.437+10:00</published><updated>2019-12-27T17:35:53.277+11:00</updated><category scheme='http://schemas.google.com/g/2005#kind' term='http://schemas.google.com/blogger/2008/kind#settings'/><title type='text'>The name of the blog</title><content type='text'>test blog</content><link rel='edit' type='application/atom+xml' href='https://www.blogger.com/feeds/8208713778176397612/settings/BLOG_NAME'/><link rel='self' type='application/atom+xml' href='https://www.blogger.com/feeds/8208713778176397612/settings/BLOG_NAME'/><author><name>200ok</name><uri>https://www.blogger.com/profile/03236705748240585685</uri><email>noreply@blogger.com</email><gd:image rel='http://schemas.google.com/g/2005#thumbnail' width='32' height='32' src='//www.200ok.com.au/avatar.jpg'/></author></entry><entry><id>tag:blogger.com,1999:blog-8208713778176397612.settings.BLOG_PER_POST_FEED</id><published>2011-09-03T02:25:36.437+10:00</published><updated>2019-12-27T17:35:53.277+11:00</updated><category scheme='http://schemas.google.com/g/2005#kind' term='http://schemas.google.com/blogger/2008/kind#settings'/><title type='text'>The type of feed to provide for per-post comments</title><content type='text'>FULL</content><link rel='edit' type='application/atom+xml' href='https://www.blogger.com/feeds/8208713778176397612/settings/BLOG_PER_POST_FEED'/><link rel='self' type='application/atom+xml' href='https://www.blogger.com/feeds/8208713778176397612/settings/BLOG_PER_POST_FEED'/><author><name>200ok</name><uri>https://www.blogger.com/profile/03236705748240585685</uri><email>noreply@blogger.com</email><gd:image rel='http://schemas.google.com/g/2005#thumbnail' width='32' height='32' src='//www.200ok.com.au/avatar.jpg'/></author></entry><entry><id>tag:blogger.com,1999:blog-8208713778176397612.settings.BLOG_POST_FEED</id><published>2011-09-03T02:25:36.437+10:00</published><updated>2019-12-27T17:35:53.277+11:00</updated><category scheme='http://schemas.google.com/g/2005#kind' term='http://schemas.google.com/blogger/2008/kind#settings'/><title type='text'>The type of feed to provide for blog posts</title><content type='text'>FULL</content><link rel='edit' type='application/atom+xml' href='https://www.blogger.com/feeds/8208713778176397612/settings/BLOG_POST_FEED'/><link rel='self' type='application/atom+xml' href='https://www.blogger.com/feeds/8208713778176397612/settings/BLOG_POST_FEED'/><author><name>200ok</name><uri>https://www.blogger.com/profile/03236705748240585685</uri><email>noreply@blogger.com</email><gd:image rel='http://schemas.google.com/g/2005#thumbnail' width='32' height='32' src='//www.200ok.com.au/avatar.jpg'/></author></entry><entry><id>tag:blogger.com,1999:blog-8208713778176397612.settings.BLOG_POST_FEED_FOOTER</id><published>2011-09-03T02:25:36.437+10:00</published><updated>2019-12-27T17:35:53.277+11:00</updated><category scheme='http://schemas.google.com/g/2005#kind' term='http://schemas.google.com/blogger/2008/kind#settings'/><title type='text'>Footer to append to the end of each entry in the post feed</title><content type='text'></content><link rel='edit' type='application/atom+xml' href='https://www.blogger.com/feeds/8208713778176397612/settings/BLOG_POST_FEED_FOOTER'/><link rel='self' type='application/atom+xml' href='https://www.blogger.com/feeds/8208713778176397612/settings/BLOG_POST_FEED_FOOTER'/><author><name>200ok</name><uri>https://www.blogger.com/profile/03236705748240585685</uri><email>noreply@blogger.com</email><gd:image rel='http://schemas.google.com/g/2005#thumbnail' width='32' height='32' src='//www.200ok.com.au/avatar.jpg'/></author></entry><entry><id>tag:blogger.com,1999:blog-8208713778176397612.settings.BLOG_POST_TEMPLATE</id><published>2011-09-03T02:25:36.437+10:00</published><updated>2019-12-27T17:35:53.277+11:00</updated><category scheme='http://schemas.google.com/g/2005#kind' term='http://schemas.google.com/blogger/2008/kind#settings'/><title type='text'>The template for blog posts</title><content type='text'></content><link rel='edit' type='application/atom+xml' href='https://www.blogger.com/feeds/8208713778176397612/settings/BLOG_POST_TEMPLATE'/><link rel='self' type='application/atom+xml' href='https://www.blogger.com/feeds/8208713778176397612/settings/BLOG_POST_TEMPLATE'/><author><name>200ok</name><uri>https://www.blogger.com/profile/03236705748240585685</uri><email>noreply@blogger.com</email><gd:image rel='http://schemas.google.com/g/2005#thumbnail' width='32' height='32' src='//www.200ok.com.au/avatar.jpg'/></author></entry><entry><id>tag:blogger.com,1999:blog-8208713778176397612.settings.BLOG_PROMOTED</id><published>2011-09-03T02:25:36.437+10:00</published><updated>2019-12-27T17:35:53.277+11:00</updated><category scheme='http://schemas.google.com/g/2005#kind' term='http://schemas.google.com/blogger/2008/kind#settings'/><title type='text'>Whether this blog can be promoted on Blogger</title><content type='text'>false</content><link rel='edit' type='application/atom+xml' href='https://www.blogger.com/feeds/8208713778176397612/settings/BLOG_PROMOTED'/><link rel='self' type='application/atom+xml' href='https://www.blogger.com/feeds/8208713778176397612/settings/BLOG_PROMOTED'/><author><name>200ok</name><uri>https://www.blogger.com/profile/03236705748240585685</uri><email>noreply@blogger.com</email><gd:image rel='http://schemas.google.com/g/2005#thumbnail' width='32' height='32' src='//www.200ok.com.au/avatar.jpg'/></author></entry><entry><id>tag:blogger.com,1999:blog-8208713778176397612.settings.BLOG_QUICK_EDITING</id><published>2011-09-03T02:25:36.437+10:00</published><updated>2019-12-27T17:35:53.277+11:00</updated><category scheme='http://schemas.google.com/g/2005#kind' term='http://schemas.google.com/blogger/2008/kind#settings'/><title type='text'>Whether Quick Editing is enabled</title><content type='text'>false</content><link rel='edit' type='application/atom+xml' href='https://www.blogger.com/feeds/8208713778176397612/settings/BLOG_QUICK_EDITING'/><link rel='self' type='application/atom+xml' href='https://www.blogger.com/feeds/8208713778176397612/settings/BLOG_QUICK_EDITING'/><author><name>200ok</name><uri>https://www.blogger.com/profile/03236705748240585685</uri><email>noreply@blogger.com</email><gd:image rel='http://schemas.google.com/g/2005#thumbnail' width='32' height='32' src='//www.200ok.com.au/avatar.jpg'/></author></entry><entry><id>tag:blogger.com,1999:blog-8208713778176397612.settings.BLOG_READ_ACCESS_MODE</id><published>2011-09-03T02:25:36.437+10:00</published><updated>2019-12-27T17:35:53.277+11:00</updated><category scheme='http://schemas.google.com/g/2005#kind' term='http://schemas.google.com/blogger/2008/kind#settings'/><title type='text'>The access type for the readers of the blog.</title><content type='text'>PUBLIC</content><link rel='edit' type='application/atom+xml' href='https://www.blogger.com/feeds/8208713778176397612/settings/BLOG_READ_ACCESS_MODE'/><link rel='self' type='application/atom+xml' href='https://www.blogger.com/feeds/8208713778176397612/settings/BLOG_READ_ACCESS_MODE'/><author><name>200ok</name><uri>https://www.blogger.com/profile/03236705748240585685</uri><email>noreply@blogger.com</email><gd:image rel='http://schemas.google.com/g/2005#thumbnail' width='32' height='32' src='//www.200ok.com.au/avatar.jpg'/></author></entry><entry><id>tag:blogger.com,1999:blog-8208713778176397612.settings.BLOG_READER_PERMISSION</id><published>2011-09-03T02:25:36.437+10:00</published><updated>2019-12-27T17:35:53.277+11:00</updated><category scheme='http://schemas.google.com/g/2005#kind' term='http://schemas.google.com/blogger/2008/kind#settings'/><title type='text'>The list of emails for users who have permission to read the blog.</title><content type='text'></content><link rel='edit' type='application/atom+xml' href='https://www.blogger.com/feeds/8208713778176397612/settings/BLOG_READER_PERMISSION'/><link rel='self' type='application/atom+xml' href='https://www.blogger.com/feeds/8208713778176397612/settings/BLOG_READER_PERMISSION'/><author><name>200ok</name><uri>https://www.blogger.com/profile/03236705748240585685</uri><email>noreply@blogger.com</email><gd:image rel='http://schemas.google.com/g/2005#thumbnail' width='32' height='32' src='//www.200ok.com.au/avatar.jpg'/></author></entry><entry><id>tag:blogger.com,1999:blog-8208713778176397612.settings.BLOG_SEARCHABLE</id><published>2011-09-03T02:25:36.437+10:00</published><updated>2019-12-27T17:35:53.277+11:00</updated><category scheme='http://schemas.google.com/g/2005#kind' term='http://schemas.google.com/blogger/2008/kind#settings'/><title type='text'>Whether this blog should be indexed by search engines</title><content type='text'>false</content><link rel='edit' type='application/atom+xml' href='https://www.blogger.com/feeds/8208713778176397612/settings/BLOG_SEARCHABLE'/><link rel='self' type='application/atom+xml' href='https://www.blogger.com/feeds/8208713778176397612/settings/BLOG_SEARCHABLE'/><author><name>200ok</name><uri>https://www.blogger.com/profile/03236705748240585685</uri><email>noreply@blogger.com</email><gd:image rel='http://schemas.google.com/g/2005#thumbnail' width='32' height='32' src='//www.200ok.com.au/avatar.jpg'/></author></entry><entry><id>tag:blogger.com,1999:blog-8208713778176397612.settings.BLOG_SEND_EMAIL</id><published>2011-09-03T02:25:36.437+10:00</published><updated>2019-12-27T17:35:53.277+11:00</updated><category scheme='http://schemas.google.com/g/2005#kind' term='http://schemas.google.com/blogger/2008/kind#settings'/><title type='text'>Comma-separated list of emails to send new blog posts to</title><content type='text'>heretic@200ok.com.au</content><link rel='edit' type='application/atom+xml' href='https://www.blogger.com/feeds/8208713778176397612/settings/BLOG_SEND_EMAIL'/><link rel='self' type='application/atom+xml' href='https://www.blogger.com/feeds/8208713778176397612/settings/BLOG_SEND_EMAIL'/><author><name>200ok</name><uri>https://www.blogger.com/profile/03236705748240585685</uri><email>noreply@blogger.com</email><gd:image rel='http://schemas.google.com/g/2005#thumbnail' width='32' height='32' src='//www.200ok.com.au/avatar.jpg'/></author></entry><entry><id>tag:blogger.com,1999:blog-8208713778176397612.settings.BLOG_SHOW_TITLE</id><published>2011-09-03T02:25:36.437+10:00</published><updated>2019-12-27T17:35:53.277+11:00</updated><category scheme='http://schemas.google.com/g/2005#kind' term='http://schemas.google.com/blogger/2008/kind#settings'/><title type='text'>Whether to show the title field</title><content type='text'>true</content><link rel='edit' type='application/atom+xml' href='https://www.blogger.com/feeds/8208713778176397612/settings/BLOG_SHOW_TITLE'/><link rel='self' type='application/atom+xml' href='https://www.blogger.com/feeds/8208713778176397612/settings/BLOG_SHOW_TITLE'/><author><name>200ok</name><uri>https://www.blogger.com/profile/03236705748240585685</uri><email>noreply@blogger.com</email><gd:image rel='http://schemas.google.com/g/2005#thumbnail' width='32' height='32' src='//www.200ok.com.au/avatar.jpg'/></author></entry><entry><id>tag:blogger.com,1999:blog-8208713778176397612.settings.BLOG_SHOW_URL</id><published>2011-09-03T02:25:36.437+10:00</published><updated>2019-12-27T17:35:53.277+11:00</updated><category scheme='http://schemas.google.com/g/2005#kind' term='http://schemas.google.com/blogger/2008/kind#settings'/><title type='text'>Whether to show a related link box in the post composer</title><content type='text'>false</content><link rel='edit' type='application/atom+xml' href='https://www.blogger.com/feeds/8208713778176397612/settings/BLOG_SHOW_URL'/><link rel='self' type='application/atom+xml' href='https://www.blogger.com/feeds/8208713778176397612/settings/BLOG_SHOW_URL'/><author><name>200ok</name><uri>https://www.blogger.com/profile/03236705748240585685</uri><email>noreply@blogger.com</email><gd:image rel='http://schemas.google.com/g/2005#thumbnail' width='32' height='32' src='//www.200ok.com.au/avatar.jpg'/></author></entry><entry><id>tag:blogger.com,1999:blog-8208713778176397612.settings.BLOG_SUBDOMAIN</id><published>2011-09-03T02:25:36.437+10:00</published><updated>2019-12-27T17:35:53.277+11:00</updated><category scheme='http://schemas.google.com/g/2005#kind' term='http://schemas.google.com/blogger/2008/kind#settings'/><title type='text'>The BlogSpot subdomain under which to publish your blog</title><content type='text'>200ok-weblog-test</content><link rel='edit' type='application/atom+xml' href='https://www.blogger.com/feeds/8208713778176397612/settings/BLOG_SUBDOMAIN'/><link rel='self' type='application/atom+xml' href='https://www.blogger.com/feeds/8208713778176397612/settings/BLOG_SUBDOMAIN'/><author><name>200ok</name><uri>https://www.blogger.com/profile/03236705748240585685</uri><email>noreply@blogger.com</email><gd:image rel='http://schemas.google.com/g/2005#thumbnail' width='32' height='32' src='//www.200ok.com.au/avatar.jpg'/></author></entry><entry><id>tag:blogger.com,1999:blog-8208713778176397612.settings.BLOG_TIME_STAMP_FORMAT</id><published>2011-09-03T02:25:36.437+10:00</published><updated>2019-12-27T17:35:53.277+11:00</updated><category scheme='http://schemas.google.com/g/2005#kind' term='http://schemas.google.com/blogger/2008/kind#settings'/><title type='text'>The number of the time stamp format</title><content type='text'>5</content><link rel='edit' type='application/atom+xml' href='https://www.blogger.com/feeds/8208713778176397612/settings/BLOG_TIME_STAMP_FORMAT'/><link rel='self' type='application/atom+xml' href='https://www.blogger.com/feeds/8208713778176397612/settings/BLOG_TIME_STAMP_FORMAT'/><author><name>200ok</name><uri>https://www.blogger.com/profile/03236705748240585685</uri><email>noreply@blogger.com</email><gd:image rel='http://schemas.google.com/g/2005#thumbnail' width='32' height='32' src='//www.200ok.com.au/avatar.jpg'/></author></entry><entry><id>tag:blogger.com,1999:blog-8208713778176397612.settings.BLOG_TIME_ZONE</id><published>2011-09-03T02:25:36.437+10:00</published><updated>2019-12-27T17:35:53.277+11:00</updated><category scheme='http://schemas.google.com/g/2005#kind' term='http://schemas.google.com/blogger/2008/kind#settings'/><title type='text'>The time zone for this blog</title><content type='text'>Australia/Sydney</content><link rel='edit' type='application/atom+xml' href='https://www.blogger.com/feeds/8208713778176397612/settings/BLOG_TIME_ZONE'/><link rel='self' type='application/atom+xml' href='https://www.blogger.com/feeds/8208713778176397612/settings/BLOG_TIME_ZONE'/><author><name>200ok</name><uri>https://www.blogger.com/profile/03236705748240585685</uri><email>noreply@blogger.com</email><gd:image rel='http://schemas.google.com/g/2005#thumbnail' width='32' height='32' src='//www.200ok.com.au/avatar.jpg'/></author></entry><entry><id>tag:blogger.com,1999:blog-8208713778176397612.settings.BLOG_USE_LIGHTBOX</id><published>2011-09-03T02:25:36.437+10:00</published><updated>2019-12-27T17:35:53.277+11:00</updated><category scheme='http://schemas.google.com/g/2005#kind' term='http://schemas.google.com/blogger/2008/kind#settings'/><title type='text'>Whether to show images in the Lightbox when clicked</title><content type='text'>true</content><link rel='edit' type='application/atom+xml' href='https://www.blogger.com/feeds/8208713778176397612/settings/BLOG_USE_LIGHTBOX'/><link rel='self' type='application/atom+xml' href='https://www.blogger.com/feeds/8208713778176397612/settings/BLOG_USE_LIGHTBOX'/><author><name>200ok</name><uri>https://www.blogger.com/profile/03236705748240585685</uri><email>noreply@blogger.com</email><gd:image rel='http://schemas.google.com/g/2005#thumbnail' width='32' height='32' src='//www.200ok.com.au/avatar.jpg'/></author></entry><entry><id>tag:blogger.com,1999:blog-8208713778176397612.post-2968614290658965264</id><published>2018-07-07T18:14:00.002+10:00</published><updated>2018-07-07T18:14:47.078+10:00</updated><category scheme='http://schemas.google.com/g/2005#kind' term='http://schemas.google.com/blogger/2008/kind#post'/><title type='text'>oversize image</title><content type='html'>&lt;a href="https://4.bp.blogspot.com/-20WRfkyN3gI/VSkNBwbXBMI/AAAAAAAAhv4/ykoJmETc3esrpEM6qtukz6-D3hmQkHHJwCPcBGAYYCw/s1600/2015-01-02%2B15.45.52.jpg" imageanchor="1" &gt;&lt;img border="0" src="https://4.bp.blogspot.com/-20WRfkyN3gI/VSkNBwbXBMI/AAAAAAAAhv4/ykoJmETc3esrpEM6qtukz6-D3hmQkHHJwCPcBGAYYCw/s320/2015-01-02%2B15.45.52.jpg" width="320" height="237" data-original-width="1600" data-original-height="1185" /&gt;&lt;/a&gt;</content><link rel='edit' type='application/atom+xml' href='https://www.blogger.com/feeds/8208713778176397612/posts/default/2968614290658965264'/><link rel='self' type='application/atom+xml' href='https://www.blogger.com/feeds/8208713778176397612/posts/default/2968614290658965264'/><link rel='alternate' type='text/html' href='https://200ok-weblog-test.blogspot.com/2018/07/oversize-image.html' title='oversize image'/><author><name>200ok</name><uri>https://www.blogger.com/profile/03236705748240585685</uri><email>noreply@blogger.com</email><gd:image rel='http://schemas.google.com/g/2005#thumbnail' width='32' height='32' src='//www.200ok.com.au/avatar.jpg'/></author><media:thumbnail xmlns:media='http://search.yahoo.com/mrss/' url='https://4.bp.blogspot.com/-20WRfkyN3gI/VSkNBwbXBMI/AAAAAAAAhv4/ykoJmETc3esrpEM6qtukz6-D3hmQkHHJwCPcBGAYYCw/s72-c/2015-01-02%2B15.45.52.jpg' height='72' width='72'/></entry><entry><id>tag:blogger.com,1999:blog-8208713778176397612.post-8146864272524357874</id><published>2015-11-10T18:17:00.000+11:00</published><updated>2018-12-27T19:57:02.211+11:00</updated><category scheme='http://schemas.google.com/g/2005#kind' term='http://schemas.google.com/blogger/2008/kind#post'/><title type='text'>content test</title><content type='html'>&lt;p&gt;&lt;strong&gt;Sona si Latine loqueris.&lt;/strong&gt; &lt;em&gt;Si Hoc Legere Scis Nimium Eruditionis Habes.&lt;/em&gt; Sentio aliquos togatos contra me conspirare. Non calor sed umor est qui nobis incommodat. Quantum materiae materietur marmota monax si marmota monax materiam possit materiari? Utinam barbari spatium proprium tuum invadant! Di! Ecce hora! Uxor mea me necabit!&lt;/p&gt;&lt;a name='more'&gt;&lt;/a&gt;&lt;p&gt;Sona si Latine loqueris. Si Hoc Legere Scis Nimium Eruditionis Habes. Sentio aliquos togatos contra me conspirare. Non calor sed umor est qui nobis incommodat. &lt;q&gt;Quantum materiae materietur marmota monax si marmota monax materiam possit materiari?&lt;/q&gt; Utinam barbari spatium proprium tuum invadant! Di! Ecce hora! Uxor mea me necabit!&lt;/p&gt; &lt;div class="warning-note"&gt;    &lt;hr&gt;    &lt;p&gt;Warning note.&lt;/p&gt;    &lt;hr&gt;&lt;/div&gt; &lt;p&gt;Sona si Latine loqueris. Si Hoc Legere Scis Nimium Eruditionis Habes. Sentio aliquos togatos contra me conspirare. Non calor sed umor est qui nobis incommodat. &lt;q&gt;Quantum materiae materietur marmota monax si marmota monax materiam possit materiari?&lt;/q&gt; Utinam barbari spatium proprium tuum invadant! Di! Ecce hora! Uxor mea me necabit!&lt;/p&gt; &lt;p&gt;Sona si Latine loqueris. Si Hoc Legere Scis Nimium Eruditionis Habes. Sentio aliquos togatos contra me conspirare. Non calor sed umor est qui nobis incommodat. Quantum materiae materietur marmota monax si marmota monax materiam possit materiari? Utinam barbari spatium proprium tuum invadant! Di! Ecce hora! Uxor mea me necabit!&lt;/p&gt;&lt;ul&gt; &lt;li&gt;List item&lt;/li&gt; &lt;li&gt;List item&lt;/li&gt; &lt;li&gt;List item&lt;/li&gt;&lt;/ul&gt;&lt;p&gt;Sona si Latine loqueris. Si Hoc Legere Scis Nimium Eruditionis Habes. Sentio aliquos togatos contra me conspirare. Non calor sed umor est qui nobis incommodat. Quantum materiae materietur marmota monax si marmota monax materiam possit materiari? Utinam barbari spatium proprium tuum invadant! Di! Ecce hora! Uxor mea me necabit!&lt;/p&gt;&lt;dl&gt; &lt;dt&gt;term&lt;/dt&gt; &lt;dd&gt;definition&lt;/dd&gt; &lt;dt&gt;term&lt;/dt&gt; &lt;dd&gt;definition&lt;/dd&gt; &lt;dt&gt;term&lt;/dt&gt; &lt;dd&gt;definition&lt;/dd&gt;&lt;/dl&gt;&lt;p&gt;Sona si Latine loqueris. Si Hoc Legere Scis Nimium Eruditionis Habes. Sentio aliquos togatos contra me conspirare. Non calor sed umor est qui nobis incommodat. Quantum materiae materietur marmota monax si marmota monax materiam possit materiari? Utinam barbari spatium proprium tuum invadant! Di! Ecce hora! Uxor mea me necabit!&lt;/p&gt;&lt;ol&gt; &lt;li&gt;List item&lt;/li&gt; &lt;li&gt;List item&lt;/li&gt; &lt;li&gt;List item&lt;/li&gt;&lt;/ol&gt;&lt;p&gt;Sona si Latine loqueris. Si Hoc Legere Scis Nimium Eruditionis Habes. Sentio aliquos togatos contra me conspirare. Non calor sed umor est qui nobis incommodat. Quantum materiae materietur marmota monax si marmota monax materiam possit materiari? Utinam barbari spatium proprium tuum invadant! Di! Ecce hora! Uxor mea me necabit!&lt;/p&gt;&lt;blockquote&gt;&lt;p&gt;Sona si Latine loqueris. Si Hoc Legere Scis Nimium Eruditionis Habes. Sentio aliquos togatos contra me conspirare. Non calor sed umor est qui nobis incommodat. Quantum materiae materietur marmota monax si marmota monax materiam possit materiari? Utinam barbari spatium proprium tuum invadant! Di! Ecce hora! Uxor mea me necabit!&lt;/p&gt;  &lt;/blockquote&gt; &lt;p&gt;Sona si Latine loqueris. Si Hoc Legere Scis Nimium Eruditionis Habes. Sentio aliquos togatos contra me conspirare. Non calor sed umor est qui nobis incommodat. Quantum materiae materietur marmota monax si marmota monax materiam possit materiari? Utinam barbari spatium proprium tuum invadant! Di! Ecce hora! Uxor mea me necabit!&lt;/p&gt; &lt;pre&gt;&lt;br /&gt;.some-code {&lt;br /&gt; foo: bar;&lt;br /&gt;}&lt;br /&gt;&lt;/pre&gt; &lt;p&gt;Sona si Latine loqueris. Si Hoc Legere Scis Nimium Eruditionis Habes. Sentio aliquos togatos contra me conspirare. Non calor sed umor est qui nobis incommodat. Quantum materiae materietur marmota monax si marmota monax materiam possit materiari? Utinam barbari spatium proprium tuum invadant! Di! Ecce hora! Uxor mea me necabit!&lt;/p&gt; &lt;p&gt;&lt;code&gt;code code code code&lt;/code&gt;&lt;/p&gt; &lt;p&gt;Sona si Latine loqueris. Si Hoc Legere Scis Nimium Eruditionis Habes. Sentio aliquos togatos contra me conspirare. Non calor sed umor est qui nobis incommodat. Quantum materiae materietur marmota monax si marmota monax materiam possit materiari? Utinam barbari spatium proprium tuum invadant! Di! Ecce hora! Uxor mea me necabit!&lt;/p&gt; &lt;img src="https://farm1.staticflickr.com/737/21382432249_024bca2260_h.jpg" /&gt; &lt;p&gt;Small image linking to bigger image:&lt;/p&gt;&lt;a href="https://farm1.staticflickr.com/737/21382432249_024bca2260_h.jpg"&gt;&lt;img src="https://c1.staticflickr.com/1/737/21382432249_6960387868_m.jpg" /&gt;&lt;/a&gt; &lt;p&gt;Sona si Latine loqueris. Si Hoc Legere Scis Nimium Eruditionis Habes. Sentio aliquos togatos contra me conspirare. Non calor sed umor est qui nobis incommodat. Quantum materiae materietur marmota monax si marmota monax materiam possit materiari? Utinam barbari spatium proprium tuum invadant! Di! Ecce hora! Uxor mea me necabit!&lt;/p&gt; &lt;iframe width="420" height="315" src="https://www.youtube.com/embed/MPoNsWyWyjA" frameborder="0" allowfullscreen&gt;&lt;/iframe&gt; &lt;p&gt;Sona si Latine loqueris. Si Hoc Legere Scis Nimium Eruditionis Habes. Sentio aliquos togatos contra me conspirare. Non calor sed umor est qui nobis incommodat. Quantum materiae materietur marmota monax si marmota monax materiam possit materiari? Utinam barbari spatium proprium tuum invadant! Di! Ecce hora! Uxor mea me necabit!&lt;/p&gt; &lt;table border="1"&gt;    &lt;tbody&gt;&lt;tr&gt;      &lt;th scope="col"&gt;&amp;nbsp;&lt;/th&gt;      &lt;th scope="col"&gt;Original&lt;/th&gt;      &lt;th scope="col"&gt;Lindsay&lt;/th&gt;      &lt;th scope="col"&gt;Chris (Zepto) &lt;/th&gt;      &lt;th scope="col"&gt;Chris (no jQuery) &lt;/th&gt;      &lt;th scope="col"&gt;Steve&lt;/th&gt;      &lt;th scope="col"&gt;Gabe &lt;/th&gt;      &lt;th scope="col"&gt;Mine&lt;/th&gt;    &lt;/tr&gt;     &lt;tr&gt;      &lt;th scope="row"&gt;Summary&lt;/th&gt;      &lt;td&gt;jQuery &lt;/td&gt;      &lt;td&gt;Better jQuery &lt;/td&gt;      &lt;td&gt;Replaced jQuery with Zepto &lt;/td&gt;      &lt;td&gt;Removed jQuery &lt;/td&gt;      &lt;td&gt;Removed jQuery, wrote library&lt;/td&gt;      &lt;td&gt;Rewrote in Coffeescript&lt;/td&gt;      &lt;td&gt;Removed jQuery&lt;/td&gt;    &lt;/tr&gt;    &lt;tr&gt;      &lt;th scope="row"&gt;Requires&lt;/th&gt;      &lt;td&gt;jQuery 1.4 &lt;/td&gt;      &lt;td&gt;jQuery 1.6 &lt;/td&gt;      &lt;td&gt;Zepto&lt;/td&gt;      &lt;td&gt;none&lt;/td&gt;      &lt;td&gt;none&lt;/td&gt;      &lt;td&gt;jQuery 1.4, Coffeescript&lt;/td&gt;      &lt;td&gt;none&lt;/td&gt;    &lt;/tr&gt;    &lt;tr&gt;      &lt;th scope="row"&gt;&lt;abbr title="Lines Of Code"&gt;LOC&lt;/abbr&gt;&lt;/th&gt;      &lt;td&gt;67&lt;/td&gt;      &lt;td&gt;56&lt;/td&gt;      &lt;td&gt;67&lt;/td&gt;      &lt;td&gt;50&lt;/td&gt;      &lt;td&gt;108&lt;/td&gt;      &lt;td&gt;&lt;p&gt;CS: 64&lt;br&gt;          JS: 71&lt;br&gt;&lt;/p&gt;        &lt;/td&gt;      &lt;td&gt;40&lt;/td&gt;    &lt;/tr&gt;    &lt;tr&gt;      &lt;th scope="row"&gt;Page weight (kb) &lt;/th&gt;      &lt;td&gt;34.2&lt;/td&gt;      &lt;td&gt;38.3&lt;/td&gt;      &lt;td&gt;8.2&lt;/td&gt;      &lt;td&gt;2.8&lt;/td&gt;      &lt;td&gt;4.2&lt;/td&gt;      &lt;td&gt;32.7&lt;/td&gt;      &lt;td&gt;7&lt;/td&gt;    &lt;/tr&gt;    &lt;tr&gt;      &lt;th scope="row"&gt;Execution time (ms) &lt;/th&gt;      &lt;td&gt; 0.041932&lt;/td&gt;      &lt;td&gt; 0.038928&lt;/td&gt;      &lt;td&gt; 0.100244&lt;/td&gt;      &lt;td&gt; 0.005836&lt;/td&gt;      &lt;td&gt; 0.034735&lt;/td&gt;      &lt;td&gt; 0.027839&lt;/td&gt;      &lt;td&gt; 0.006083&lt;/td&gt;    &lt;/tr&gt;    &lt;tr&gt;      &lt;th scope="row"&gt;Execution +/- (%)&lt;/th&gt;      &lt;td&gt;0&lt;/td&gt;      &lt;td&gt;-7%&lt;/td&gt;      &lt;td&gt;+139%&lt;/td&gt;      &lt;td&gt;-86%&lt;/td&gt;      &lt;td&gt;-17%&lt;/td&gt;      &lt;td&gt;-33% &lt;/td&gt;      &lt;td&gt;-85%&lt;/td&gt;    &lt;/tr&gt;    &lt;tr&gt;      &lt;th scope="row"&gt;Notes&lt;/th&gt;      &lt;td&gt;Written quickly. &lt;/td&gt;      &lt;td&gt;Check out the &lt;a href="https://github.com/lindsayevans/sydjs-laksa-refactor/blob/070ecab7772016924a89b744424ef534376334a1/refactor.html"&gt;mad ternary version&lt;/a&gt;!  &lt;/td&gt;      &lt;td&gt;Breaks in Firefox (uses innerText) &lt;/td&gt;      &lt;td&gt;&amp;nbsp;&lt;/td&gt;      &lt;td&gt;Steve says it needs a refactor. &lt;/td&gt;      &lt;td&gt;With tests: LOC 154/141. Exec time 0.157247 (+275%)&lt;br&gt;&lt;/td&gt;      &lt;td&gt; 2.3kb without the ascii art!&lt;/td&gt;    &lt;/tr&gt;  &lt;/tbody&gt;&lt;/table&gt;   &lt;p&gt;Sona si Latine loqueris. Si Hoc Legere Scis Nimium Eruditionis Habes. Sentio aliquos togatos contra me conspirare. Non calor sed umor est qui nobis incommodat. Quantum materiae materietur marmota monax si marmota monax materiam possit materiari? Utinam barbari spatium proprium tuum invadant! Di! Ecce hora! Uxor mea me necabit!&lt;/p&gt;  &lt;table border="1"&gt; &lt;thead&gt;     &lt;tr&gt;       &lt;th scope="col"&gt;Bar&lt;/th&gt;       &lt;th scope="col"&gt;Bar&lt;/th&gt;       &lt;th scope="col"&gt;Bar&lt;/th&gt;     &lt;/tr&gt;    &lt;/thead&gt; &lt;tbody&gt;     &lt;tr&gt;       &lt;th scope="row"&gt;Foo&lt;/th&gt;       &lt;td&gt;Sona si Latine loqueris. Si Hoc Legere Scis Nimium Eruditionis Habes. Sentio aliquos togatos contra me conspirare. Non calor sed umor est qui nobis incommodat. Quantum materiae materietur marmota monax si marmota monax materiam possit materiari? Utinam barbari spatium proprium tuum invadant! Di! Ecce hora! Uxor mea me necabit!&lt;/td&gt;       &lt;td&gt;Sona si Latine loqueris. Si Hoc Legere Scis Nimium Eruditionis Habes. Sentio aliquos togatos contra me conspirare. Non calor sed umor est qui nobis incommodat. Quantum materiae materietur marmota monax si marmota monax materiam possit materiari? Utinam barbari spatium proprium tuum invadant! Di! Ecce hora! Uxor mea me necabit!&lt;/td&gt;     &lt;/tr&gt;     &lt;tr&gt;       &lt;th scope="row"&gt;Foo&lt;/th&gt;       &lt;td&gt;Sona si Latine loqueris. Si Hoc Legere Scis Nimium Eruditionis Habes. Sentio aliquos togatos contra me conspirare. Non calor sed umor est qui nobis incommodat. Quantum materiae materietur marmota monax si marmota monax materiam possit materiari? Utinam barbari spatium proprium tuum invadant! Di! Ecce hora! Uxor mea me necabit!&lt;/td&gt;       &lt;td&gt;Sona si Latine loqueris. Si Hoc Legere Scis Nimium Eruditionis Habes. Sentio aliquos togatos contra me conspirare. Non calor sed umor est qui nobis incommodat. Quantum materiae materietur marmota monax si marmota monax materiam possit materiari? Utinam barbari spatium proprium tuum invadant! Di! Ecce hora! Uxor mea me necabit!&lt;/td&gt;     &lt;/tr&gt; &lt;/tbody&gt;&lt;/table&gt;  &lt;p&gt;Sona si Latine loqueris. Si Hoc Legere Scis Nimium Eruditionis Habes. Sentio aliquos togatos contra me conspirare. Non calor sed umor est qui nobis incommodat. Quantum materiae materietur marmota monax si marmota monax materiam possit materiari? Utinam barbari spatium proprium tuum invadant! Di! Ecce hora! Uxor mea me necabit!&lt;/p&gt;  &lt;a href="https://1.bp.blogspot.com/-Fpw9noIX5MA/VkNZ7HMFWKI/AAAAAAAAlZE/5n_V-RKk_Uk/s1600/sq2-mpc.gif" imageanchor="1" &gt;&lt;img border="0" src="https://1.bp.blogspot.com/-Fpw9noIX5MA/VkNZ7HMFWKI/AAAAAAAAlZE/5n_V-RKk_Uk/s320/sq2-mpc.gif" alt="test alt" /&gt;&lt;/a&gt; </content><link rel='edit' type='application/atom+xml' href='https://www.blogger.com/feeds/8208713778176397612/posts/default/8146864272524357874'/><link rel='self' type='application/atom+xml' href='https://www.blogger.com/feeds/8208713778176397612/posts/default/8146864272524357874'/><link rel='alternate' type='text/html' href='https://200ok-weblog-test.blogspot.com/2015/11/content-test.html' title='content test'/><author><name>200ok</name><uri>https://www.blogger.com/profile/03236705748240585685</uri><email>noreply@blogger.com</email><gd:image rel='http://schemas.google.com/g/2005#thumbnail' width='32' height='32' src='//www.200ok.com.au/avatar.jpg'/></author><media:thumbnail xmlns:media='http://search.yahoo.com/mrss/' url='https://i.ytimg.com/vi/MPoNsWyWyjA/default.jpg' height='72' width='72'/></entry><entry><id>tag:blogger.com,1999:blog-8208713778176397612.post-4661898186439101681</id><published>2015-09-27T21:04:00.001+10:00</published><updated>2015-09-27T21:04:08.082+10:00</updated><category scheme='http://schemas.google.com/g/2005#kind' term='http://schemas.google.com/blogger/2008/kind#post'/><title type='text'>tattooed authentic</title><content type='html'>&lt;p&gt;Et minim accusamus laborum, irony salvia trust fund.  Raw denim cray accusamus, tumblr nihil banh mi retro reprehenderit  assumenda truffaut keytar before they sold out lo-fi consectetur irony.  Irure  single-origin coffee fingerstache, leggings elit tumblr VHS polaroid vegan twee godard deserunt  accusamus before they sold out.  Ea quis viral, pitchfork cray direct trade  VHS cred wolf cupidatat.  Culpa  minim wayfarers, skateboard quis cliche mollit.  Typewriter craft beer kale chips wayfarers, adipisicing 3 wolf moon fap brunch est  echo park kogi fingerstache VHS.  Eiusmod officia  carles accusamus, magna hoodie thundercats beard lomo banksy organic.&lt;/p&gt;&lt;a name='more'&gt;&lt;/a&gt;&lt;p&gt;Nisi forage +1, food truck bespoke single-origin coffee artisan.  Flexitarian yr gluten-free DIY consequat wolf.  Placeat seitan enim, hoodie cardigan thundercats eiusmod do semiotics craft beer velit.  Occupy cred assumenda odd future.  Hella +1 etsy swag aliqua.  Brunch non  exercitation tattooed authentic.  Aliquip ex dolore VHS nostrud.&lt;/p&gt;&lt;p&gt;Et banksy irure, ethnic aute  do street art butcher jean shorts sint  3 wolf moon artisan pop-up farm-to-table williamsburg.  Pariatur qui  nostrud incididunt voluptate  mustache vice pitchfork typewriter.  Ad nulla  wayfarers retro, locavore ut next level semiotics hoodie trust fund in  single-origin coffee.  American apparel incididunt excepteur  est  yr jean shorts farm-to-table culpa.  Pitchfork quis est  duis.  Hoodie laborum ad chambray mcsweeney's vinyl fap art party.  Pitchfork jean shorts magna aliqua sapiente id, you probably haven't heard of them laboris.&lt;/p&gt;&lt;p&gt;Beard pork belly farm-to-table, voluptate  adipisicing tumblr chambray wes anderson sriracha kale chips placeat mixtape cosby sweater.  Twee fugiat  fap adipisicing helvetica nihil, incididunt eu  proident kogi ullamco tofu sartorial jean shorts.  Pour-over lo-fi cupidatat  gluten-free.  Tofu brunch aliqua, deserunt  nesciunt farm-to-table hoodie jean shorts dolor  nulla  pork belly.  Small batch aesthetic id, ethical twee polaroid keffiyeh dreamcatcher biodiesel cardigan salvia jean shorts in.  Semiotics pop-up echo park single-origin coffee gastropub occupy.  Laboris  anim  freegan, ad pickled butcher nisi before they sold out dolor  chambray est  semiotics helvetica.&lt;/p&gt;</content><link rel='edit' type='application/atom+xml' href='https://www.blogger.com/feeds/8208713778176397612/posts/default/4661898186439101681'/><link rel='self' type='application/atom+xml' href='https://www.blogger.com/feeds/8208713778176397612/posts/default/4661898186439101681'/><link rel='alternate' type='text/html' href='https://200ok-weblog-test.blogspot.com/2015/09/tattooed-authentic.html' title='tattooed authentic'/><author><name>200ok</name><uri>https://www.blogger.com/profile/03236705748240585685</uri><email>noreply@blogger.com</email><gd:image rel='http://schemas.google.com/g/2005#thumbnail' width='32' height='32' src='//www.200ok.com.au/avatar.jpg'/></author></entry><entry><id>tag:blogger.com,1999:blog-8208713778176397612.post-1666616624114269778</id><published>2014-01-12T01:19:00.001+11:00</published><updated>2014-01-12T01:19:16.430+11:00</updated><app:control xmlns:app='http://purl.org/atom/app#'><app:draft>yes</app:draft></app:control><category scheme='http://schemas.google.com/g/2005#kind' term='http://schemas.google.com/blogger/2008/kind#post'/><title type='text'></title><content type='html'></content><link rel='edit' type='application/atom+xml' href='https://www.blogger.com/feeds/8208713778176397612/posts/default/1666616624114269778'/><link rel='self' type='application/atom+xml' href='https://www.blogger.com/feeds/8208713778176397612/posts/default/1666616624114269778'/><author><name>200ok</name><uri>https://www.blogger.com/profile/03236705748240585685</uri><email>noreply@blogger.com</email><gd:image rel='http://schemas.google.com/g/2005#thumbnail' width='32' height='32' src='//www.200ok.com.au/avatar.jpg'/></author></entry><entry><id>tag:blogger.com,1999:blog-8208713778176397612.post-3252217494363372199</id><published>2013-11-01T00:57:00.000+11:00</published><updated>2013-11-01T00:57:04.719+11:00</updated><app:control xmlns:app='http://purl.org/atom/app#'><app:draft>yes</app:draft></app:control><category scheme='http://schemas.google.com/g/2005#kind' term='http://schemas.google.com/blogger/2008/kind#post'/><category scheme='http://www.blogger.com/atom/ns#' term='label3'/><title type='text'>wolf brunch</title><content type='html'>&lt;p&gt;Et minim accusamus laborum, irony salvia trust fund.  Raw denim cray accusamus, tumblr nihil banh mi retro reprehenderit  assumenda truffaut keytar before they sold out lo-fi consectetur irony.  Irure  single-origin coffee fingerstache, leggings elit tumblr VHS polaroid vegan twee godard deserunt  accusamus before they sold out.  Ea quis viral, pitchfork cray direct trade  VHS cred wolf cupidatat.  Culpa  minim wayfarers, skateboard quis cliche mollit.  Typewriter craft beer kale chips wayfarers, adipisicing 3 wolf moon fap brunch est  echo park kogi fingerstache VHS.  Eiusmod officia  carles accusamus, magna hoodie thundercats beard lomo banksy organic.&lt;/p&gt;&lt;a name='more'&gt;&lt;/a&gt;&lt;p&gt;Nisi forage +1, food truck bespoke single-origin coffee artisan.  Flexitarian yr gluten-free DIY consequat wolf.  Placeat seitan enim, hoodie cardigan thundercats eiusmod do semiotics craft beer velit.  Occupy cred assumenda odd future.  Hella +1 etsy swag aliqua.  Brunch non  exercitation tattooed authentic.  Aliquip ex dolore VHS nostrud.&lt;/p&gt;&lt;p&gt;Et banksy irure, ethnic aute  do street art butcher jean shorts sint  3 wolf moon artisan pop-up farm-to-table williamsburg.  Pariatur qui  nostrud incididunt voluptate  mustache vice pitchfork typewriter.  Ad nulla  wayfarers retro, locavore ut next level semiotics hoodie trust fund in  single-origin coffee.  American apparel incididunt excepteur  est  yr jean shorts farm-to-table culpa.  Pitchfork quis est  duis.  Hoodie laborum ad chambray mcsweeney's vinyl fap art party.  Pitchfork jean shorts magna aliqua sapiente id, you probably haven't heard of them laboris.&lt;/p&gt;&lt;p&gt;Beard pork belly farm-to-table, voluptate  adipisicing tumblr chambray wes anderson sriracha kale chips placeat mixtape cosby sweater.  Twee fugiat  fap adipisicing helvetica nihil, incididunt eu  proident kogi ullamco tofu sartorial jean shorts.  Pour-over lo-fi cupidatat  gluten-free.  Tofu brunch aliqua, deserunt  nesciunt farm-to-table hoodie jean shorts dolor  nulla  pork belly.  Small batch aesthetic id, ethical twee polaroid keffiyeh dreamcatcher biodiesel cardigan salvia jean shorts in.  Semiotics pop-up echo park single-origin coffee gastropub occupy.  Laboris  anim  freegan, ad pickled butcher nisi before they sold out dolor  chambray est  semiotics helvetica.&lt;/p&gt;</content><link rel='edit' type='application/atom+xml' href='https://www.blogger.com/feeds/8208713778176397612/posts/default/3252217494363372199'/><link rel='self' type='application/atom+xml' href='https://www.blogger.com/feeds/8208713778176397612/posts/default/3252217494363372199'/><author><name>200ok</name><uri>https://www.blogger.com/profile/03236705748240585685</uri><email>noreply@blogger.com</email><gd:image rel='http://schemas.google.com/g/2005#thumbnail' width='32' height='32' src='//www.200ok.com.au/avatar.jpg'/></author></entry><entry><id>tag:blogger.com,1999:blog-8208713778176397612.post-5012139387586632810</id><published>2013-11-01T00:56:00.004+11:00</published><updated>2015-03-02T23:04:42.671+11:00</updated><category scheme='http://schemas.google.com/g/2005#kind' term='http://schemas.google.com/blogger/2008/kind#post'/><category scheme='http://www.blogger.com/atom/ns#' term='label2'/><category scheme='http://www.blogger.com/atom/ns#' term='label1'/><category scheme='http://www.blogger.com/atom/ns#' term='label3'/><title type='text'>pitchfork cray</title><content type='html'>&lt;p&gt;Et minim accusamus laborum, irony salvia trust fund.  Raw denim cray accusamus, tumblr nihil banh mi retro reprehenderit  assumenda truffaut keytar before they sold out lo-fi consectetur irony.  Irure  single-origin coffee fingerstache, leggings elit tumblr VHS polaroid vegan twee godard deserunt  accusamus before they sold out.  Ea quis viral, pitchfork cray direct trade  VHS cred wolf cupidatat.  Culpa  minim wayfarers, skateboard quis cliche mollit.  Typewriter craft beer kale chips wayfarers, adipisicing 3 wolf moon fap brunch est  echo park kogi fingerstache VHS.  Eiusmod officia  carles accusamus, magna hoodie thundercats beard lomo banksy organic.&lt;/p&gt;&lt;p&gt;'More' cut follows this line.&lt;/p&gt;&lt;a name='more'&gt;&lt;/a&gt;&lt;p&gt;This content should not appear on homepage.&lt;/p&gt;&lt;p&gt;Nisi forage +1, food truck bespoke single-origin coffee artisan.  Flexitarian yr gluten-free DIY consequat wolf.  Placeat seitan enim, hoodie cardigan thundercats eiusmod do semiotics craft beer velit.  Occupy cred assumenda odd future.  Hella +1 etsy swag aliqua.  Brunch non  exercitation tattooed authentic.  Aliquip ex dolore VHS nostrud.&lt;/p&gt;&lt;p&gt;Et banksy irure, ethnic aute  do street art butcher jean shorts sint  3 wolf moon artisan pop-up farm-to-table williamsburg.  Pariatur qui  nostrud incididunt voluptate  mustache vice pitchfork typewriter.  Ad nulla  wayfarers retro, locavore ut next level semiotics hoodie trust fund in  single-origin coffee.  American apparel incididunt excepteur  est  yr jean shorts farm-to-table culpa.  Pitchfork quis est  duis.  Hoodie laborum ad chambray mcsweeney's vinyl fap art party.  Pitchfork jean shorts magna aliqua sapiente id, you probably haven't heard of them laboris.&lt;/p&gt;&lt;p&gt;Beard pork belly farm-to-table, voluptate  adipisicing tumblr chambray wes anderson sriracha kale chips placeat mixtape cosby sweater.  Twee fugiat  fap adipisicing helvetica nihil, incididunt eu  proident kogi ullamco tofu sartorial jean shorts.  Pour-over lo-fi cupidatat  gluten-free.  Tofu brunch aliqua, deserunt  nesciunt farm-to-table hoodie jean shorts dolor  nulla  pork belly.  Small batch aesthetic id, ethical twee polaroid keffiyeh dreamcatcher biodiesel cardigan salvia jean shorts in.  Semiotics pop-up echo park single-origin coffee gastropub occupy.  Laboris  anim  freegan, ad pickled butcher nisi before they sold out dolor  chambray est  semiotics helvetica.&lt;/p&gt;</content><link rel='edit' type='application/atom+xml' href='https://www.blogger.com/feeds/8208713778176397612/posts/default/5012139387586632810'/><link rel='self' type='application/atom+xml' href='https://www.blogger.com/feeds/8208713778176397612/posts/default/5012139387586632810'/><link rel='alternate' type='text/html' href='https://200ok-weblog-test.blogspot.com/2013/11/pitchfork-cray.html' title='pitchfork cray'/><author><name>200ok</name><uri>https://www.blogger.com/profile/03236705748240585685</uri><email>noreply@blogger.com</email><gd:image rel='http://schemas.google.com/g/2005#thumbnail' width='32' height='32' src='//www.200ok.com.au/avatar.jpg'/></author></entry><entry><id>tag:blogger.com,1999:blog-8208713778176397612.post-4049156646748610070</id><published>2012-10-27T17:54:00.002+11:00</published><updated>2012-11-03T20:49:20.308+11:00</updated><category scheme='http://schemas.google.com/g/2005#kind' term='http://schemas.google.com/blogger/2008/kind#post'/><category scheme='http://www.blogger.com/atom/ns#' term='label2'/><category scheme='http://www.blogger.com/atom/ns#' term='label1'/><category scheme='http://www.blogger.com/atom/ns#' term='label3'/><title type='text'>semiotics hoodie</title><content type='html'>&lt;p&gt;Et minim accusamus laborum, irony salvia trust fund.  Raw denim cray accusamus, tumblr nihil banh mi retro reprehenderit  assumenda truffaut keytar before they sold out lo-fi consectetur irony.  Irure  single-origin coffee fingerstache, leggings elit tumblr VHS polaroid vegan twee godard deserunt  accusamus before they sold out.  Ea quis viral, pitchfork cray direct trade  VHS cred wolf cupidatat.  Culpa  minim wayfarers, skateboard quis cliche mollit.  Typewriter craft beer kale chips wayfarers, adipisicing 3 wolf moon fap brunch est  echo park kogi fingerstache VHS.  Eiusmod officia  carles accusamus, magna hoodie thundercats beard lomo banksy organic.&lt;/p&gt;&lt;a name='more'&gt;&lt;/a&gt;&lt;p&gt;Nisi forage +1, food truck bespoke single-origin coffee artisan.  Flexitarian yr gluten-free DIY consequat wolf.  Placeat seitan enim, hoodie cardigan thundercats eiusmod do semiotics craft beer velit.  Occupy cred assumenda odd future.  Hella +1 etsy swag aliqua.  Brunch non  exercitation tattooed authentic.  Aliquip ex dolore VHS nostrud.&lt;/p&gt;&lt;p&gt;Et banksy irure, ethnic aute  do street art butcher jean shorts sint  3 wolf moon artisan pop-up farm-to-table williamsburg.  Pariatur qui  nostrud incididunt voluptate  mustache vice pitchfork typewriter.  Ad nulla  wayfarers retro, locavore ut next level semiotics hoodie trust fund in  single-origin coffee.  American apparel incididunt excepteur  est  yr jean shorts farm-to-table culpa.  Pitchfork quis est  duis.  Hoodie laborum ad chambray mcsweeney's vinyl fap art party.  Pitchfork jean shorts magna aliqua sapiente id, you probably haven't heard of them laboris.&lt;/p&gt;&lt;p&gt;Beard pork belly farm-to-table, voluptate  adipisicing tumblr chambray wes anderson sriracha kale chips placeat mixtape cosby sweater.  Twee fugiat  fap adipisicing helvetica nihil, incididunt eu  proident kogi ullamco tofu sartorial jean shorts.  Pour-over lo-fi cupidatat  gluten-free.  Tofu brunch aliqua, deserunt  nesciunt farm-to-table hoodie jean shorts dolor  nulla  pork belly.  Small batch aesthetic id, ethical twee polaroid keffiyeh dreamcatcher biodiesel cardigan salvia jean shorts in.  Semiotics pop-up echo park single-origin coffee gastropub occupy.  Laboris  anim  freegan, ad pickled butcher nisi before they sold out dolor  chambray est  semiotics helvetica.&lt;/p&gt;</content><link rel='edit' type='application/atom+xml' href='https://www.blogger.com/feeds/8208713778176397612/posts/default/4049156646748610070'/><link rel='self' type='application/atom+xml' href='https://www.blogger.com/feeds/8208713778176397612/posts/default/4049156646748610070'/><link rel='alternate' type='text/html' href='https://200ok-weblog-test.blogspot.com/2012/10/semiotics-hoodie.html' title='semiotics hoodie'/><author><name>200ok</name><uri>https://www.blogger.com/profile/03236705748240585685</uri><email>noreply@blogger.com</email><gd:image rel='http://schemas.google.com/g/2005#thumbnail' width='32' height='32' src='//www.200ok.com.au/avatar.jpg'/></author></entry><entry><id>tag:blogger.com,1999:blog-8208713778176397612.post-5561409165932312156</id><published>2012-10-27T17:53:00.000+11:00</published><updated>2012-11-03T20:49:35.174+11:00</updated><category scheme='http://schemas.google.com/g/2005#kind' term='http://schemas.google.com/blogger/2008/kind#post'/><category scheme='http://www.blogger.com/atom/ns#' term='label2'/><category scheme='http://www.blogger.com/atom/ns#' term='label1'/><category scheme='http://www.blogger.com/atom/ns#' term='label3'/><title type='text'>craft beer kale chips wayfarers</title><content type='html'>&lt;p&gt;Et minim accusamus laborum, irony salvia trust fund.  Raw denim cray accusamus, tumblr nihil banh mi retro reprehenderit  assumenda truffaut keytar before they sold out lo-fi consectetur irony.  Irure  single-origin coffee fingerstache, leggings elit tumblr VHS polaroid vegan twee godard deserunt  accusamus before they sold out.  Ea quis viral, pitchfork cray direct trade  VHS cred wolf cupidatat.  Culpa  minim wayfarers, skateboard quis cliche mollit.  Typewriter craft beer kale chips wayfarers, adipisicing 3 wolf moon fap brunch est  echo park kogi fingerstache VHS.  Eiusmod officia  carles accusamus, magna hoodie thundercats beard lomo banksy organic.&lt;/p&gt;&lt;p&gt;Nisi forage +1, food truck bespoke single-origin coffee artisan.  Flexitarian yr gluten-free DIY consequat wolf.  Placeat seitan enim, hoodie cardigan thundercats eiusmod do semiotics craft beer velit.  Occupy cred assumenda odd future.  Hella +1 etsy swag aliqua.  Brunch non  exercitation tattooed authentic.  Aliquip ex dolore VHS nostrud.&lt;/p&gt;&lt;p&gt;Et banksy irure, ethnic aute  do street art butcher jean shorts sint  3 wolf moon artisan pop-up farm-to-table williamsburg.  Pariatur qui  nostrud incididunt voluptate  mustache vice pitchfork typewriter.  Ad nulla  wayfarers retro, locavore ut next level semiotics hoodie trust fund in  single-origin coffee.  American apparel incididunt excepteur  est  yr jean shorts farm-to-table culpa.  Pitchfork quis est  duis.  Hoodie laborum ad chambray mcsweeney's vinyl fap art party.  Pitchfork jean shorts magna aliqua sapiente id, you probably haven't heard of them laboris.&lt;/p&gt;&lt;p&gt;Beard pork belly farm-to-table, voluptate  adipisicing tumblr chambray wes anderson sriracha kale chips placeat mixtape cosby sweater.  Twee fugiat  fap adipisicing helvetica nihil, incididunt eu  proident kogi ullamco tofu sartorial jean shorts.  Pour-over lo-fi cupidatat  gluten-free.  Tofu brunch aliqua, deserunt  nesciunt farm-to-table hoodie jean shorts dolor  nulla  pork belly.  Small batch aesthetic id, ethical twee polaroid keffiyeh dreamcatcher biodiesel cardigan salvia jean shorts in.  Semiotics pop-up echo park single-origin coffee gastropub occupy.  Laboris  anim  freegan, ad pickled butcher nisi before they sold out dolor  chambray est  semiotics helvetica.&lt;/p&gt;</content><link rel='edit' type='application/atom+xml' href='https://www.blogger.com/feeds/8208713778176397612/posts/default/5561409165932312156'/><link rel='self' type='application/atom+xml' href='https://www.blogger.com/feeds/8208713778176397612/posts/default/5561409165932312156'/><link rel='alternate' type='text/html' href='https://200ok-weblog-test.blogspot.com/2012/10/craft-beer-kale-chips-wayfarers.html' title='craft beer kale chips wayfarers'/><author><name>200ok</name><uri>https://www.blogger.com/profile/03236705748240585685</uri><email>noreply@blogger.com</email><gd:image rel='http://schemas.google.com/g/2005#thumbnail' width='32' height='32' src='//www.200ok.com.au/avatar.jpg'/></author></entry><entry><id>tag:blogger.com,1999:blog-8208713778176397612.post-5923563216522379211</id><published>2012-10-27T17:51:00.002+11:00</published><updated>2012-11-03T20:49:46.632+11:00</updated><category scheme='http://schemas.google.com/g/2005#kind' term='http://schemas.google.com/blogger/2008/kind#post'/><category scheme='http://www.blogger.com/atom/ns#' term='label2'/><category scheme='http://www.blogger.com/atom/ns#' term='label1'/><category scheme='http://www.blogger.com/atom/ns#' term='label3'/><title type='text'>food truck bespoke single-origin coffee</title><content type='html'>&lt;p&gt;Et minim accusamus laborum, irony salvia trust fund.  Raw denim cray accusamus, tumblr nihil banh mi retro reprehenderit  assumenda truffaut keytar before they sold out lo-fi consectetur irony.  Irure  single-origin coffee fingerstache, leggings elit tumblr VHS polaroid vegan twee godard deserunt  accusamus before they sold out.  Ea quis viral, pitchfork cray direct trade  VHS cred wolf cupidatat.  Culpa  minim wayfarers, skateboard quis cliche mollit.  Typewriter craft beer kale chips wayfarers, adipisicing 3 wolf moon fap brunch est  echo park kogi fingerstache VHS.  Eiusmod officia  carles accusamus, magna hoodie thundercats beard lomo banksy organic.&lt;/p&gt;&lt;p&gt;Nisi forage +1, food truck bespoke single-origin coffee artisan.  Flexitarian yr gluten-free DIY consequat wolf.  Placeat seitan enim, hoodie cardigan thundercats eiusmod do semiotics craft beer velit.  Occupy cred assumenda odd future.  Hella +1 etsy swag aliqua.  Brunch non  exercitation tattooed authentic.  Aliquip ex dolore VHS nostrud.&lt;/p&gt;&lt;p&gt;Et banksy irure, ethnic aute  do street art butcher jean shorts sint  3 wolf moon artisan pop-up farm-to-table williamsburg.  Pariatur qui  nostrud incididunt voluptate  mustache vice pitchfork typewriter.  Ad nulla  wayfarers retro, locavore ut next level semiotics hoodie trust fund in  single-origin coffee.  American apparel incididunt excepteur  est  yr jean shorts farm-to-table culpa.  Pitchfork quis est  duis.  Hoodie laborum ad chambray mcsweeney's vinyl fap art party.  Pitchfork jean shorts magna aliqua sapiente id, you probably haven't heard of them laboris.&lt;/p&gt;&lt;p&gt;Beard pork belly farm-to-table, voluptate  adipisicing tumblr chambray wes anderson sriracha kale chips placeat mixtape cosby sweater.  Twee fugiat  fap adipisicing helvetica nihil, incididunt eu  proident kogi ullamco tofu sartorial jean shorts.  Pour-over lo-fi cupidatat  gluten-free.  Tofu brunch aliqua, deserunt  nesciunt farm-to-table hoodie jean shorts dolor  nulla  pork belly.  Small batch aesthetic id, ethical twee polaroid keffiyeh dreamcatcher biodiesel cardigan salvia jean shorts in.  Semiotics pop-up echo park single-origin coffee gastropub occupy.  Laboris  anim  freegan, ad pickled butcher nisi before they sold out dolor  chambray est  semiotics helvetica.&lt;/p&gt;</content><link rel='edit' type='application/atom+xml' href='https://www.blogger.com/feeds/8208713778176397612/posts/default/5923563216522379211'/><link rel='self' type='application/atom+xml' href='https://www.blogger.com/feeds/8208713778176397612/posts/default/5923563216522379211'/><link rel='alternate' type='text/html' href='https://200ok-weblog-test.blogspot.com/2012/10/food-truck-bespoke-single-origin-coffee.html' title='food truck bespoke single-origin coffee'/><author><name>200ok</name><uri>https://www.blogger.com/profile/03236705748240585685</uri><email>noreply@blogger.com</email><gd:image rel='http://schemas.google.com/g/2005#thumbnail' width='32' height='32' src='//www.200ok.com.au/avatar.jpg'/></author></entry><entry><id>tag:blogger.com,1999:blog-8208713778176397612.page-6004196633005701443</id><published>2015-04-19T21:58:00.000+10:00</published><updated>2015-04-19T21:58:46.814+10:00</updated><category scheme='http://schemas.google.com/g/2005#kind' term='http://schemas.google.com/blogger/2008/kind#page'/><title type='text'>Contact</title><content type='html'>&lt;div id="wufoo-x10vfcam1fu43x3"&gt;&lt;a href="https://200ok.wufoo.com/forms/x10vfcam1fu43x3"&gt;online form&lt;/a&gt;&lt;/div&gt;&lt;script type="text/javascript"&gt;var x10vfcam1fu43x3;(function(d, t) { var s = d.createElement(t), options = { 'userName':'200ok','formHash':'x10vfcam1fu43x3','autoResize':true,'height':'500','async':true,'host':'wufoo.com','header':'show','ssl':true }; s.src = ('https:' == d.location.protocol ? 'https://' : 'http://') + 'www.wufoo.com/scripts/embed/form.js'; s.onload = s.onreadystatechange = function() { var rs = this.readyState; if (rs) if (rs != 'complete') if (rs != 'loaded') return; try { x10vfcam1fu43x3 = new WufooForm();x10vfcam1fu43x3.initialize(options);x10vfcam1fu43x3.display(); } catch (e) {}}; var scr = d.getElementsByTagName(t)[0], par = scr.parentNode; par.insertBefore(s, scr); })(document, 'script');&lt;/script&gt;  &lt;!-- &lt;form name="contact-form"&gt;  &lt;div&gt;  &lt;label for="ContactForm1_contact-form-name"&gt;Your name:&lt;/label&gt;&lt;br&gt;  &lt;input class="contact-form-name" id="ContactForm1_contact-form-name" name="name" size="30" value="" type="text" /&gt;   &lt;/div&gt;  &lt;div&gt;  &lt;label for="ContactForm1_contact-form-email"&gt;Your email &lt;abbr title="Required"&gt;*&lt;/abbr&gt;:&lt;/label&gt;&lt;br&gt;  &lt;input class="contact-form-email" id="ContactForm1_contact-form-email" name="email" size="30" value="" type="text" /&gt; &lt;/div&gt;  &lt;div&gt;  &lt;label for="ContactForm1_contact-form-email-message"&gt;Your message &lt;abbr title="Required"&gt;*&lt;/abbr&gt;:&lt;/label&gt;&lt;br&gt;  &lt;textarea class="contact-form-email-message"  id="ContactForm1_contact-form-email-message" name="email-message" cols="25" rows="5"&gt;&lt;/textarea&gt;   &lt;/div&gt;  &lt;div&gt;  &lt;input class="contact-form-button contact-form-button-submit" id="ContactForm1_contact-form-submit" value="Send" type="button" /&gt;  &lt;p class="contact-form-error-message" id="ContactForm1_contact-form-error-message"&gt;&lt;/p&gt;  &lt;p class="contact-form-success-message" id="ContactForm1_contact-form-success-message"&gt;&lt;/p&gt; &lt;/div&gt; &lt;/form&gt;--&gt;</content><link rel='edit' type='application/atom+xml' href='https://www.blogger.com/feeds/8208713778176397612/pages/default/6004196633005701443'/><link rel='self' type='application/atom+xml' href='https://www.blogger.com/feeds/8208713778176397612/pages/default/6004196633005701443'/><link rel='alternate' type='text/html' href='http://200ok-weblog-test.blogspot.com/p/contact.html' title='Contact'/><author><name>200ok</name><uri>https://www.blogger.com/profile/03236705748240585685</uri><email>noreply@blogger.com</email><gd:image rel='http://schemas.google.com/g/2005#thumbnail' width='32' height='32' src='//www.200ok.com.au/avatar.jpg'/></author></entry><entry><id>tag:blogger.com,1999:blog-8208713778176397612.page-7838997451104070268</id><published>2012-11-01T22:52:00.001+11:00</published><updated>2012-11-01T22:52:41.770+11:00</updated><category scheme='http://schemas.google.com/g/2005#kind' term='http://schemas.google.com/blogger/2008/kind#page'/><title type='text'>About This Blog</title><content type='html'>&lt;p&gt;Foo&lt;/p&gt;</content><link rel='edit' type='application/atom+xml' href='https://www.blogger.com/feeds/8208713778176397612/pages/default/7838997451104070268'/><link rel='self' type='application/atom+xml' href='https://www.blogger.com/feeds/8208713778176397612/pages/default/7838997451104070268'/><link rel='alternate' type='text/html' href='http://200ok-weblog-test.blogspot.com/p/about-this-blog.html' title='About This Blog'/><author><name>200ok</name><uri>https://www.blogger.com/profile/03236705748240585685</uri><email>noreply@blogger.com</email><gd:image rel='http://schemas.google.com/g/2005#thumbnail' width='32' height='32' src='//www.200ok.com.au/avatar.jpg'/></author></entry><entry><id>tag:blogger.com,1999:blog-8208713778176397612.post-4427771335982415454</id><published>2012-11-05T00:15:05.941+11:00</published><updated>2012-11-05T00:15:05.941+11:00</updated><category scheme='http://schemas.google.com/g/2005#kind' term='http://schemas.google.com/blogger/2008/kind#comment'/><title type='text'>Test comment 1</title><content type='html'>Test comment 1</content><link rel='edit' type='application/atom+xml' href='https://www.blogger.com/feeds/8208713778176397612/4049156646748610070/comments/default/4427771335982415454'/><link rel='self' type='application/atom+xml' href='https://www.blogger.com/feeds/8208713778176397612/4049156646748610070/comments/default/4427771335982415454'/><link rel='alternate' type='text/html' href='http://200ok-weblog-test.blogspot.com/2012/10/semiotics-hoodie.html?showComment=1352034905941#c4427771335982415454' title=''/><author><name>200ok</name><uri>https://www.blogger.com/profile/03236705748240585685</uri><email>noreply@blogger.com</email><gd:image rel='http://schemas.google.com/g/2005#thumbnail' width='32' height='32' src='//www.200ok.com.au/avatar.jpg'/></author><thr:in-reply-to href='https://200ok-weblog-test.blogspot.com/2012/10/semiotics-hoodie.html' ref='tag:blogger.com,1999:blog-8208713778176397612.post-4049156646748610070' source='https://www.blogger.com/feeds/8208713778176397612/posts/default/4049156646748610070' type='text/html'/><gd:extendedProperty name='blogger.itemClass' value='pid-1423736593'/><gd:extendedProperty name='blogger.displayTime' value='5 November 2012 at 00:15'/></entry><entry><id>tag:blogger.com,1999:blog-8208713778176397612.post-9194569436234002269</id><published>2012-11-05T00:15:19.753+11:00</published><updated>2012-11-05T00:15:19.753+11:00</updated><category scheme='http://schemas.google.com/g/2005#kind' term='http://schemas.google.com/blogger/2008/kind#comment'/><title type='text'>Reply to test comment 1</title><content type='html'>Reply to test comment 1</content><link rel='edit' type='application/atom+xml' href='https://www.blogger.com/feeds/8208713778176397612/4049156646748610070/comments/default/9194569436234002269'/><link rel='self' type='application/atom+xml' href='https://www.blogger.com/feeds/8208713778176397612/4049156646748610070/comments/default/9194569436234002269'/><link rel='alternate' type='text/html' href='http://200ok-weblog-test.blogspot.com/2012/10/semiotics-hoodie.html?showComment=1352034919753#c9194569436234002269' title=''/><link rel='related' type='application/atom+xml' href='https://www.blogger.com/feeds/8208713778176397612/4049156646748610070/comments/default/4427771335982415454'/><author><name>200ok</name><uri>https://www.blogger.com/profile/03236705748240585685</uri><email>noreply@blogger.com</email><gd:image rel='http://schemas.google.com/g/2005#thumbnail' width='32' height='32' src='//www.200ok.com.au/avatar.jpg'/></author><thr:in-reply-to href='https://200ok-weblog-test.blogspot.com/2012/10/semiotics-hoodie.html' ref='tag:blogger.com,1999:blog-8208713778176397612.post-4049156646748610070' source='https://www.blogger.com/feeds/8208713778176397612/posts/default/4049156646748610070' type='text/html'/><gd:extendedProperty name='blogger.itemClass' value='pid-1423736593'/><gd:extendedProperty name='blogger.displayTime' value='5 November 2012 at 00:15'/></entry><entry><id>tag:blogger.com,1999:blog-8208713778176397612.post-5321406067876946484</id><published>2012-11-05T00:15:29.199+11:00</published><updated>2012-11-05T00:15:29.199+11:00</updated><category scheme='http://schemas.google.com/g/2005#kind' term='http://schemas.google.com/blogger/2008/kind#comment'/><title type='text'>Test comment 2</title><content type='html'>Test comment 2</content><link rel='edit' type='application/atom+xml' href='https://www.blogger.com/feeds/8208713778176397612/4049156646748610070/comments/default/5321406067876946484'/><link rel='self' type='application/atom+xml' href='https://www.blogger.com/feeds/8208713778176397612/4049156646748610070/comments/default/5321406067876946484'/><link rel='alternate' type='text/html' href='http://200ok-weblog-test.blogspot.com/2012/10/semiotics-hoodie.html?showComment=1352034929199#c5321406067876946484' title=''/><author><name>200ok</name><uri>https://www.blogger.com/profile/03236705748240585685</uri><email>noreply@blogger.com</email><gd:image rel='http://schemas.google.com/g/2005#thumbnail' width='32' height='32' src='//www.200ok.com.au/avatar.jpg'/></author><thr:in-reply-to href='https://200ok-weblog-test.blogspot.com/2012/10/semiotics-hoodie.html' ref='tag:blogger.com,1999:blog-8208713778176397612.post-4049156646748610070' source='https://www.blogger.com/feeds/8208713778176397612/posts/default/4049156646748610070' type='text/html'/><gd:extendedProperty name='blogger.itemClass' value='pid-1423736593'/><gd:extendedProperty name='blogger.displayTime' value='5 November 2012 at 00:15'/></entry><entry><id>tag:blogger.com,1999:blog-8208713778176397612.post-7071214881861130764</id><published>2012-11-16T23:33:55.580+11:00</published><updated>2012-11-16T23:33:55.580+11:00</updated><category scheme='http://schemas.google.com/g/2005#kind' term='http://schemas.google.com/blogger/2008/kind#comment'/><title type='text'>Body of reply to test comment 2.</title><content type='html'>Body of reply to test comment 2.</content><link rel='edit' type='application/atom+xml' href='https://www.blogger.com/feeds/8208713778176397612/4049156646748610070/comments/default/7071214881861130764'/><link rel='self' type='application/atom+xml' href='https://www.blogger.com/feeds/8208713778176397612/4049156646748610070/comments/default/7071214881861130764'/><link rel='alternate' type='text/html' href='http://200ok-weblog-test.blogspot.com/2012/10/semiotics-hoodie.html?showComment=1353069235580#c7071214881861130764' title=''/><link rel='related' type='application/atom+xml' href='https://www.blogger.com/feeds/8208713778176397612/4049156646748610070/comments/default/5321406067876946484'/><author><name>200ok</name><uri>https://www.blogger.com/profile/03236705748240585685</uri><email>noreply@blogger.com</email><gd:image rel='http://schemas.google.com/g/2005#thumbnail' width='32' height='32' src='//www.200ok.com.au/avatar.jpg'/></author><thr:in-reply-to href='https://200ok-weblog-test.blogspot.com/2012/10/semiotics-hoodie.html' ref='tag:blogger.com,1999:blog-8208713778176397612.post-4049156646748610070' source='https://www.blogger.com/feeds/8208713778176397612/posts/default/4049156646748610070' type='text/html'/><gd:extendedProperty name='blogger.itemClass' value='pid-1423736593'/><gd:extendedProperty name='blogger.displayTime' value='16 November 2012 at 23:33'/></entry><entry><id>tag:blogger.com,1999:blog-8208713778176397612.post-703733974599135651</id><published>2012-11-16T23:34:17.462+11:00</published><updated>2012-11-16T23:34:17.462+11:00</updated><category scheme='http://schemas.google.com/g/2005#kind' term='http://schemas.google.com/blogger/2008/kind#comment'/><title type='text'>Test comment 3.</title><content type='html'>Test comment 3.</content><link rel='edit' type='application/atom+xml' href='https://www.blogger.com/feeds/8208713778176397612/4049156646748610070/comments/default/703733974599135651'/><link rel='self' type='application/atom+xml' href='https://www.blogger.com/feeds/8208713778176397612/4049156646748610070/comments/default/703733974599135651'/><link rel='alternate' type='text/html' href='http://200ok-weblog-test.blogspot.com/2012/10/semiotics-hoodie.html?showComment=1353069257462#c703733974599135651' title=''/><author><name>200ok</name><uri>https://www.blogger.com/profile/03236705748240585685</uri><email>noreply@blogger.com</email><gd:image rel='http://schemas.google.com/g/2005#thumbnail' width='32' height='32' src='//www.200ok.com.au/avatar.jpg'/></author><thr:in-reply-to href='https://200ok-weblog-test.blogspot.com/2012/10/semiotics-hoodie.html' ref='tag:blogger.com,1999:blog-8208713778176397612.post-4049156646748610070' source='https://www.blogger.com/feeds/8208713778176397612/posts/default/4049156646748610070' type='text/html'/><gd:extendedProperty name='blogger.itemClass' value='pid-1423736593'/><gd:extendedProperty name='blogger.displayTime' value='16 November 2012 at 23:34'/></entry><entry><id>tag:blogger.com,1999:blog-8208713778176397612.post-7872405309194510957</id><published>2012-11-16T23:38:03.683+11:00</published><updated>2012-11-16T23:38:03.683+11:00</updated><category scheme='http://schemas.google.com/g/2005#kind' term='http://schemas.google.com/blogger/2008/kind#comment'/><title type='text'>Reply to comment 1 added after comment 3 was added...</title><content type='html'>Reply to comment 1 added after comment 3 was added.</content><link rel='edit' type='application/atom+xml' href='https://www.blogger.com/feeds/8208713778176397612/4049156646748610070/comments/default/7872405309194510957'/><link rel='self' type='application/atom+xml' href='https://www.blogger.com/feeds/8208713778176397612/4049156646748610070/comments/default/7872405309194510957'/><link rel='alternate' type='text/html' href='http://200ok-weblog-test.blogspot.com/2012/10/semiotics-hoodie.html?showComment=1353069483683#c7872405309194510957' title=''/><link rel='related' type='application/atom+xml' href='https://www.blogger.com/feeds/8208713778176397612/4049156646748610070/comments/default/4427771335982415454'/><author><name>200ok</name><uri>https://www.blogger.com/profile/03236705748240585685</uri><email>noreply@blogger.com</email><gd:image rel='http://schemas.google.com/g/2005#thumbnail' width='32' height='32' src='//www.200ok.com.au/avatar.jpg'/></author><thr:in-reply-to href='https://200ok-weblog-test.blogspot.com/2012/10/semiotics-hoodie.html' ref='tag:blogger.com,1999:blog-8208713778176397612.post-4049156646748610070' source='https://www.blogger.com/feeds/8208713778176397612/posts/default/4049156646748610070' type='text/html'/><gd:extendedProperty name='blogger.itemClass' value='pid-1423736593'/><gd:extendedProperty name='blogger.displayTime' value='16 November 2012 at 23:38'/></entry></feed>